<?xml version="1.0" encoding="UTF-8"?>
<testsuite xmlns:xsi="http://www.w3.org/2001/XMLSchema-instance" xsi:noNamespaceSchemaLocation="https://maven.apache.org/surefire/maven-surefire-plugin/xsd/surefire-test-report-3.0.xsd" version="3.0" name="de.berlin.htw.boundary.UserResourceTest" time="0.396" tests="3" errors="0" skipped="0" failures="0">
  <properties>
    <property name="java.specification.version" value="20"/>
    <property name="sun.cpu.isalist" value="amd64"/>
    <property name="sun.jnu.encoding" value="Cp1252"/>
    <property name="test.url" value="http://localhost:8081"/>
    <property name="java.class.path" value="C:\Users\lenna\Programming\verteilte-anwendungen-lab2\backend\target\test-classes;C:\Users\lenna\Programming\verteilte-anwendungen-lab2\backend\target\classes;C:\Users\lenna\Programming\verteilte-anwendungen-lab2\library\target\library-1.0.0-SNAPSHOT.jar;C:\Users\lenna\.m2\repository\org\eclipse\microprofile\openapi\microprofile-openapi-api\2.0.1\microprofile-openapi-api-2.0.1.jar;C:\Users\lenna\Programming\verteilte-anwendungen-lab2\frontend\target\frontend-webapp.jar;C:\Users\lenna\.m2\repository\javax\ws\rs\javax.ws.rs-api\2.1\javax.ws.rs-api-2.1.jar;C:\Users\lenna\.m2\repository\io\quarkus\quarkus-resteasy\2.16.6.Final\quarkus-resteasy-2.16.6.Final.jar;C:\Users\lenna\.m2\repository\io\quarkus\quarkus-vertx-http\2.16.6.Final\quarkus-vertx-http-2.16.6.Final.jar;C:\Users\lenna\.m2\repository\io\quarkus\quarkus-security-runtime-spi\2.16.6.Final\quarkus-security-runtime-spi-2.16.6.Final.jar;C:\Users\lenna\.m2\repository\io\quarkus\quarkus-credentials\2.16.6.Final\quarkus-credentials-2.16.6.Final.jar;C:\Users\lenna\.m2\repository\io\quarkus\quarkus-mutiny\2.16.6.Final\quarkus-mutiny-2.16.6.Final.jar;C:\Users\lenna\.m2\repository\io\quarkus\quarkus-smallrye-context-propagation\2.16.6.Final\quarkus-smallrye-context-propagation-2.16.6.Final.jar;C:\Users\lenna\.m2\repository\io\smallrye\smallrye-context-propagation\1.2.2\smallrye-context-propagation-1.2.2.jar;C:\Users\lenna\.m2\repository\io\smallrye\smallrye-context-propagation-api\1.2.2\smallrye-context-propagation-api-1.2.2.jar;C:\Users\lenna\.m2\repository\io\smallrye\smallrye-context-propagation-storage\1.2.2\smallrye-context-propagation-storage-1.2.2.jar;C:\Users\lenna\.m2\repository\io\smallrye\reactive\mutiny-smallrye-context-propagation\1.9.0\mutiny-smallrye-context-propagation-1.9.0.jar;C:\Users\lenna\.m2\repository\io\smallrye\common\smallrye-common-vertx-context\1.13.2\smallrye-common-vertx-context-1.13.2.jar;C:\Users\lenna\.m2\repository\io\vertx\vertx-core\4.3.7\vertx-core-4.3.7.jar;C:\Users\lenna\.m2\repository\io\netty\netty-common\4.1.86.Final\netty-common-4.1.86.Final.jar;C:\Users\lenna\.m2\repository\io\netty\netty-buffer\4.1.86.Final\netty-buffer-4.1.86.Final.jar;C:\Users\lenna\.m2\repository\io\netty\netty-transport\4.1.86.Final\netty-transport-4.1.86.Final.jar;C:\Users\lenna\.m2\repository\io\netty\netty-handler\4.1.86.Final\netty-handler-4.1.86.Final.jar;C:\Users\lenna\.m2\repository\io\netty\netty-transport-native-unix-common\4.1.86.Final\netty-transport-native-unix-common-4.1.86.Final.jar;C:\Users\lenna\.m2\repository\io\netty\netty-handler-proxy\4.1.86.Final\netty-handler-proxy-4.1.86.Final.jar;C:\Users\lenna\.m2\repository\io\netty\netty-codec-socks\4.1.86.Final\netty-codec-socks-4.1.86.Final.jar;C:\Users\lenna\.m2\repository\io\netty\netty-codec-http\4.1.86.Final\netty-codec-http-4.1.86.Final.jar;C:\Users\lenna\.m2\repository\io\netty\netty-codec-http2\4.1.86.Final\netty-codec-http2-4.1.86.Final.jar;C:\Users\lenna\.m2\repository\io\netty\netty-resolver\4.1.86.Final\netty-resolver-4.1.86.Final.jar;C:\Users\lenna\.m2\repository\io\netty\netty-resolver-dns\4.1.86.Final\netty-resolver-dns-4.1.86.Final.jar;C:\Users\lenna\.m2\repository\io\netty\netty-codec-dns\4.1.86.Final\netty-codec-dns-4.1.86.Final.jar;C:\Users\lenna\.m2\repository\com\fasterxml\jackson\core\jackson-core\2.14.2\jackson-core-2.14.2.jar;C:\Users\lenna\.m2\repository\io\smallrye\common\smallrye-common-constraint\1.13.2\smallrye-common-constraint-1.13.2.jar;C:\Users\lenna\.m2\repository\io\quarkus\quarkus-vertx-http-dev-console-runtime-spi\2.16.6.Final\quarkus-vertx-http-dev-console-runtime-spi-2.16.6.Final.jar;C:\Users\lenna\.m2\repository\io\quarkus\security\quarkus-security\1.1.4.Final\quarkus-security-1.1.4.Final.jar;C:\Users\lenna\.m2\repository\io\quarkus\quarkus-vertx\2.16.6.Final\quarkus-vertx-2.16.6.Final.jar;C:\Users\lenna\.m2\repository\io\quarkus\quarkus-netty\2.16.6.Final\quarkus-netty-2.16.6.Final.jar;C:\Users\lenna\.m2\repository\io\netty\netty-codec\4.1.86.Final\netty-codec-4.1.86.Final.jar;C:\Users\lenna\.m2\repository\com\aayushatharva\brotli4j\brotli4j\1.8.0\brotli4j-1.8.0.jar;C:\Users\lenna\.m2\repository\com\aayushatharva\brotli4j\native-windows-x86_64\1.8.0\native-windows-x86_64-1.8.0.jar;C:\Users\lenna\.m2\repository\io\netty\netty-codec-haproxy\4.1.86.Final\netty-codec-haproxy-4.1.86.Final.jar;C:\Users\lenna\.m2\repository\io\smallrye\common\smallrye-common-annotation\1.13.2\smallrye-common-annotation-1.13.2.jar;C:\Users\lenna\.m2\repository\io\quarkus\quarkus-vertx-latebound-mdc-provider\2.16.6.Final\quarkus-vertx-latebound-mdc-provider-2.16.6.Final.jar;C:\Users\lenna\.m2\repository\io\smallrye\reactive\smallrye-mutiny-vertx-core\2.30.1\smallrye-mutiny-vertx-core-2.30.1.jar;C:\Users\lenna\.m2\repository\io\smallrye\reactive\smallrye-mutiny-vertx-runtime\2.30.1\smallrye-mutiny-vertx-runtime-2.30.1.jar;C:\Users\lenna\.m2\repository\io\smallrye\reactive\vertx-mutiny-generator\2.30.1\vertx-mutiny-generator-2.30.1.jar;C:\Users\lenna\.m2\repository\io\vertx\vertx-codegen\4.3.7\vertx-codegen-4.3.7.jar;C:\Users\lenna\.m2\repository\io\smallrye\smallrye-fault-tolerance-vertx\5.6.0\smallrye-fault-tolerance-vertx-5.6.0.jar;C:\Users\lenna\.m2\repository\io\smallrye\reactive\smallrye-mutiny-vertx-web\2.30.1\smallrye-mutiny-vertx-web-2.30.1.jar;C:\Users\lenna\.m2\repository\io\smallrye\reactive\smallrye-mutiny-vertx-web-common\2.30.1\smallrye-mutiny-vertx-web-common-2.30.1.jar;C:\Users\lenna\.m2\repository\io\smallrye\reactive\smallrye-mutiny-vertx-auth-common\2.30.1\smallrye-mutiny-vertx-auth-common-2.30.1.jar;C:\Users\lenna\.m2\repository\io\smallrye\reactive\smallrye-mutiny-vertx-bridge-common\2.30.1\smallrye-mutiny-vertx-bridge-common-2.30.1.jar;C:\Users\lenna\.m2\repository\io\smallrye\reactive\smallrye-mutiny-vertx-uri-template\2.30.1\smallrye-mutiny-vertx-uri-template-2.30.1.jar;C:\Users\lenna\.m2\repository\io\vertx\vertx-uri-template\4.3.7\vertx-uri-template-4.3.7.jar;C:\Users\lenna\.m2\repository\io\vertx\vertx-web\4.3.7\vertx-web-4.3.7.jar;C:\Users\lenna\.m2\repository\io\vertx\vertx-web-common\4.3.7\vertx-web-common-4.3.7.jar;C:\Users\lenna\.m2\repository\io\vertx\vertx-auth-common\4.3.7\vertx-auth-common-4.3.7.jar;C:\Users\lenna\.m2\repository\io\vertx\vertx-bridge-common\4.3.7\vertx-bridge-common-4.3.7.jar;C:\Users\lenna\.m2\repository\io\github\crac\org-crac\0.1.3\org-crac-0.1.3.jar;C:\Users\lenna\.m2\repository\io\quarkus\quarkus-resteasy-server-common\2.16.6.Final\quarkus-resteasy-server-common-2.16.6.Final.jar;C:\Users\lenna\.m2\repository\io\quarkus\quarkus-resteasy-common\2.16.6.Final\quarkus-resteasy-common-2.16.6.Final.jar;C:\Users\lenna\.m2\repository\org\jboss\resteasy\resteasy-core\4.7.7.Final\resteasy-core-4.7.7.Final.jar;C:\Users\lenna\.m2\repository\org\jboss\resteasy\resteasy-core-spi\4.7.7.Final\resteasy-core-spi-4.7.7.Final.jar;C:\Users\lenna\.m2\repository\com\ibm\async\asyncutil\0.1.0\asyncutil-0.1.0.jar;C:\Users\lenna\.m2\repository\jakarta\validation\jakarta.validation-api\2.0.2\jakarta.validation-api-2.0.2.jar;C:\Users\lenna\.m2\repository\io\quarkus\quarkus-resteasy-jsonb\2.16.6.Final\quarkus-resteasy-jsonb-2.16.6.Final.jar;C:\Users\lenna\.m2\repository\io\quarkus\quarkus-jsonb\2.16.6.Final\quarkus-jsonb-2.16.6.Final.jar;C:\Users\lenna\.m2\repository\org\eclipse\yasson\1.0.11\yasson-1.0.11.jar;C:\Users\lenna\.m2\repository\io\quarkus\quarkus-jsonp\2.16.6.Final\quarkus-jsonp-2.16.6.Final.jar;C:\Users\lenna\.m2\repository\org\glassfish\jakarta.json\1.1.6\jakarta.json-1.1.6.jar;C:\Users\lenna\.m2\repository\org\jboss\resteasy\resteasy-json-binding-provider\4.7.7.Final\resteasy-json-binding-provider-4.7.7.Final.jar;C:\Users\lenna\.m2\repository\jakarta\json\bind\jakarta.json.bind-api\1.0.2\jakarta.json.bind-api-1.0.2.jar;C:\Users\lenna\.m2\repository\org\jboss\logging\jboss-logging\3.5.0.Final\jboss-logging-3.5.0.Final.jar;C:\Users\lenna\.m2\repository\org\jboss\resteasy\resteasy-json-p-provider\4.7.7.Final\resteasy-json-p-provider-4.7.7.Final.jar;C:\Users\lenna\.m2\repository\commons-io\commons-io\2.11.0\commons-io-2.11.0.jar;C:\Users\lenna\.m2\repository\io\quarkus\quarkus-hibernate-orm\2.16.6.Final\quarkus-hibernate-orm-2.16.6.Final.jar;C:\Users\lenna\.m2\repository\io\quarkus\quarkus-core\2.16.6.Final\quarkus-core-2.16.6.Final.jar;C:\Users\lenna\.m2\repository\jakarta\annotation\jakarta.annotation-api\1.3.5\jakarta.annotation-api-1.3.5.jar;C:\Users\lenna\.m2\repository\jakarta\enterprise\jakarta.enterprise.cdi-api\2.0.2\jakarta.enterprise.cdi-api-2.0.2.jar;C:\Users\lenna\.m2\repository\jakarta\el\jakarta.el-api\3.0.3\jakarta.el-api-3.0.3.jar;C:\Users\lenna\.m2\repository\jakarta\interceptor\jakarta.interceptor-api\1.2.5\jakarta.interceptor-api-1.2.5.jar;C:\Users\lenna\.m2\repository\jakarta\inject\jakarta.inject-api\1.0\jakarta.inject-api-1.0.jar;C:\Users\lenna\.m2\repository\io\quarkus\quarkus-ide-launcher\2.16.6.Final\quarkus-ide-launcher-2.16.6.Final.jar;C:\Users\lenna\.m2\repository\io\quarkus\quarkus-development-mode-spi\2.16.6.Final\quarkus-development-mode-spi-2.16.6.Final.jar;C:\Users\lenna\.m2\repository\io\smallrye\config\smallrye-config\2.13.3\smallrye-config-2.13.3.jar;C:\Users\lenna\.m2\repository\io\smallrye\config\smallrye-config-core\2.13.3\smallrye-config-core-2.13.3.jar;C:\Users\lenna\.m2\repository\org\eclipse\microprofile\config\microprofile-config-api\2.0.1\microprofile-config-api-2.0.1.jar;C:\Users\lenna\.m2\repository\io\smallrye\common\smallrye-common-expression\1.13.2\smallrye-common-expression-1.13.2.jar;C:\Users\lenna\.m2\repository\io\smallrye\common\smallrye-common-function\1.13.2\smallrye-common-function-1.13.2.jar;C:\Users\lenna\.m2\repository\io\smallrye\common\smallrye-common-classloader\1.13.2\smallrye-common-classloader-1.13.2.jar;C:\Users\lenna\.m2\repository\io\smallrye\config\smallrye-config-common\2.13.3\smallrye-config-common-2.13.3.jar;C:\Users\lenna\.m2\repository\org\jboss\logmanager\jboss-logmanager-embedded\1.0.11\jboss-logmanager-embedded-1.0.11.jar;C:\Users\lenna\.m2\repository\org\jboss\logging\jboss-logging-annotations\2.2.1.Final\jboss-logging-annotations-2.2.1.Final.jar;C:\Users\lenna\.m2\repository\org\jboss\threads\jboss-threads\3.4.3.Final\jboss-threads-3.4.3.Final.jar;C:\Users\lenna\.m2\repository\org\slf4j\slf4j-api\1.7.36\slf4j-api-1.7.36.jar;C:\Users\lenna\.m2\repository\org\jboss\slf4j\slf4j-jboss-logmanager\1.2.0.Final\slf4j-jboss-logmanager-1.2.0.Final.jar;C:\Users\lenna\.m2\repository\org\graalvm\sdk\graal-sdk\22.3.0\graal-sdk-22.3.0.jar;C:\Users\lenna\.m2\repository\org\wildfly\common\wildfly-common\1.5.4.Final-format-001\wildfly-common-1.5.4.Final-format-001.jar;C:\Users\lenna\.m2\repository\io\quarkus\quarkus-bootstrap-runner\2.16.6.Final\quarkus-bootstrap-runner-2.16.6.Final.jar;C:\Users\lenna\.m2\repository\io\quarkus\quarkus-fs-util\0.0.9\quarkus-fs-util-0.0.9.jar;C:\Users\lenna\.m2\repository\io\quarkus\quarkus-agroal\2.16.6.Final\quarkus-agroal-2.16.6.Final.jar;C:\Users\lenna\.m2\repository\io\quarkus\quarkus-datasource\2.16.6.Final\quarkus-datasource-2.16.6.Final.jar;C:\Users\lenna\.m2\repository\io\agroal\agroal-api\1.17\agroal-api-1.17.jar;C:\Users\lenna\.m2\repository\io\agroal\agroal-narayana\1.17\agroal-narayana-1.17.jar;C:\Users\lenna\.m2\repository\org\jboss\jboss-transaction-spi\7.6.0.Final\jboss-transaction-spi-7.6.0.Final.jar;C:\Users\lenna\.m2\repository\io\agroal\agroal-pool\1.17\agroal-pool-1.17.jar;C:\Users\lenna\.m2\repository\io\quarkus\quarkus-narayana-jta\2.16.6.Final\quarkus-narayana-jta-2.16.6.Final.jar;C:\Users\lenna\.m2\repository\io\quarkus\quarkus-transaction-annotations\2.16.6.Final\quarkus-transaction-annotations-2.16.6.Final.jar;C:\Users\lenna\.m2\repository\io\smallrye\smallrye-context-propagation-jta\1.2.2\smallrye-context-propagation-jta-1.2.2.jar;C:\Users\lenna\.m2\repository\io\smallrye\reactive\smallrye-reactive-converter-api\2.7.0\smallrye-reactive-converter-api-2.7.0.jar;C:\Users\lenna\.m2\repository\org\reactivestreams\reactive-streams\1.0.3\reactive-streams-1.0.3.jar;C:\Users\lenna\.m2\repository\io\smallrye\reactive\smallrye-reactive-converter-mutiny\2.7.0\smallrye-reactive-converter-mutiny-2.7.0.jar;C:\Users\lenna\.m2\repository\org\jboss\narayana\jta\narayana-jta\5.13.1.Final\narayana-jta-5.13.1.Final.jar;C:\Users\lenna\.m2\repository\org\jboss\spec\javax\resource\jboss-connector-api_1.7_spec\1.0.0.Final\jboss-connector-api_1.7_spec-1.0.0.Final.jar;C:\Users\lenna\.m2\repository\org\jboss\narayana\jts\narayana-jts-integration\5.13.1.Final\narayana-jts-integration-5.13.1.Final.jar;C:\Users\lenna\.m2\repository\org\hibernate\hibernate-core\5.6.15.Final\hibernate-core-5.6.15.Final.jar;C:\Users\lenna\.m2\repository\net\bytebuddy\byte-buddy\1.12.18\byte-buddy-1.12.18.jar;C:\Users\lenna\.m2\repository\antlr\antlr\2.7.7\antlr-2.7.7.jar;C:\Users\lenna\.m2\repository\com\fasterxml\classmate\1.5.1\classmate-1.5.1.jar;C:\Users\lenna\.m2\repository\org\hibernate\common\hibernate-commons-annotations\5.1.2.Final\hibernate-commons-annotations-5.1.2.Final.jar;C:\Users\lenna\.m2\repository\org\hibernate\hibernate-graalvm\5.6.15.Final\hibernate-graalvm-5.6.15.Final.jar;C:\Users\lenna\.m2\repository\org\glassfish\jaxb\jaxb-runtime\2.3.3-b02\jaxb-runtime-2.3.3-b02.jar;C:\Users\lenna\.m2\repository\org\glassfish\jaxb\txw2\2.3.3-b02\txw2-2.3.3-b02.jar;C:\Users\lenna\.m2\repository\com\sun\istack\istack-commons-runtime\3.0.10\istack-commons-runtime-3.0.10.jar;C:\Users\lenna\.m2\repository\com\sun\activation\jakarta.activation\1.2.1\jakarta.activation-1.2.1.jar;C:\Users\lenna\.m2\repository\org\jboss\spec\javax\xml\bind\jboss-jaxb-api_2.3_spec\2.0.0.Final\jboss-jaxb-api_2.3_spec-2.0.0.Final.jar;C:\Users\lenna\.m2\repository\jakarta\persistence\jakarta.persistence-api\2.2.3\jakarta.persistence-api-2.2.3.jar;C:\Users\lenna\.m2\repository\jakarta\transaction\jakarta.transaction-api\1.3.3\jakarta.transaction-api-1.3.3.jar;C:\Users\lenna\.m2\repository\org\hibernate\quarkus-local-cache\0.1.1\quarkus-local-cache-0.1.1.jar;C:\Users\lenna\.m2\repository\io\quarkus\quarkus-caffeine\2.16.6.Final\quarkus-caffeine-2.16.6.Final.jar;C:\Users\lenna\.m2\repository\com\github\ben-manes\caffeine\caffeine\3.1.1\caffeine-3.1.1.jar;C:\Users\lenna\.m2\repository\com\google\errorprone\error_prone_annotations\2.17.0\error_prone_annotations-2.17.0.jar;C:\Users\lenna\.m2\repository\io\quarkus\quarkus-hibernate-validator\2.16.6.Final\quarkus-hibernate-validator-2.16.6.Final.jar;C:\Users\lenna\.m2\repository\org\hibernate\validator\hibernate-validator\6.2.5.Final\hibernate-validator-6.2.5.Final.jar;C:\Users\lenna\.m2\repository\org\glassfish\jakarta.el\3.0.4\jakarta.el-3.0.4.jar;C:\Users\lenna\.m2\repository\io\smallrye\config\smallrye-config-validator\2.13.3\smallrye-config-validator-2.13.3.jar;C:\Users\lenna\.m2\repository\org\jboss\spec\javax\ws\rs\jboss-jaxrs-api_2.1_spec\2.0.1.Final\jboss-jaxrs-api_2.1_spec-2.0.1.Final.jar;C:\Users\lenna\.m2\repository\io\quarkus\quarkus-jdbc-mysql\2.16.6.Final\quarkus-jdbc-mysql-2.16.6.Final.jar;C:\Users\lenna\.m2\repository\mysql\mysql-connector-java\8.0.30\mysql-connector-java-8.0.30.jar;C:\Users\lenna\.m2\repository\io\quarkus\quarkus-liquibase\2.16.6.Final\quarkus-liquibase-2.16.6.Final.jar;C:\Users\lenna\.m2\repository\org\liquibase\liquibase-core\4.18.0\liquibase-core-4.18.0.jar;C:\Users\lenna\.m2\repository\com\opencsv\opencsv\5.7.1\opencsv-5.7.1.jar;C:\Users\lenna\.m2\repository\org\apache\commons\commons-text\1.10.0\commons-text-1.10.0.jar;C:\Users\lenna\.m2\repository\org\apache\commons\commons-collections4\4.4\commons-collections4-4.4.jar;C:\Users\lenna\.m2\repository\org\osgi\osgi.core\6.0.0\osgi.core-6.0.0.jar;C:\Users\lenna\.m2\repository\org\yaml\snakeyaml\1.33\snakeyaml-1.33.jar;C:\Users\lenna\.m2\repository\io\quarkus\quarkus-jaxb\2.16.6.Final\quarkus-jaxb-2.16.6.Final.jar;C:\Users\lenna\.m2\repository\io\quarkus\quarkus-jaxp\2.16.6.Final\quarkus-jaxp-2.16.6.Final.jar;C:\Users\lenna\.m2\repository\io\quarkus\quarkus-datasource-common\2.16.6.Final\quarkus-datasource-common-2.16.6.Final.jar;C:\Users\lenna\.m2\repository\io\quarkus\quarkus-arc\2.16.6.Final\quarkus-arc-2.16.6.Final.jar;C:\Users\lenna\.m2\repository\io\quarkus\arc\arc\2.16.6.Final\arc-2.16.6.Final.jar;C:\Users\lenna\.m2\repository\io\smallrye\reactive\mutiny\1.9.0\mutiny-1.9.0.jar;C:\Users\lenna\.m2\repository\org\eclipse\microprofile\context-propagation\microprofile-context-propagation-api\1.2\microprofile-context-propagation-api-1.2.jar;C:\Users\lenna\.m2\repository\io\quarkus\quarkus-junit5\2.16.6.Final\quarkus-junit5-2.16.6.Final.jar;C:\Users\lenna\.m2\repository\io\quarkus\quarkus-bootstrap-core\2.16.6.Final\quarkus-bootstrap-core-2.16.6.Final.jar;C:\Users\lenna\.m2\repository\io\quarkus\quarkus-bootstrap-app-model\2.16.6.Final\quarkus-bootstrap-app-model-2.16.6.Final.jar;C:\Users\lenna\.m2\repository\io\smallrye\common\smallrye-common-io\1.13.2\smallrye-common-io-1.13.2.jar;C:\Users\lenna\.m2\repository\org\eclipse\sisu\org.eclipse.sisu.inject\0.3.5\org.eclipse.sisu.inject-0.3.5.jar;C:\Users\lenna\.m2\repository\io\quarkus\quarkus-test-common\2.16.6.Final\quarkus-test-common-2.16.6.Final.jar;C:\Users\lenna\.m2\repository\io\quarkus\quarkus-core-deployment\2.16.6.Final\quarkus-core-deployment-2.16.6.Final.jar;C:\Users\lenna\.m2\repository\org\aesh\readline\2.2\readline-2.2.jar;C:\Users\lenna\.m2\repository\org\fusesource\jansi\jansi\1.18\jansi-1.18.jar;C:\Users\lenna\.m2\repository\org\aesh\aesh\2.7\aesh-2.7.jar;C:\Users\lenna\.m2\repository\io\quarkus\gizmo\gizmo\1.6.0.Final\gizmo-1.6.0.Final.jar;C:\Users\lenna\.m2\repository\org\ow2\asm\asm-util\9.4\asm-util-9.4.jar;C:\Users\lenna\.m2\repository\org\ow2\asm\asm-analysis\9.4\asm-analysis-9.4.jar;C:\Users\lenna\.m2\repository\org\ow2\asm\asm\9.4\asm-9.4.jar;C:\Users\lenna\.m2\repository\org\ow2\asm\asm-commons\9.4\asm-commons-9.4.jar;C:\Users\lenna\.m2\repository\org\ow2\asm\asm-tree\9.4\asm-tree-9.4.jar;C:\Users\lenna\.m2\repository\io\quarkus\quarkus-class-change-agent\2.16.6.Final\quarkus-class-change-agent-2.16.6.Final.jar;C:\Users\lenna\.m2\repository\io\quarkus\quarkus-devtools-utilities\2.16.6.Final\quarkus-devtools-utilities-2.16.6.Final.jar;C:\Users\lenna\.m2\repository\io\quarkus\quarkus-builder\2.16.6.Final\quarkus-builder-2.16.6.Final.jar;C:\Users\lenna\.m2\repository\org\junit\platform\junit-platform-launcher\1.9.2\junit-platform-launcher-1.9.2.jar;C:\Users\lenna\.m2\repository\io\quarkus\quarkus-bootstrap-maven-resolver\2.16.6.Final\quarkus-bootstrap-maven-resolver-2.16.6.Final.jar;C:\Users\lenna\.m2\repository\org\apache\maven\maven-embedder\3.8.6\maven-embedder-3.8.6.jar;C:\Users\lenna\.m2\repository\org\apache\maven\maven-settings\3.8.6\maven-settings-3.8.6.jar;C:\Users\lenna\.m2\repository\org\apache\maven\maven-core\3.8.6\maven-core-3.8.6.jar;C:\Users\lenna\.m2\repository\org\apache\maven\maven-artifact\3.8.6\maven-artifact-3.8.6.jar;C:\Users\lenna\.m2\repository\org\codehaus\plexus\plexus-component-annotations\2.1.0\plexus-component-annotations-2.1.0.jar;C:\Users\lenna\.m2\repository\org\apache\maven\maven-plugin-api\3.8.6\maven-plugin-api-3.8.6.jar;C:\Users\lenna\.m2\repository\org\apache\maven\maven-model\3.8.6\maven-model-3.8.6.jar;C:\Users\lenna\.m2\repository\org\apache\maven\maven-model-builder\3.8.6\maven-model-builder-3.8.6.jar;C:\Users\lenna\.m2\repository\org\apache\maven\maven-builder-support\3.8.6\maven-builder-support-3.8.6.jar;C:\Users\lenna\.m2\repository\org\apache\maven\resolver\maven-resolver-api\1.6.3\maven-resolver-api-1.6.3.jar;C:\Users\lenna\.m2\repository\org\apache\maven\resolver\maven-resolver-util\1.6.3\maven-resolver-util-1.6.3.jar;C:\Users\lenna\.m2\repository\org\apache\maven\shared\maven-shared-utils\3.3.4\maven-shared-utils-3.3.4.jar;C:\Users\lenna\.m2\repository\com\google\inject\guice\4.2.2\guice-4.2.2-no_aop.jar;C:\Users\lenna\.m2\repository\com\google\guava\guava\31.1-jre\guava-31.1-jre.jar;C:\Users\lenna\.m2\repository\com\google\guava\failureaccess\1.0.1\failureaccess-1.0.1.jar;C:\Users\lenna\.m2\repository\org\codehaus\plexus\plexus-classworlds\2.6.0\plexus-classworlds-2.6.0.jar;C:\Users\lenna\.m2\repository\org\codehaus\plexus\plexus-sec-dispatcher\2.0\plexus-sec-dispatcher-2.0.jar;C:\Users\lenna\.m2\repository\org\codehaus\plexus\plexus-cipher\2.0\plexus-cipher-2.0.jar;C:\Users\lenna\.m2\repository\commons-cli\commons-cli\1.4\commons-cli-1.4.jar;C:\Users\lenna\.m2\repository\org\eclipse\sisu\org.eclipse.sisu.plexus\0.3.5\org.eclipse.sisu.plexus-0.3.5.jar;C:\Users\lenna\.m2\repository\org\apache\maven\maven-settings-builder\3.8.6\maven-settings-builder-3.8.6.jar;C:\Users\lenna\.m2\repository\org\codehaus\plexus\plexus-interpolation\1.26\plexus-interpolation-1.26.jar;C:\Users\lenna\.m2\repository\org\apache\maven\maven-resolver-provider\3.8.6\maven-resolver-provider-3.8.6.jar;C:\Users\lenna\.m2\repository\org\apache\maven\maven-repository-metadata\3.8.6\maven-repository-metadata-3.8.6.jar;C:\Users\lenna\.m2\repository\org\apache\maven\resolver\maven-resolver-spi\1.6.3\maven-resolver-spi-1.6.3.jar;C:\Users\lenna\.m2\repository\org\apache\maven\resolver\maven-resolver-impl\1.6.3\maven-resolver-impl-1.6.3.jar;C:\Users\lenna\.m2\repository\org\codehaus\plexus\plexus-utils\3.3.0\plexus-utils-3.3.0.jar;C:\Users\lenna\.m2\repository\org\apache\maven\resolver\maven-resolver-connector-basic\1.6.3\maven-resolver-connector-basic-1.6.3.jar;C:\Users\lenna\.m2\repository\org\apache\maven\resolver\maven-resolver-transport-wagon\1.6.3\maven-resolver-transport-wagon-1.6.3.jar;C:\Users\lenna\.m2\repository\org\apache\maven\wagon\wagon-http\3.5.1\wagon-http-3.5.1.jar;C:\Users\lenna\.m2\repository\org\apache\maven\wagon\wagon-http-shared\3.5.1\wagon-http-shared-3.5.1.jar;C:\Users\lenna\.m2\repository\org\apache\maven\wagon\wagon-provider-api\3.5.1\wagon-provider-api-3.5.1.jar;C:\Users\lenna\.m2\repository\org\apache\maven\wagon\wagon-file\3.5.1\wagon-file-3.5.1.jar;C:\Users\lenna\.m2\repository\io\quarkus\quarkus-bootstrap-gradle-resolver\2.16.6.Final\quarkus-bootstrap-gradle-resolver-2.16.6.Final.jar;C:\Users\lenna\.m2\repository\io\smallrye\jandex\3.0.5\jandex-3.0.5.jar;C:\Users\lenna\.m2\repository\org\jboss\logging\commons-logging-jboss-logging\1.0.0.Final\commons-logging-jboss-logging-1.0.0.Final.jar;C:\Users\lenna\.m2\repository\io\quarkus\quarkus-junit5-properties\2.16.6.Final\quarkus-junit5-properties-2.16.6.Final.jar;C:\Users\lenna\.m2\repository\org\junit\jupiter\junit-jupiter\5.9.2\junit-jupiter-5.9.2.jar;C:\Users\lenna\.m2\repository\org\junit\jupiter\junit-jupiter-api\5.9.2\junit-jupiter-api-5.9.2.jar;C:\Users\lenna\.m2\repository\org\opentest4j\opentest4j\1.2.0\opentest4j-1.2.0.jar;C:\Users\lenna\.m2\repository\org\junit\platform\junit-platform-commons\1.9.2\junit-platform-commons-1.9.2.jar;C:\Users\lenna\.m2\repository\org\apiguardian\apiguardian-api\1.1.2\apiguardian-api-1.1.2.jar;C:\Users\lenna\.m2\repository\org\junit\jupiter\junit-jupiter-params\5.9.2\junit-jupiter-params-5.9.2.jar;C:\Users\lenna\.m2\repository\org\junit\jupiter\junit-jupiter-engine\5.9.2\junit-jupiter-engine-5.9.2.jar;C:\Users\lenna\.m2\repository\org\junit\platform\junit-platform-engine\1.9.2\junit-platform-engine-1.9.2.jar;C:\Users\lenna\.m2\repository\com\thoughtworks\xstream\xstream\1.4.20\xstream-1.4.20.jar;C:\Users\lenna\.m2\repository\io\github\x-stream\mxparser\1.2.2\mxparser-1.2.2.jar;C:\Users\lenna\.m2\repository\xmlpull\xmlpull\1.1.3.1\xmlpull-1.1.3.1.jar;C:\Users\lenna\.m2\repository\io\rest-assured\rest-assured\4.5.1\rest-assured-4.5.1.jar;C:\Users\lenna\.m2\repository\org\codehaus\groovy\groovy\3.0.9\groovy-3.0.9.jar;C:\Users\lenna\.m2\repository\org\codehaus\groovy\groovy-xml\3.0.9\groovy-xml-3.0.9.jar;C:\Users\lenna\.m2\repository\org\apache\httpcomponents\httpclient\4.5.14\httpclient-4.5.14.jar;C:\Users\lenna\.m2\repository\org\apache\httpcomponents\httpcore\4.4.16\httpcore-4.4.16.jar;C:\Users\lenna\.m2\repository\commons-codec\commons-codec\1.15\commons-codec-1.15.jar;C:\Users\lenna\.m2\repository\org\apache\httpcomponents\httpmime\4.5.14\httpmime-4.5.14.jar;C:\Users\lenna\.m2\repository\org\hamcrest\hamcrest\2.1\hamcrest-2.1.jar;C:\Users\lenna\.m2\repository\org\ccil\cowan\tagsoup\tagsoup\1.2.1\tagsoup-1.2.1.jar;C:\Users\lenna\.m2\repository\io\rest-assured\json-path\4.5.1\json-path-4.5.1.jar;C:\Users\lenna\.m2\repository\org\codehaus\groovy\groovy-json\3.0.9\groovy-json-3.0.9.jar;C:\Users\lenna\.m2\repository\io\rest-assured\rest-assured-common\4.5.1\rest-assured-common-4.5.1.jar;C:\Users\lenna\.m2\repository\io\rest-assured\xml-path\4.5.1\xml-path-4.5.1.jar;C:\Users\lenna\.m2\repository\org\apache\commons\commons-lang3\3.12.0\commons-lang3-3.12.0.jar;"/>
    <property name="java.vm.vendor" value="Oracle Corporation"/>
    <property name="sun.arch.data.model" value="64"/>
    <property name="user.variant" value=""/>
    <property name="java.vendor.url" value="https://java.oracle.com/"/>
    <property name="user.timezone" value="Europe/Berlin"/>
    <property name="user.country.format" value="DE"/>
    <property name="logging.initial-configurator.min-level" value="500"/>
    <property name="java.vm.specification.version" value="20"/>
    <property name="os.name" value="Windows 11"/>
    <property name="sun.java.launcher" value="SUN_STANDARD"/>
    <property name="user.country" value="US"/>
    <property name="sun.boot.library.path" value="C:\Users\lenna\.jdks\openjdk-20.0.1\bin"/>
    <property name="sun.java.command" value="C:\Users\lenna\AppData\Local\Temp\surefire1501378236320730000\surefirebooter-20230608134020912_3.jar C:\Users\lenna\AppData\Local\Temp\surefire1501378236320730000 2023-06-08T13-40-20_672-jvmRun1 surefire-20230608134020912_1tmp surefire_0-20230608134020912_2tmp"/>
    <property name="jdk.debug" value="release"/>
    <property name="maven.home" value="C:\Users\lenna\AppData\Local\JetBrains\Toolbox\apps\IDEA-U\ch-0\231.8770.65\plugins\maven\lib\maven3"/>
    <property name="surefire.test.class.path" value="C:\Users\lenna\Programming\verteilte-anwendungen-lab2\backend\target\test-classes;C:\Users\lenna\Programming\verteilte-anwendungen-lab2\backend\target\classes;C:\Users\lenna\Programming\verteilte-anwendungen-lab2\library\target\library-1.0.0-SNAPSHOT.jar;C:\Users\lenna\.m2\repository\org\eclipse\microprofile\openapi\microprofile-openapi-api\2.0.1\microprofile-openapi-api-2.0.1.jar;C:\Users\lenna\Programming\verteilte-anwendungen-lab2\frontend\target\frontend-webapp.jar;C:\Users\lenna\.m2\repository\javax\ws\rs\javax.ws.rs-api\2.1\javax.ws.rs-api-2.1.jar;C:\Users\lenna\.m2\repository\io\quarkus\quarkus-resteasy\2.16.6.Final\quarkus-resteasy-2.16.6.Final.jar;C:\Users\lenna\.m2\repository\io\quarkus\quarkus-vertx-http\2.16.6.Final\quarkus-vertx-http-2.16.6.Final.jar;C:\Users\lenna\.m2\repository\io\quarkus\quarkus-security-runtime-spi\2.16.6.Final\quarkus-security-runtime-spi-2.16.6.Final.jar;C:\Users\lenna\.m2\repository\io\quarkus\quarkus-credentials\2.16.6.Final\quarkus-credentials-2.16.6.Final.jar;C:\Users\lenna\.m2\repository\io\quarkus\quarkus-mutiny\2.16.6.Final\quarkus-mutiny-2.16.6.Final.jar;C:\Users\lenna\.m2\repository\io\quarkus\quarkus-smallrye-context-propagation\2.16.6.Final\quarkus-smallrye-context-propagation-2.16.6.Final.jar;C:\Users\lenna\.m2\repository\io\smallrye\smallrye-context-propagation\1.2.2\smallrye-context-propagation-1.2.2.jar;C:\Users\lenna\.m2\repository\io\smallrye\smallrye-context-propagation-api\1.2.2\smallrye-context-propagation-api-1.2.2.jar;C:\Users\lenna\.m2\repository\io\smallrye\smallrye-context-propagation-storage\1.2.2\smallrye-context-propagation-storage-1.2.2.jar;C:\Users\lenna\.m2\repository\io\smallrye\reactive\mutiny-smallrye-context-propagation\1.9.0\mutiny-smallrye-context-propagation-1.9.0.jar;C:\Users\lenna\.m2\repository\io\smallrye\common\smallrye-common-vertx-context\1.13.2\smallrye-common-vertx-context-1.13.2.jar;C:\Users\lenna\.m2\repository\io\vertx\vertx-core\4.3.7\vertx-core-4.3.7.jar;C:\Users\lenna\.m2\repository\io\netty\netty-common\4.1.86.Final\netty-common-4.1.86.Final.jar;C:\Users\lenna\.m2\repository\io\netty\netty-buffer\4.1.86.Final\netty-buffer-4.1.86.Final.jar;C:\Users\lenna\.m2\repository\io\netty\netty-transport\4.1.86.Final\netty-transport-4.1.86.Final.jar;C:\Users\lenna\.m2\repository\io\netty\netty-handler\4.1.86.Final\netty-handler-4.1.86.Final.jar;C:\Users\lenna\.m2\repository\io\netty\netty-transport-native-unix-common\4.1.86.Final\netty-transport-native-unix-common-4.1.86.Final.jar;C:\Users\lenna\.m2\repository\io\netty\netty-handler-proxy\4.1.86.Final\netty-handler-proxy-4.1.86.Final.jar;C:\Users\lenna\.m2\repository\io\netty\netty-codec-socks\4.1.86.Final\netty-codec-socks-4.1.86.Final.jar;C:\Users\lenna\.m2\repository\io\netty\netty-codec-http\4.1.86.Final\netty-codec-http-4.1.86.Final.jar;C:\Users\lenna\.m2\repository\io\netty\netty-codec-http2\4.1.86.Final\netty-codec-http2-4.1.86.Final.jar;C:\Users\lenna\.m2\repository\io\netty\netty-resolver\4.1.86.Final\netty-resolver-4.1.86.Final.jar;C:\Users\lenna\.m2\repository\io\netty\netty-resolver-dns\4.1.86.Final\netty-resolver-dns-4.1.86.Final.jar;C:\Users\lenna\.m2\repository\io\netty\netty-codec-dns\4.1.86.Final\netty-codec-dns-4.1.86.Final.jar;C:\Users\lenna\.m2\repository\com\fasterxml\jackson\core\jackson-core\2.14.2\jackson-core-2.14.2.jar;C:\Users\lenna\.m2\repository\io\smallrye\common\smallrye-common-constraint\1.13.2\smallrye-common-constraint-1.13.2.jar;C:\Users\lenna\.m2\repository\io\quarkus\quarkus-vertx-http-dev-console-runtime-spi\2.16.6.Final\quarkus-vertx-http-dev-console-runtime-spi-2.16.6.Final.jar;C:\Users\lenna\.m2\repository\io\quarkus\security\quarkus-security\1.1.4.Final\quarkus-security-1.1.4.Final.jar;C:\Users\lenna\.m2\repository\io\quarkus\quarkus-vertx\2.16.6.Final\quarkus-vertx-2.16.6.Final.jar;C:\Users\lenna\.m2\repository\io\quarkus\quarkus-netty\2.16.6.Final\quarkus-netty-2.16.6.Final.jar;C:\Users\lenna\.m2\repository\io\netty\netty-codec\4.1.86.Final\netty-codec-4.1.86.Final.jar;C:\Users\lenna\.m2\repository\com\aayushatharva\brotli4j\brotli4j\1.8.0\brotli4j-1.8.0.jar;C:\Users\lenna\.m2\repository\com\aayushatharva\brotli4j\native-windows-x86_64\1.8.0\native-windows-x86_64-1.8.0.jar;C:\Users\lenna\.m2\repository\io\netty\netty-codec-haproxy\4.1.86.Final\netty-codec-haproxy-4.1.86.Final.jar;C:\Users\lenna\.m2\repository\io\smallrye\common\smallrye-common-annotation\1.13.2\smallrye-common-annotation-1.13.2.jar;C:\Users\lenna\.m2\repository\io\quarkus\quarkus-vertx-latebound-mdc-provider\2.16.6.Final\quarkus-vertx-latebound-mdc-provider-2.16.6.Final.jar;C:\Users\lenna\.m2\repository\io\smallrye\reactive\smallrye-mutiny-vertx-core\2.30.1\smallrye-mutiny-vertx-core-2.30.1.jar;C:\Users\lenna\.m2\repository\io\smallrye\reactive\smallrye-mutiny-vertx-runtime\2.30.1\smallrye-mutiny-vertx-runtime-2.30.1.jar;C:\Users\lenna\.m2\repository\io\smallrye\reactive\vertx-mutiny-generator\2.30.1\vertx-mutiny-generator-2.30.1.jar;C:\Users\lenna\.m2\repository\io\vertx\vertx-codegen\4.3.7\vertx-codegen-4.3.7.jar;C:\Users\lenna\.m2\repository\io\smallrye\smallrye-fault-tolerance-vertx\5.6.0\smallrye-fault-tolerance-vertx-5.6.0.jar;C:\Users\lenna\.m2\repository\io\smallrye\reactive\smallrye-mutiny-vertx-web\2.30.1\smallrye-mutiny-vertx-web-2.30.1.jar;C:\Users\lenna\.m2\repository\io\smallrye\reactive\smallrye-mutiny-vertx-web-common\2.30.1\smallrye-mutiny-vertx-web-common-2.30.1.jar;C:\Users\lenna\.m2\repository\io\smallrye\reactive\smallrye-mutiny-vertx-auth-common\2.30.1\smallrye-mutiny-vertx-auth-common-2.30.1.jar;C:\Users\lenna\.m2\repository\io\smallrye\reactive\smallrye-mutiny-vertx-bridge-common\2.30.1\smallrye-mutiny-vertx-bridge-common-2.30.1.jar;C:\Users\lenna\.m2\repository\io\smallrye\reactive\smallrye-mutiny-vertx-uri-template\2.30.1\smallrye-mutiny-vertx-uri-template-2.30.1.jar;C:\Users\lenna\.m2\repository\io\vertx\vertx-uri-template\4.3.7\vertx-uri-template-4.3.7.jar;C:\Users\lenna\.m2\repository\io\vertx\vertx-web\4.3.7\vertx-web-4.3.7.jar;C:\Users\lenna\.m2\repository\io\vertx\vertx-web-common\4.3.7\vertx-web-common-4.3.7.jar;C:\Users\lenna\.m2\repository\io\vertx\vertx-auth-common\4.3.7\vertx-auth-common-4.3.7.jar;C:\Users\lenna\.m2\repository\io\vertx\vertx-bridge-common\4.3.7\vertx-bridge-common-4.3.7.jar;C:\Users\lenna\.m2\repository\io\github\crac\org-crac\0.1.3\org-crac-0.1.3.jar;C:\Users\lenna\.m2\repository\io\quarkus\quarkus-resteasy-server-common\2.16.6.Final\quarkus-resteasy-server-common-2.16.6.Final.jar;C:\Users\lenna\.m2\repository\io\quarkus\quarkus-resteasy-common\2.16.6.Final\quarkus-resteasy-common-2.16.6.Final.jar;C:\Users\lenna\.m2\repository\org\jboss\resteasy\resteasy-core\4.7.7.Final\resteasy-core-4.7.7.Final.jar;C:\Users\lenna\.m2\repository\org\jboss\resteasy\resteasy-core-spi\4.7.7.Final\resteasy-core-spi-4.7.7.Final.jar;C:\Users\lenna\.m2\repository\com\ibm\async\asyncutil\0.1.0\asyncutil-0.1.0.jar;C:\Users\lenna\.m2\repository\jakarta\validation\jakarta.validation-api\2.0.2\jakarta.validation-api-2.0.2.jar;C:\Users\lenna\.m2\repository\io\quarkus\quarkus-resteasy-jsonb\2.16.6.Final\quarkus-resteasy-jsonb-2.16.6.Final.jar;C:\Users\lenna\.m2\repository\io\quarkus\quarkus-jsonb\2.16.6.Final\quarkus-jsonb-2.16.6.Final.jar;C:\Users\lenna\.m2\repository\org\eclipse\yasson\1.0.11\yasson-1.0.11.jar;C:\Users\lenna\.m2\repository\io\quarkus\quarkus-jsonp\2.16.6.Final\quarkus-jsonp-2.16.6.Final.jar;C:\Users\lenna\.m2\repository\org\glassfish\jakarta.json\1.1.6\jakarta.json-1.1.6.jar;C:\Users\lenna\.m2\repository\org\jboss\resteasy\resteasy-json-binding-provider\4.7.7.Final\resteasy-json-binding-provider-4.7.7.Final.jar;C:\Users\lenna\.m2\repository\jakarta\json\bind\jakarta.json.bind-api\1.0.2\jakarta.json.bind-api-1.0.2.jar;C:\Users\lenna\.m2\repository\org\jboss\logging\jboss-logging\3.5.0.Final\jboss-logging-3.5.0.Final.jar;C:\Users\lenna\.m2\repository\org\jboss\resteasy\resteasy-json-p-provider\4.7.7.Final\resteasy-json-p-provider-4.7.7.Final.jar;C:\Users\lenna\.m2\repository\commons-io\commons-io\2.11.0\commons-io-2.11.0.jar;C:\Users\lenna\.m2\repository\io\quarkus\quarkus-hibernate-orm\2.16.6.Final\quarkus-hibernate-orm-2.16.6.Final.jar;C:\Users\lenna\.m2\repository\io\quarkus\quarkus-core\2.16.6.Final\quarkus-core-2.16.6.Final.jar;C:\Users\lenna\.m2\repository\jakarta\annotation\jakarta.annotation-api\1.3.5\jakarta.annotation-api-1.3.5.jar;C:\Users\lenna\.m2\repository\jakarta\enterprise\jakarta.enterprise.cdi-api\2.0.2\jakarta.enterprise.cdi-api-2.0.2.jar;C:\Users\lenna\.m2\repository\jakarta\el\jakarta.el-api\3.0.3\jakarta.el-api-3.0.3.jar;C:\Users\lenna\.m2\repository\jakarta\interceptor\jakarta.interceptor-api\1.2.5\jakarta.interceptor-api-1.2.5.jar;C:\Users\lenna\.m2\repository\jakarta\inject\jakarta.inject-api\1.0\jakarta.inject-api-1.0.jar;C:\Users\lenna\.m2\repository\io\quarkus\quarkus-ide-launcher\2.16.6.Final\quarkus-ide-launcher-2.16.6.Final.jar;C:\Users\lenna\.m2\repository\io\quarkus\quarkus-development-mode-spi\2.16.6.Final\quarkus-development-mode-spi-2.16.6.Final.jar;C:\Users\lenna\.m2\repository\io\smallrye\config\smallrye-config\2.13.3\smallrye-config-2.13.3.jar;C:\Users\lenna\.m2\repository\io\smallrye\config\smallrye-config-core\2.13.3\smallrye-config-core-2.13.3.jar;C:\Users\lenna\.m2\repository\org\eclipse\microprofile\config\microprofile-config-api\2.0.1\microprofile-config-api-2.0.1.jar;C:\Users\lenna\.m2\repository\io\smallrye\common\smallrye-common-expression\1.13.2\smallrye-common-expression-1.13.2.jar;C:\Users\lenna\.m2\repository\io\smallrye\common\smallrye-common-function\1.13.2\smallrye-common-function-1.13.2.jar;C:\Users\lenna\.m2\repository\io\smallrye\common\smallrye-common-classloader\1.13.2\smallrye-common-classloader-1.13.2.jar;C:\Users\lenna\.m2\repository\io\smallrye\config\smallrye-config-common\2.13.3\smallrye-config-common-2.13.3.jar;C:\Users\lenna\.m2\repository\org\jboss\logmanager\jboss-logmanager-embedded\1.0.11\jboss-logmanager-embedded-1.0.11.jar;C:\Users\lenna\.m2\repository\org\jboss\logging\jboss-logging-annotations\2.2.1.Final\jboss-logging-annotations-2.2.1.Final.jar;C:\Users\lenna\.m2\repository\org\jboss\threads\jboss-threads\3.4.3.Final\jboss-threads-3.4.3.Final.jar;C:\Users\lenna\.m2\repository\org\slf4j\slf4j-api\1.7.36\slf4j-api-1.7.36.jar;C:\Users\lenna\.m2\repository\org\jboss\slf4j\slf4j-jboss-logmanager\1.2.0.Final\slf4j-jboss-logmanager-1.2.0.Final.jar;C:\Users\lenna\.m2\repository\org\graalvm\sdk\graal-sdk\22.3.0\graal-sdk-22.3.0.jar;C:\Users\lenna\.m2\repository\org\wildfly\common\wildfly-common\1.5.4.Final-format-001\wildfly-common-1.5.4.Final-format-001.jar;C:\Users\lenna\.m2\repository\io\quarkus\quarkus-bootstrap-runner\2.16.6.Final\quarkus-bootstrap-runner-2.16.6.Final.jar;C:\Users\lenna\.m2\repository\io\quarkus\quarkus-fs-util\0.0.9\quarkus-fs-util-0.0.9.jar;C:\Users\lenna\.m2\repository\io\quarkus\quarkus-agroal\2.16.6.Final\quarkus-agroal-2.16.6.Final.jar;C:\Users\lenna\.m2\repository\io\quarkus\quarkus-datasource\2.16.6.Final\quarkus-datasource-2.16.6.Final.jar;C:\Users\lenna\.m2\repository\io\agroal\agroal-api\1.17\agroal-api-1.17.jar;C:\Users\lenna\.m2\repository\io\agroal\agroal-narayana\1.17\agroal-narayana-1.17.jar;C:\Users\lenna\.m2\repository\org\jboss\jboss-transaction-spi\7.6.0.Final\jboss-transaction-spi-7.6.0.Final.jar;C:\Users\lenna\.m2\repository\io\agroal\agroal-pool\1.17\agroal-pool-1.17.jar;C:\Users\lenna\.m2\repository\io\quarkus\quarkus-narayana-jta\2.16.6.Final\quarkus-narayana-jta-2.16.6.Final.jar;C:\Users\lenna\.m2\repository\io\quarkus\quarkus-transaction-annotations\2.16.6.Final\quarkus-transaction-annotations-2.16.6.Final.jar;C:\Users\lenna\.m2\repository\io\smallrye\smallrye-context-propagation-jta\1.2.2\smallrye-context-propagation-jta-1.2.2.jar;C:\Users\lenna\.m2\repository\io\smallrye\reactive\smallrye-reactive-converter-api\2.7.0\smallrye-reactive-converter-api-2.7.0.jar;C:\Users\lenna\.m2\repository\org\reactivestreams\reactive-streams\1.0.3\reactive-streams-1.0.3.jar;C:\Users\lenna\.m2\repository\io\smallrye\reactive\smallrye-reactive-converter-mutiny\2.7.0\smallrye-reactive-converter-mutiny-2.7.0.jar;C:\Users\lenna\.m2\repository\org\jboss\narayana\jta\narayana-jta\5.13.1.Final\narayana-jta-5.13.1.Final.jar;C:\Users\lenna\.m2\repository\org\jboss\spec\javax\resource\jboss-connector-api_1.7_spec\1.0.0.Final\jboss-connector-api_1.7_spec-1.0.0.Final.jar;C:\Users\lenna\.m2\repository\org\jboss\narayana\jts\narayana-jts-integration\5.13.1.Final\narayana-jts-integration-5.13.1.Final.jar;C:\Users\lenna\.m2\repository\org\hibernate\hibernate-core\5.6.15.Final\hibernate-core-5.6.15.Final.jar;C:\Users\lenna\.m2\repository\net\bytebuddy\byte-buddy\1.12.18\byte-buddy-1.12.18.jar;C:\Users\lenna\.m2\repository\antlr\antlr\2.7.7\antlr-2.7.7.jar;C:\Users\lenna\.m2\repository\com\fasterxml\classmate\1.5.1\classmate-1.5.1.jar;C:\Users\lenna\.m2\repository\org\hibernate\common\hibernate-commons-annotations\5.1.2.Final\hibernate-commons-annotations-5.1.2.Final.jar;C:\Users\lenna\.m2\repository\org\hibernate\hibernate-graalvm\5.6.15.Final\hibernate-graalvm-5.6.15.Final.jar;C:\Users\lenna\.m2\repository\org\glassfish\jaxb\jaxb-runtime\2.3.3-b02\jaxb-runtime-2.3.3-b02.jar;C:\Users\lenna\.m2\repository\org\glassfish\jaxb\txw2\2.3.3-b02\txw2-2.3.3-b02.jar;C:\Users\lenna\.m2\repository\com\sun\istack\istack-commons-runtime\3.0.10\istack-commons-runtime-3.0.10.jar;C:\Users\lenna\.m2\repository\com\sun\activation\jakarta.activation\1.2.1\jakarta.activation-1.2.1.jar;C:\Users\lenna\.m2\repository\org\jboss\spec\javax\xml\bind\jboss-jaxb-api_2.3_spec\2.0.0.Final\jboss-jaxb-api_2.3_spec-2.0.0.Final.jar;C:\Users\lenna\.m2\repository\jakarta\persistence\jakarta.persistence-api\2.2.3\jakarta.persistence-api-2.2.3.jar;C:\Users\lenna\.m2\repository\jakarta\transaction\jakarta.transaction-api\1.3.3\jakarta.transaction-api-1.3.3.jar;C:\Users\lenna\.m2\repository\org\hibernate\quarkus-local-cache\0.1.1\quarkus-local-cache-0.1.1.jar;C:\Users\lenna\.m2\repository\io\quarkus\quarkus-caffeine\2.16.6.Final\quarkus-caffeine-2.16.6.Final.jar;C:\Users\lenna\.m2\repository\com\github\ben-manes\caffeine\caffeine\3.1.1\caffeine-3.1.1.jar;C:\Users\lenna\.m2\repository\com\google\errorprone\error_prone_annotations\2.17.0\error_prone_annotations-2.17.0.jar;C:\Users\lenna\.m2\repository\io\quarkus\quarkus-hibernate-validator\2.16.6.Final\quarkus-hibernate-validator-2.16.6.Final.jar;C:\Users\lenna\.m2\repository\org\hibernate\validator\hibernate-validator\6.2.5.Final\hibernate-validator-6.2.5.Final.jar;C:\Users\lenna\.m2\repository\org\glassfish\jakarta.el\3.0.4\jakarta.el-3.0.4.jar;C:\Users\lenna\.m2\repository\io\smallrye\config\smallrye-config-validator\2.13.3\smallrye-config-validator-2.13.3.jar;C:\Users\lenna\.m2\repository\org\jboss\spec\javax\ws\rs\jboss-jaxrs-api_2.1_spec\2.0.1.Final\jboss-jaxrs-api_2.1_spec-2.0.1.Final.jar;C:\Users\lenna\.m2\repository\io\quarkus\quarkus-jdbc-mysql\2.16.6.Final\quarkus-jdbc-mysql-2.16.6.Final.jar;C:\Users\lenna\.m2\repository\mysql\mysql-connector-java\8.0.30\mysql-connector-java-8.0.30.jar;C:\Users\lenna\.m2\repository\io\quarkus\quarkus-liquibase\2.16.6.Final\quarkus-liquibase-2.16.6.Final.jar;C:\Users\lenna\.m2\repository\org\liquibase\liquibase-core\4.18.0\liquibase-core-4.18.0.jar;C:\Users\lenna\.m2\repository\com\opencsv\opencsv\5.7.1\opencsv-5.7.1.jar;C:\Users\lenna\.m2\repository\org\apache\commons\commons-text\1.10.0\commons-text-1.10.0.jar;C:\Users\lenna\.m2\repository\org\apache\commons\commons-collections4\4.4\commons-collections4-4.4.jar;C:\Users\lenna\.m2\repository\org\osgi\osgi.core\6.0.0\osgi.core-6.0.0.jar;C:\Users\lenna\.m2\repository\org\yaml\snakeyaml\1.33\snakeyaml-1.33.jar;C:\Users\lenna\.m2\repository\io\quarkus\quarkus-jaxb\2.16.6.Final\quarkus-jaxb-2.16.6.Final.jar;C:\Users\lenna\.m2\repository\io\quarkus\quarkus-jaxp\2.16.6.Final\quarkus-jaxp-2.16.6.Final.jar;C:\Users\lenna\.m2\repository\io\quarkus\quarkus-datasource-common\2.16.6.Final\quarkus-datasource-common-2.16.6.Final.jar;C:\Users\lenna\.m2\repository\io\quarkus\quarkus-arc\2.16.6.Final\quarkus-arc-2.16.6.Final.jar;C:\Users\lenna\.m2\repository\io\quarkus\arc\arc\2.16.6.Final\arc-2.16.6.Final.jar;C:\Users\lenna\.m2\repository\io\smallrye\reactive\mutiny\1.9.0\mutiny-1.9.0.jar;C:\Users\lenna\.m2\repository\org\eclipse\microprofile\context-propagation\microprofile-context-propagation-api\1.2\microprofile-context-propagation-api-1.2.jar;C:\Users\lenna\.m2\repository\io\quarkus\quarkus-junit5\2.16.6.Final\quarkus-junit5-2.16.6.Final.jar;C:\Users\lenna\.m2\repository\io\quarkus\quarkus-bootstrap-core\2.16.6.Final\quarkus-bootstrap-core-2.16.6.Final.jar;C:\Users\lenna\.m2\repository\io\quarkus\quarkus-bootstrap-app-model\2.16.6.Final\quarkus-bootstrap-app-model-2.16.6.Final.jar;C:\Users\lenna\.m2\repository\io\smallrye\common\smallrye-common-io\1.13.2\smallrye-common-io-1.13.2.jar;C:\Users\lenna\.m2\repository\org\eclipse\sisu\org.eclipse.sisu.inject\0.3.5\org.eclipse.sisu.inject-0.3.5.jar;C:\Users\lenna\.m2\repository\io\quarkus\quarkus-test-common\2.16.6.Final\quarkus-test-common-2.16.6.Final.jar;C:\Users\lenna\.m2\repository\io\quarkus\quarkus-core-deployment\2.16.6.Final\quarkus-core-deployment-2.16.6.Final.jar;C:\Users\lenna\.m2\repository\org\aesh\readline\2.2\readline-2.2.jar;C:\Users\lenna\.m2\repository\org\fusesource\jansi\jansi\1.18\jansi-1.18.jar;C:\Users\lenna\.m2\repository\org\aesh\aesh\2.7\aesh-2.7.jar;C:\Users\lenna\.m2\repository\io\quarkus\gizmo\gizmo\1.6.0.Final\gizmo-1.6.0.Final.jar;C:\Users\lenna\.m2\repository\org\ow2\asm\asm-util\9.4\asm-util-9.4.jar;C:\Users\lenna\.m2\repository\org\ow2\asm\asm-analysis\9.4\asm-analysis-9.4.jar;C:\Users\lenna\.m2\repository\org\ow2\asm\asm\9.4\asm-9.4.jar;C:\Users\lenna\.m2\repository\org\ow2\asm\asm-commons\9.4\asm-commons-9.4.jar;C:\Users\lenna\.m2\repository\org\ow2\asm\asm-tree\9.4\asm-tree-9.4.jar;C:\Users\lenna\.m2\repository\io\quarkus\quarkus-class-change-agent\2.16.6.Final\quarkus-class-change-agent-2.16.6.Final.jar;C:\Users\lenna\.m2\repository\io\quarkus\quarkus-devtools-utilities\2.16.6.Final\quarkus-devtools-utilities-2.16.6.Final.jar;C:\Users\lenna\.m2\repository\io\quarkus\quarkus-builder\2.16.6.Final\quarkus-builder-2.16.6.Final.jar;C:\Users\lenna\.m2\repository\org\junit\platform\junit-platform-launcher\1.9.2\junit-platform-launcher-1.9.2.jar;C:\Users\lenna\.m2\repository\io\quarkus\quarkus-bootstrap-maven-resolver\2.16.6.Final\quarkus-bootstrap-maven-resolver-2.16.6.Final.jar;C:\Users\lenna\.m2\repository\org\apache\maven\maven-embedder\3.8.6\maven-embedder-3.8.6.jar;C:\Users\lenna\.m2\repository\org\apache\maven\maven-settings\3.8.6\maven-settings-3.8.6.jar;C:\Users\lenna\.m2\repository\org\apache\maven\maven-core\3.8.6\maven-core-3.8.6.jar;C:\Users\lenna\.m2\repository\org\apache\maven\maven-artifact\3.8.6\maven-artifact-3.8.6.jar;C:\Users\lenna\.m2\repository\org\codehaus\plexus\plexus-component-annotations\2.1.0\plexus-component-annotations-2.1.0.jar;C:\Users\lenna\.m2\repository\org\apache\maven\maven-plugin-api\3.8.6\maven-plugin-api-3.8.6.jar;C:\Users\lenna\.m2\repository\org\apache\maven\maven-model\3.8.6\maven-model-3.8.6.jar;C:\Users\lenna\.m2\repository\org\apache\maven\maven-model-builder\3.8.6\maven-model-builder-3.8.6.jar;C:\Users\lenna\.m2\repository\org\apache\maven\maven-builder-support\3.8.6\maven-builder-support-3.8.6.jar;C:\Users\lenna\.m2\repository\org\apache\maven\resolver\maven-resolver-api\1.6.3\maven-resolver-api-1.6.3.jar;C:\Users\lenna\.m2\repository\org\apache\maven\resolver\maven-resolver-util\1.6.3\maven-resolver-util-1.6.3.jar;C:\Users\lenna\.m2\repository\org\apache\maven\shared\maven-shared-utils\3.3.4\maven-shared-utils-3.3.4.jar;C:\Users\lenna\.m2\repository\com\google\inject\guice\4.2.2\guice-4.2.2-no_aop.jar;C:\Users\lenna\.m2\repository\com\google\guava\guava\31.1-jre\guava-31.1-jre.jar;C:\Users\lenna\.m2\repository\com\google\guava\failureaccess\1.0.1\failureaccess-1.0.1.jar;C:\Users\lenna\.m2\repository\org\codehaus\plexus\plexus-classworlds\2.6.0\plexus-classworlds-2.6.0.jar;C:\Users\lenna\.m2\repository\org\codehaus\plexus\plexus-sec-dispatcher\2.0\plexus-sec-dispatcher-2.0.jar;C:\Users\lenna\.m2\repository\org\codehaus\plexus\plexus-cipher\2.0\plexus-cipher-2.0.jar;C:\Users\lenna\.m2\repository\commons-cli\commons-cli\1.4\commons-cli-1.4.jar;C:\Users\lenna\.m2\repository\org\eclipse\sisu\org.eclipse.sisu.plexus\0.3.5\org.eclipse.sisu.plexus-0.3.5.jar;C:\Users\lenna\.m2\repository\org\apache\maven\maven-settings-builder\3.8.6\maven-settings-builder-3.8.6.jar;C:\Users\lenna\.m2\repository\org\codehaus\plexus\plexus-interpolation\1.26\plexus-interpolation-1.26.jar;C:\Users\lenna\.m2\repository\org\apache\maven\maven-resolver-provider\3.8.6\maven-resolver-provider-3.8.6.jar;C:\Users\lenna\.m2\repository\org\apache\maven\maven-repository-metadata\3.8.6\maven-repository-metadata-3.8.6.jar;C:\Users\lenna\.m2\repository\org\apache\maven\resolver\maven-resolver-spi\1.6.3\maven-resolver-spi-1.6.3.jar;C:\Users\lenna\.m2\repository\org\apache\maven\resolver\maven-resolver-impl\1.6.3\maven-resolver-impl-1.6.3.jar;C:\Users\lenna\.m2\repository\org\codehaus\plexus\plexus-utils\3.3.0\plexus-utils-3.3.0.jar;C:\Users\lenna\.m2\repository\org\apache\maven\resolver\maven-resolver-connector-basic\1.6.3\maven-resolver-connector-basic-1.6.3.jar;C:\Users\lenna\.m2\repository\org\apache\maven\resolver\maven-resolver-transport-wagon\1.6.3\maven-resolver-transport-wagon-1.6.3.jar;C:\Users\lenna\.m2\repository\org\apache\maven\wagon\wagon-http\3.5.1\wagon-http-3.5.1.jar;C:\Users\lenna\.m2\repository\org\apache\maven\wagon\wagon-http-shared\3.5.1\wagon-http-shared-3.5.1.jar;C:\Users\lenna\.m2\repository\org\apache\maven\wagon\wagon-provider-api\3.5.1\wagon-provider-api-3.5.1.jar;C:\Users\lenna\.m2\repository\org\apache\maven\wagon\wagon-file\3.5.1\wagon-file-3.5.1.jar;C:\Users\lenna\.m2\repository\io\quarkus\quarkus-bootstrap-gradle-resolver\2.16.6.Final\quarkus-bootstrap-gradle-resolver-2.16.6.Final.jar;C:\Users\lenna\.m2\repository\io\smallrye\jandex\3.0.5\jandex-3.0.5.jar;C:\Users\lenna\.m2\repository\org\jboss\logging\commons-logging-jboss-logging\1.0.0.Final\commons-logging-jboss-logging-1.0.0.Final.jar;C:\Users\lenna\.m2\repository\io\quarkus\quarkus-junit5-properties\2.16.6.Final\quarkus-junit5-properties-2.16.6.Final.jar;C:\Users\lenna\.m2\repository\org\junit\jupiter\junit-jupiter\5.9.2\junit-jupiter-5.9.2.jar;C:\Users\lenna\.m2\repository\org\junit\jupiter\junit-jupiter-api\5.9.2\junit-jupiter-api-5.9.2.jar;C:\Users\lenna\.m2\repository\org\opentest4j\opentest4j\1.2.0\opentest4j-1.2.0.jar;C:\Users\lenna\.m2\repository\org\junit\platform\junit-platform-commons\1.9.2\junit-platform-commons-1.9.2.jar;C:\Users\lenna\.m2\repository\org\apiguardian\apiguardian-api\1.1.2\apiguardian-api-1.1.2.jar;C:\Users\lenna\.m2\repository\org\junit\jupiter\junit-jupiter-params\5.9.2\junit-jupiter-params-5.9.2.jar;C:\Users\lenna\.m2\repository\org\junit\jupiter\junit-jupiter-engine\5.9.2\junit-jupiter-engine-5.9.2.jar;C:\Users\lenna\.m2\repository\org\junit\platform\junit-platform-engine\1.9.2\junit-platform-engine-1.9.2.jar;C:\Users\lenna\.m2\repository\com\thoughtworks\xstream\xstream\1.4.20\xstream-1.4.20.jar;C:\Users\lenna\.m2\repository\io\github\x-stream\mxparser\1.2.2\mxparser-1.2.2.jar;C:\Users\lenna\.m2\repository\xmlpull\xmlpull\1.1.3.1\xmlpull-1.1.3.1.jar;C:\Users\lenna\.m2\repository\io\rest-assured\rest-assured\4.5.1\rest-assured-4.5.1.jar;C:\Users\lenna\.m2\repository\org\codehaus\groovy\groovy\3.0.9\groovy-3.0.9.jar;C:\Users\lenna\.m2\repository\org\codehaus\groovy\groovy-xml\3.0.9\groovy-xml-3.0.9.jar;C:\Users\lenna\.m2\repository\org\apache\httpcomponents\httpclient\4.5.14\httpclient-4.5.14.jar;C:\Users\lenna\.m2\repository\org\apache\httpcomponents\httpcore\4.4.16\httpcore-4.4.16.jar;C:\Users\lenna\.m2\repository\commons-codec\commons-codec\1.15\commons-codec-1.15.jar;C:\Users\lenna\.m2\repository\org\apache\httpcomponents\httpmime\4.5.14\httpmime-4.5.14.jar;C:\Users\lenna\.m2\repository\org\hamcrest\hamcrest\2.1\hamcrest-2.1.jar;C:\Users\lenna\.m2\repository\org\ccil\cowan\tagsoup\tagsoup\1.2.1\tagsoup-1.2.1.jar;C:\Users\lenna\.m2\repository\io\rest-assured\json-path\4.5.1\json-path-4.5.1.jar;C:\Users\lenna\.m2\repository\org\codehaus\groovy\groovy-json\3.0.9\groovy-json-3.0.9.jar;C:\Users\lenna\.m2\repository\io\rest-assured\rest-assured-common\4.5.1\rest-assured-common-4.5.1.jar;C:\Users\lenna\.m2\repository\io\rest-assured\xml-path\4.5.1\xml-path-4.5.1.jar;C:\Users\lenna\.m2\repository\org\apache\commons\commons-lang3\3.12.0\commons-lang3-3.12.0.jar;"/>
    <property name="sun.cpu.endian" value="little"/>
    <property name="user.home" value="C:\Users\lenna"/>
    <property name="user.language" value="en"/>
    <property name="jboss.log-version" value="false"/>
    <property name="java.specification.vendor" value="Oracle Corporation"/>
    <property name="io.netty.allocator.maxOrder" value="3"/>
    <property name="java.version.date" value="2023-04-18"/>
    <property name="liquibase.hub.mode" value="off"/>
    <property name="java.home" value="C:\Users\lenna\.jdks\openjdk-20.0.1"/>
    <property name="file.separator" value="\"/>
    <property name="basedir" value="C:\Users\lenna\Programming\verteilte-anwendungen-lab2\backend"/>
    <property name="java.vm.compressedOopsMode" value="Zero based"/>
    <property name="line.separator" value="&#10;"/>
    <property name="java.vm.specification.vendor" value="Oracle Corporation"/>
    <property name="java.specification.name" value="Java Platform API Specification"/>
    <property name="surefire.real.class.path" value="C:\Users\lenna\AppData\Local\Temp\surefire1501378236320730000\surefirebooter-20230608134020912_3.jar"/>
    <property name="user.script" value=""/>
    <property name="sun.management.compiler" value="HotSpot 64-Bit Tiered Compilers"/>
    <property name="java.runtime.version" value="20.0.1+9-29"/>
    <property name="user.name" value="lenna"/>
    <property name="com.mysql.cj.disableAbandonedConnectionCleanup" value="true"/>
    <property name="stdout.encoding" value="Cp1252"/>
    <property name="dev.resteasy.exception.mapper" value="false"/>
    <property name="path.separator" value=";"/>
    <property name="os.version" value="10.0"/>
    <property name="java.runtime.name" value="OpenJDK Runtime Environment"/>
    <property name="file.encoding" value="UTF-8"/>
    <property name="java.vm.name" value="OpenJDK 64-Bit Server VM"/>
    <property name="localRepository" value="C:\Users\lenna\.m2\repository"/>
    <property name="java.vendor.url.bug" value="https://bugreport.java.com/bugreport/"/>
    <property name="java.io.tmpdir" value="C:\Users\lenna\AppData\Local\Temp\"/>
    <property name="quarkus.log.file.path" value="target\quarkus.log"/>
    <property name="idea.version" value="2023.1.1"/>
    <property name="java.version" value="20.0.1"/>
    <property name="java.util.concurrent.ForkJoinPool.common.threadFactory" value="io.quarkus.bootstrap.forkjoin.QuarkusForkJoinWorkerThreadFactory"/>
    <property name="user.dir" value="C:\Users\lenna\Programming\verteilte-anwendungen-lab2\backend"/>
    <property name="os.arch" value="amd64"/>
    <property name="hibernate.bytecode.provider" value="none"/>
    <property name="java.vm.specification.name" value="Java Virtual Machine Specification"/>
    <property name="vertx.disableDnsResolver" value="true"/>
    <property name="user.language.format" value="de"/>
    <property name="sun.os.patch.level" value=""/>
    <property name="native.encoding" value="Cp1252"/>
    <property name="java.util.logging.manager" value="org.jboss.logmanager.LogManager"/>
    <property name="java.library.path" value="C:\Users\lenna\.jdks\openjdk-20.0.1\bin;C:\WINDOWS\Sun\Java\bin;C:\WINDOWS\system32;C:\WINDOWS;C:\Program Files\Eclipse Adoptium\jdk-17.0.7.7-hotspot\bin;C:\Python311\Scripts\;C:\Python311\;C:\WINDOWS\system32;C:\WINDOWS;C:\WINDOWS\System32\Wbem;C:\WINDOWS\System32\WindowsPowerShell\v1.0\;C:\WINDOWS\System32\OpenSSH\;C:\Program Files (x86)\Intel\Intel(R) Management Engine Components\DAL;C:\Program Files\Intel\Intel(R) Management Engine Components\DAL;C:\Program Files (x86)\Intel\Intel(R) Management Engine Components\IPT;C:\Program Files\Intel\Intel(R) Management Engine Components\IPT;C:\Program Files\Intel\WiFi\bin\;C:\Program Files\Common Files\Intel\WirelessCommon\;C:\ProgramData\chocolatey\bin;C:\Program Files\Docker\Docker\resources\bin;C:\Program Files\Git\cmd;C:\Program Files\nodejs\;C:\Program Files\GitHub CLI\;C:\Program Files\PowerShell\7\;C:\Program Files\Amazon\AWSCLIV2\;C:\Program Files\Amazon\AWSSAMCLI\bin\;C:\Program Files (x86)\Google\Cloud SDK\google-cloud-sdk\bin;C:\Program Files (x86)\Microsoft VS Code Insiders\bin;C:\Users\lenna\AppData\Local\Microsoft\WindowsApps;C:\Users\lenna\AppData\Local\JetBrains\Toolbox\scripts;C:\Users\lenna\AppData\Roaming\npm;C:\Program Files\1Password CLI;C:\Python311;."/>
    <property name="java.vm.info" value="mixed mode, sharing"/>
    <property name="stderr.encoding" value="Cp1252"/>
    <property name="java.vendor" value="Oracle Corporation"/>
    <property name="vertx.disableTCCL" value="true"/>
    <property name="java.vm.version" value="20.0.1+9-29"/>
    <property name="sun.io.unicode.encoding" value="UnicodeLittle"/>
    <property name="io.netty.machineId" value="5b:d2:92:ab:e9:af:61:f3"/>
    <property name="java.class.version" value="64.0"/>
  </properties>
  <testcase name="testNotFound" classname="de.berlin.htw.boundary.UserResourceTest" time="0.121">
    <system-out><![CDATA[Request method:	GET
Request URI:	http://localhost:8081/api/v2/users/024b9274-f504-4d50-8afc-06b90b16b0db
Proxy:			<none>
Request params:	<none>
Query params:	<none>
Form params:	<none>
Path params:	<none>
Headers:		Accept=*/*
Cookies:		<none>
Multiparts:		<none>
Body:			<none>
Request method:	GET
Request URI:	http://localhost:8081/api/v2/users/024b9274-f504-4d50-8afc-06b90b16b0db
Proxy:			<none>
Request params:	<none>
Query params:	<none>
Form params:	<none>
Path params:	<none>
Headers:		Accept=*/*
Cookies:		<none>
Multiparts:		<none>
Body:			<none>
2023-06-08 13:40:45,328 INFO  [de.ber.htw.con.UserController] (executor-thread-0) Retrieving an existing user (id = 024b9274-f504-4d50-8afc-06b90b16b0db)
HTTP/1.1 404 Not Found
Access-Control-Allow-Headers: *
Access-Control-Allow-Methods: *
Access-Control-Allow-Origin: *
content-length: 0
HTTP/1.1 404 Not Found
Access-Control-Allow-Headers: *
Access-Control-Allow-Methods: *
Access-Control-Allow-Origin: *
content-length: 0
]]></system-out>
  </testcase>
  <testcase name="testInvalidUserId" classname="de.berlin.htw.boundary.UserResourceTest" time="0.093">
    <system-out><![CDATA[Request method:	GET
Request URI:	http://localhost:8081/api/v2/users/anyId
Proxy:			<none>
Request params:	<none>
Query params:	<none>
Form params:	<none>
Path params:	<none>
Headers:		Accept=*/*
Cookies:		<none>
Multiparts:		<none>
Body:			<none>
Request method:	GET
Request URI:	http://localhost:8081/api/v2/users/anyId
Proxy:			<none>
Request params:	<none>
Query params:	<none>
Form params:	<none>
Path params:	<none>
Headers:		Accept=*/*
Cookies:		<none>
Multiparts:		<none>
Body:			<none>
2023-06-08 13:40:45,432 INFO  [de.ber.htw.con.UserController] (executor-thread-0) Retrieving an existing user (id = anyId)
2023-06-08 13:40:45,432 ERROR [org.jbo.res.res.i18n] (executor-thread-0) RESTEASY002010: Failed to execute: javax.ws.rs.BadRequestException: Invalid user id
	at de.berlin.htw.boundary.UserResource.getUser(UserResource.java:52)
	at java.base/jdk.internal.reflect.DirectMethodHandleAccessor.invoke(DirectMethodHandleAccessor.java:104)
	at java.base/java.lang.reflect.Method.invoke(Method.java:578)
	at org.jboss.resteasy.core.MethodInjectorImpl.invoke(MethodInjectorImpl.java:170)
	at org.jboss.resteasy.core.MethodInjectorImpl.invoke(MethodInjectorImpl.java:130)
	at org.jboss.resteasy.core.ResourceMethodInvoker.internalInvokeOnTarget(ResourceMethodInvoker.java:660)
	at org.jboss.resteasy.core.ResourceMethodInvoker.invokeOnTargetAfterFilter(ResourceMethodInvoker.java:524)
	at org.jboss.resteasy.core.ResourceMethodInvoker.lambda$invokeOnTarget$2(ResourceMethodInvoker.java:474)
	at org.jboss.resteasy.core.interception.jaxrs.PreMatchContainerRequestContext.filter(PreMatchContainerRequestContext.java:364)
	at org.jboss.resteasy.core.ResourceMethodInvoker.invokeOnTarget(ResourceMethodInvoker.java:476)
	at org.jboss.resteasy.core.ResourceMethodInvoker.invoke(ResourceMethodInvoker.java:434)
	at org.jboss.resteasy.core.ResourceMethodInvoker.invoke(ResourceMethodInvoker.java:408)
	at org.jboss.resteasy.core.ResourceMethodInvoker.invoke(ResourceMethodInvoker.java:69)
	at org.jboss.resteasy.core.SynchronousDispatcher.invoke(SynchronousDispatcher.java:492)
	at org.jboss.resteasy.core.SynchronousDispatcher.lambda$invoke$4(SynchronousDispatcher.java:261)
	at org.jboss.resteasy.core.SynchronousDispatcher.lambda$preprocess$0(SynchronousDispatcher.java:161)
	at org.jboss.resteasy.core.interception.jaxrs.PreMatchContainerRequestContext.filter(PreMatchContainerRequestContext.java:364)
	at org.jboss.resteasy.core.SynchronousDispatcher.preprocess(SynchronousDispatcher.java:164)
	at org.jboss.resteasy.core.SynchronousDispatcher.invoke(SynchronousDispatcher.java:247)
	at io.quarkus.resteasy.runtime.standalone.RequestDispatcher.service(RequestDispatcher.java:82)
	at io.quarkus.resteasy.runtime.standalone.VertxRequestHandler.dispatch(VertxRequestHandler.java:147)
	at io.quarkus.resteasy.runtime.standalone.VertxRequestHandler$1.run(VertxRequestHandler.java:93)
	at io.quarkus.vertx.core.runtime.VertxCoreRecorder$14.runWith(VertxCoreRecorder.java:576)
	at org.jboss.threads.EnhancedQueueExecutor$Task.run(EnhancedQueueExecutor.java:2449)
	at org.jboss.threads.EnhancedQueueExecutor$ThreadBody.run(EnhancedQueueExecutor.java:1478)
	at org.jboss.threads.DelegatingRunnable.run(DelegatingRunnable.java:29)
	at org.jboss.threads.ThreadLocalResettingRunnable.run(ThreadLocalResettingRunnable.java:29)
	at io.netty.util.concurrent.FastThreadLocalRunnable.run(FastThreadLocalRunnable.java:30)
	at java.base/java.lang.Thread.run(Thread.java:1623)
Caused by: java.lang.IllegalArgumentException: Invalid UUID string: anyId
	at java.base/java.util.UUID.fromString1(UUID.java:280)
	at java.base/java.util.UUID.fromString(UUID.java:258)
	at de.berlin.htw.entity.dao.UserRepository.get(UserRepository.java:41)
	at de.berlin.htw.entity.dao.UserRepository_Subclass.get$$superforward1(Unknown Source)
	at de.berlin.htw.entity.dao.UserRepository_Subclass$$function$$2.apply(Unknown Source)
	at io.quarkus.arc.impl.AroundInvokeInvocationContext.proceed(AroundInvokeInvocationContext.java:54)
	at io.quarkus.narayana.jta.runtime.interceptor.TransactionalInterceptorBase.invokeInNoTx(TransactionalInterceptorBase.java:312)
	at io.quarkus.narayana.jta.runtime.interceptor.TransactionalInterceptorSupports.doIntercept(TransactionalInterceptorSupports.java:32)
	at io.quarkus.narayana.jta.runtime.interceptor.TransactionalInterceptorBase.intercept(TransactionalInterceptorBase.java:58)
	at io.quarkus.narayana.jta.runtime.interceptor.TransactionalInterceptorSupports.intercept(TransactionalInterceptorSupports.java:26)
	at io.quarkus.narayana.jta.runtime.interceptor.TransactionalInterceptorSupports_Bean.intercept(Unknown Source)
	at io.quarkus.arc.impl.InterceptorInvocation.invoke(InterceptorInvocation.java:42)
	at io.quarkus.arc.impl.AroundInvokeInvocationContext.perform(AroundInvokeInvocationContext.java:41)
	at io.quarkus.arc.impl.InvocationContexts.performAroundInvoke(InvocationContexts.java:33)
	at de.berlin.htw.entity.dao.UserRepository_Subclass.get(Unknown Source)
	at de.berlin.htw.entity.dao.UserRepository_ClientProxy.get(Unknown Source)
	at de.berlin.htw.control.UserController.getUser(UserController.java:63)
	at de.berlin.htw.control.UserController_ClientProxy.getUser(Unknown Source)
	at de.berlin.htw.boundary.UserResource.getUser(UserResource.java:49)
	... 28 more

HTTP/1.1 400 Bad Request
Access-Control-Allow-Headers: *
Access-Control-Allow-Methods: *
Access-Control-Allow-Origin: *
content-length: 0
HTTP/1.1 400 Bad Request
Access-Control-Allow-Headers: *
Access-Control-Allow-Methods: *
Access-Control-Allow-Origin: *
content-length: 0
]]></system-out>
  </testcase>
  <testcase name="testCreateAndGet" classname="de.berlin.htw.boundary.UserResourceTest" time="0.161">
    <system-out><![CDATA[Request method:	POST
Request URI:	http://localhost:8081/api/v2/users
Proxy:			<none>
Request params:	<none>
Query params:	<none>
Form params:	<none>
Path params:	<none>
Headers:		Accept=*/*
				Content-Type=application/json
Cookies:		<none>
Multiparts:		<none>
Body:
{
    "user_email": "any@example.org",
    "user_name": "Test"
}
Request method:	POST
Request URI:	http://localhost:8081/api/v2/users
Proxy:			<none>
Request params:	<none>
Query params:	<none>
Form params:	<none>
Path params:	<none>
Headers:		Accept=*/*
				Content-Type=application/json
Cookies:		<none>
Multiparts:		<none>
Body:
{
    "user_email": "any@example.org",
    "user_name": "Test"
}
2023-06-08 13:40:45,503 INFO  [de.ber.htw.con.UserController] (executor-thread-0) Creating a new user (name=Test, email=any@example.org)
HTTP/1.1 201 Created
Access-Control-Allow-Headers: *
Access-Control-Allow-Methods: *
Access-Control-Allow-Origin: *
Location: http://localhost:8081/api/v2/users/c5646a96-e2c5-4f05-bd8f-b9e8d988fae9
content-length: 0
HTTP/1.1 201 Created
Access-Control-Allow-Headers: *
Access-Control-Allow-Methods: *
Access-Control-Allow-Origin: *
Location: http://localhost:8081/api/v2/users/c5646a96-e2c5-4f05-bd8f-b9e8d988fae9
content-length: 0
Request method:	GET
Request URI:	http://localhost:8081/api/v2/users/c5646a96-e2c5-4f05-bd8f-b9e8d988fae9
Proxy:			<none>
Request params:	<none>
Query params:	<none>
Form params:	<none>
Path params:	<none>
Headers:		Accept=*/*
Cookies:		<none>
Multiparts:		<none>
Body:			<none>
Request method:	GET
Request URI:	http://localhost:8081/api/v2/users/c5646a96-e2c5-4f05-bd8f-b9e8d988fae9
Proxy:			<none>
Request params:	<none>
Query params:	<none>
Form params:	<none>
Path params:	<none>
Headers:		Accept=*/*
Cookies:		<none>
Multiparts:		<none>
Body:			<none>
2023-06-08 13:40:45,542 INFO  [de.ber.htw.con.UserController] (executor-thread-0) Retrieving an existing user (id = c5646a96-e2c5-4f05-bd8f-b9e8d988fae9)
HTTP/1.1 200 OK
Access-Control-Allow-Headers: *
Access-Control-Allow-Methods: *
Access-Control-Allow-Origin: *
Content-Type: application/json
content-length: 95

{
    "id": "c5646a96-e2c5-4f05-bd8f-b9e8d988fae9",
    "user_email": "any@example.org",
    "user_name": "Test"
}
HTTP/1.1 200 OK
Access-Control-Allow-Headers: *
Access-Control-Allow-Methods: *
Access-Control-Allow-Origin: *
Content-Type: application/json
content-length: 95

{
    "id": "c5646a96-e2c5-4f05-bd8f-b9e8d988fae9",
    "user_email": "any@example.org",
    "user_name": "Test"
}
]]></system-out>
  </testcase>
</testsuite>