<?xml version="1.0" encoding="UTF-8"?>
<testsuite xmlns:xsi="http://www.w3.org/2001/XMLSchema-instance" xsi:noNamespaceSchemaLocation="https://maven.apache.org/surefire/maven-surefire-plugin/xsd/surefire-test-report-3.0.xsd" version="3.0" name="de.berlin.htw.FibonacciResourceTest" time="30.223" tests="1" errors="0" skipped="0" failures="0">
  <properties>
    <property name="java.specification.version" value="20"/>
    <property name="sun.cpu.isalist" value="amd64"/>
    <property name="sun.jnu.encoding" value="Cp1252"/>
    <property name="test.url" value="http://localhost:8081"/>
    <property name="java.class.path" value="C:\Users\lenna\Programming\verteilte-anwendungen-lab4\target\test-classes;C:\Users\lenna\Programming\verteilte-anwendungen-lab4\target\classes;C:\Users\lenna\.m2\repository\io\quarkus\quarkus-resteasy\2.16.6.Final\quarkus-resteasy-2.16.6.Final.jar;C:\Users\lenna\.m2\repository\io\quarkus\quarkus-vertx-http\2.16.6.Final\quarkus-vertx-http-2.16.6.Final.jar;C:\Users\lenna\.m2\repository\io\quarkus\quarkus-security-runtime-spi\2.16.6.Final\quarkus-security-runtime-spi-2.16.6.Final.jar;C:\Users\lenna\.m2\repository\io\quarkus\quarkus-credentials\2.16.6.Final\quarkus-credentials-2.16.6.Final.jar;C:\Users\lenna\.m2\repository\io\quarkus\quarkus-mutiny\2.16.6.Final\quarkus-mutiny-2.16.6.Final.jar;C:\Users\lenna\.m2\repository\io\quarkus\quarkus-smallrye-context-propagation\2.16.6.Final\quarkus-smallrye-context-propagation-2.16.6.Final.jar;C:\Users\lenna\.m2\repository\io\smallrye\smallrye-context-propagation\1.2.2\smallrye-context-propagation-1.2.2.jar;C:\Users\lenna\.m2\repository\io\smallrye\smallrye-context-propagation-api\1.2.2\smallrye-context-propagation-api-1.2.2.jar;C:\Users\lenna\.m2\repository\io\smallrye\smallrye-context-propagation-storage\1.2.2\smallrye-context-propagation-storage-1.2.2.jar;C:\Users\lenna\.m2\repository\io\smallrye\reactive\mutiny-smallrye-context-propagation\1.9.0\mutiny-smallrye-context-propagation-1.9.0.jar;C:\Users\lenna\.m2\repository\io\smallrye\common\smallrye-common-vertx-context\1.13.2\smallrye-common-vertx-context-1.13.2.jar;C:\Users\lenna\.m2\repository\io\smallrye\common\smallrye-common-constraint\1.13.2\smallrye-common-constraint-1.13.2.jar;C:\Users\lenna\.m2\repository\io\quarkus\quarkus-vertx-http-dev-console-runtime-spi\2.16.6.Final\quarkus-vertx-http-dev-console-runtime-spi-2.16.6.Final.jar;C:\Users\lenna\.m2\repository\io\quarkus\security\quarkus-security\1.1.4.Final\quarkus-security-1.1.4.Final.jar;C:\Users\lenna\.m2\repository\io\smallrye\reactive\smallrye-mutiny-vertx-web\2.30.1\smallrye-mutiny-vertx-web-2.30.1.jar;C:\Users\lenna\.m2\repository\io\smallrye\reactive\smallrye-mutiny-vertx-web-common\2.30.1\smallrye-mutiny-vertx-web-common-2.30.1.jar;C:\Users\lenna\.m2\repository\io\smallrye\reactive\smallrye-mutiny-vertx-auth-common\2.30.1\smallrye-mutiny-vertx-auth-common-2.30.1.jar;C:\Users\lenna\.m2\repository\io\smallrye\reactive\smallrye-mutiny-vertx-bridge-common\2.30.1\smallrye-mutiny-vertx-bridge-common-2.30.1.jar;C:\Users\lenna\.m2\repository\io\smallrye\reactive\smallrye-mutiny-vertx-uri-template\2.30.1\smallrye-mutiny-vertx-uri-template-2.30.1.jar;C:\Users\lenna\.m2\repository\io\vertx\vertx-uri-template\4.3.7\vertx-uri-template-4.3.7.jar;C:\Users\lenna\.m2\repository\io\vertx\vertx-web\4.3.7\vertx-web-4.3.7.jar;C:\Users\lenna\.m2\repository\io\vertx\vertx-web-common\4.3.7\vertx-web-common-4.3.7.jar;C:\Users\lenna\.m2\repository\io\vertx\vertx-auth-common\4.3.7\vertx-auth-common-4.3.7.jar;C:\Users\lenna\.m2\repository\io\vertx\vertx-bridge-common\4.3.7\vertx-bridge-common-4.3.7.jar;C:\Users\lenna\.m2\repository\io\github\crac\org-crac\0.1.3\org-crac-0.1.3.jar;C:\Users\lenna\.m2\repository\io\quarkus\quarkus-resteasy-server-common\2.16.6.Final\quarkus-resteasy-server-common-2.16.6.Final.jar;C:\Users\lenna\.m2\repository\io\quarkus\quarkus-resteasy-common\2.16.6.Final\quarkus-resteasy-common-2.16.6.Final.jar;C:\Users\lenna\.m2\repository\org\jboss\resteasy\resteasy-core\4.7.7.Final\resteasy-core-4.7.7.Final.jar;C:\Users\lenna\.m2\repository\org\jboss\spec\javax\ws\rs\jboss-jaxrs-api_2.1_spec\2.0.1.Final\jboss-jaxrs-api_2.1_spec-2.0.1.Final.jar;C:\Users\lenna\.m2\repository\org\jboss\spec\javax\xml\bind\jboss-jaxb-api_2.3_spec\2.0.0.Final\jboss-jaxb-api_2.3_spec-2.0.0.Final.jar;C:\Users\lenna\.m2\repository\org\jboss\resteasy\resteasy-core-spi\4.7.7.Final\resteasy-core-spi-4.7.7.Final.jar;C:\Users\lenna\.m2\repository\com\ibm\async\asyncutil\0.1.0\asyncutil-0.1.0.jar;C:\Users\lenna\.m2\repository\com\sun\activation\jakarta.activation\1.2.1\jakarta.activation-1.2.1.jar;C:\Users\lenna\.m2\repository\jakarta\validation\jakarta.validation-api\2.0.2\jakarta.validation-api-2.0.2.jar;C:\Users\lenna\.m2\repository\io\quarkus\quarkus-resteasy-jsonb\2.16.6.Final\quarkus-resteasy-jsonb-2.16.6.Final.jar;C:\Users\lenna\.m2\repository\io\quarkus\quarkus-jsonb\2.16.6.Final\quarkus-jsonb-2.16.6.Final.jar;C:\Users\lenna\.m2\repository\org\eclipse\yasson\1.0.11\yasson-1.0.11.jar;C:\Users\lenna\.m2\repository\io\quarkus\quarkus-jsonp\2.16.6.Final\quarkus-jsonp-2.16.6.Final.jar;C:\Users\lenna\.m2\repository\org\glassfish\jakarta.json\1.1.6\jakarta.json-1.1.6.jar;C:\Users\lenna\.m2\repository\org\jboss\resteasy\resteasy-json-binding-provider\4.7.7.Final\resteasy-json-binding-provider-4.7.7.Final.jar;C:\Users\lenna\.m2\repository\jakarta\json\bind\jakarta.json.bind-api\1.0.2\jakarta.json.bind-api-1.0.2.jar;C:\Users\lenna\.m2\repository\org\jboss\logging\jboss-logging\3.5.0.Final\jboss-logging-3.5.0.Final.jar;C:\Users\lenna\.m2\repository\org\jboss\resteasy\resteasy-json-p-provider\4.7.7.Final\resteasy-json-p-provider-4.7.7.Final.jar;C:\Users\lenna\.m2\repository\commons-io\commons-io\2.11.0\commons-io-2.11.0.jar;C:\Users\lenna\.m2\repository\io\quarkus\quarkus-arc\2.16.6.Final\quarkus-arc-2.16.6.Final.jar;C:\Users\lenna\.m2\repository\io\quarkus\arc\arc\2.16.6.Final\arc-2.16.6.Final.jar;C:\Users\lenna\.m2\repository\jakarta\enterprise\jakarta.enterprise.cdi-api\2.0.2\jakarta.enterprise.cdi-api-2.0.2.jar;C:\Users\lenna\.m2\repository\jakarta\el\jakarta.el-api\3.0.3\jakarta.el-api-3.0.3.jar;C:\Users\lenna\.m2\repository\jakarta\interceptor\jakarta.interceptor-api\1.2.5\jakarta.interceptor-api-1.2.5.jar;C:\Users\lenna\.m2\repository\jakarta\transaction\jakarta.transaction-api\1.3.3\jakarta.transaction-api-1.3.3.jar;C:\Users\lenna\.m2\repository\io\smallrye\reactive\mutiny\1.9.0\mutiny-1.9.0.jar;C:\Users\lenna\.m2\repository\org\reactivestreams\reactive-streams\1.0.3\reactive-streams-1.0.3.jar;C:\Users\lenna\.m2\repository\io\quarkus\quarkus-core\2.16.6.Final\quarkus-core-2.16.6.Final.jar;C:\Users\lenna\.m2\repository\jakarta\inject\jakarta.inject-api\1.0\jakarta.inject-api-1.0.jar;C:\Users\lenna\.m2\repository\io\quarkus\quarkus-ide-launcher\2.16.6.Final\quarkus-ide-launcher-2.16.6.Final.jar;C:\Users\lenna\.m2\repository\io\quarkus\quarkus-development-mode-spi\2.16.6.Final\quarkus-development-mode-spi-2.16.6.Final.jar;C:\Users\lenna\.m2\repository\io\smallrye\config\smallrye-config\2.13.3\smallrye-config-2.13.3.jar;C:\Users\lenna\.m2\repository\io\smallrye\config\smallrye-config-core\2.13.3\smallrye-config-core-2.13.3.jar;C:\Users\lenna\.m2\repository\org\eclipse\microprofile\config\microprofile-config-api\2.0.1\microprofile-config-api-2.0.1.jar;C:\Users\lenna\.m2\repository\io\smallrye\common\smallrye-common-expression\1.13.2\smallrye-common-expression-1.13.2.jar;C:\Users\lenna\.m2\repository\io\smallrye\common\smallrye-common-function\1.13.2\smallrye-common-function-1.13.2.jar;C:\Users\lenna\.m2\repository\io\smallrye\common\smallrye-common-classloader\1.13.2\smallrye-common-classloader-1.13.2.jar;C:\Users\lenna\.m2\repository\io\smallrye\config\smallrye-config-common\2.13.3\smallrye-config-common-2.13.3.jar;C:\Users\lenna\.m2\repository\org\jboss\logmanager\jboss-logmanager-embedded\1.0.11\jboss-logmanager-embedded-1.0.11.jar;C:\Users\lenna\.m2\repository\org\jboss\logging\jboss-logging-annotations\2.2.1.Final\jboss-logging-annotations-2.2.1.Final.jar;C:\Users\lenna\.m2\repository\org\jboss\threads\jboss-threads\3.4.3.Final\jboss-threads-3.4.3.Final.jar;C:\Users\lenna\.m2\repository\org\slf4j\slf4j-api\1.7.36\slf4j-api-1.7.36.jar;C:\Users\lenna\.m2\repository\org\graalvm\sdk\graal-sdk\22.3.0\graal-sdk-22.3.0.jar;C:\Users\lenna\.m2\repository\org\wildfly\common\wildfly-common\1.5.4.Final-format-001\wildfly-common-1.5.4.Final-format-001.jar;C:\Users\lenna\.m2\repository\io\quarkus\quarkus-bootstrap-runner\2.16.6.Final\quarkus-bootstrap-runner-2.16.6.Final.jar;C:\Users\lenna\.m2\repository\io\quarkus\quarkus-fs-util\0.0.9\quarkus-fs-util-0.0.9.jar;C:\Users\lenna\.m2\repository\org\eclipse\microprofile\context-propagation\microprofile-context-propagation-api\1.2\microprofile-context-propagation-api-1.2.jar;C:\Users\lenna\.m2\repository\io\quarkus\quarkus-scheduler\2.16.6.Final\quarkus-scheduler-2.16.6.Final.jar;C:\Users\lenna\.m2\repository\io\quarkus\quarkus-scheduler-kotlin\2.16.6.Final\quarkus-scheduler-kotlin-2.16.6.Final.jar;C:\Users\lenna\.m2\repository\io\quarkus\quarkus-scheduler-common\2.16.6.Final\quarkus-scheduler-common-2.16.6.Final.jar;C:\Users\lenna\.m2\repository\io\quarkus\quarkus-scheduler-api\2.16.6.Final\quarkus-scheduler-api-2.16.6.Final.jar;C:\Users\lenna\.m2\repository\com\cronutils\cron-utils\9.2.0\cron-utils-9.2.0.jar;C:\Users\lenna\.m2\repository\io\quarkus\quarkus-vertx\2.16.6.Final\quarkus-vertx-2.16.6.Final.jar;C:\Users\lenna\.m2\repository\io\quarkus\quarkus-netty\2.16.6.Final\quarkus-netty-2.16.6.Final.jar;C:\Users\lenna\.m2\repository\io\netty\netty-codec\4.1.86.Final\netty-codec-4.1.86.Final.jar;C:\Users\lenna\.m2\repository\io\netty\netty-codec-http\4.1.86.Final\netty-codec-http-4.1.86.Final.jar;C:\Users\lenna\.m2\repository\io\netty\netty-codec-http2\4.1.86.Final\netty-codec-http2-4.1.86.Final.jar;C:\Users\lenna\.m2\repository\io\netty\netty-handler\4.1.86.Final\netty-handler-4.1.86.Final.jar;C:\Users\lenna\.m2\repository\io\netty\netty-transport-native-unix-common\4.1.86.Final\netty-transport-native-unix-common-4.1.86.Final.jar;C:\Users\lenna\.m2\repository\com\aayushatharva\brotli4j\brotli4j\1.8.0\brotli4j-1.8.0.jar;C:\Users\lenna\.m2\repository\com\aayushatharva\brotli4j\native-windows-x86_64\1.8.0\native-windows-x86_64-1.8.0.jar;C:\Users\lenna\.m2\repository\io\netty\netty-codec-haproxy\4.1.86.Final\netty-codec-haproxy-4.1.86.Final.jar;C:\Users\lenna\.m2\repository\io\netty\netty-buffer\4.1.86.Final\netty-buffer-4.1.86.Final.jar;C:\Users\lenna\.m2\repository\io\netty\netty-transport\4.1.86.Final\netty-transport-4.1.86.Final.jar;C:\Users\lenna\.m2\repository\io\smallrye\common\smallrye-common-annotation\1.13.2\smallrye-common-annotation-1.13.2.jar;C:\Users\lenna\.m2\repository\io\quarkus\quarkus-vertx-latebound-mdc-provider\2.16.6.Final\quarkus-vertx-latebound-mdc-provider-2.16.6.Final.jar;C:\Users\lenna\.m2\repository\io\smallrye\reactive\smallrye-mutiny-vertx-core\2.30.1\smallrye-mutiny-vertx-core-2.30.1.jar;C:\Users\lenna\.m2\repository\io\smallrye\reactive\smallrye-mutiny-vertx-runtime\2.30.1\smallrye-mutiny-vertx-runtime-2.30.1.jar;C:\Users\lenna\.m2\repository\io\smallrye\reactive\vertx-mutiny-generator\2.30.1\vertx-mutiny-generator-2.30.1.jar;C:\Users\lenna\.m2\repository\io\vertx\vertx-codegen\4.3.7\vertx-codegen-4.3.7.jar;C:\Users\lenna\.m2\repository\io\smallrye\smallrye-fault-tolerance-vertx\5.6.0\smallrye-fault-tolerance-vertx-5.6.0.jar;C:\Users\lenna\.m2\repository\org\jboss\slf4j\slf4j-jboss-logmanager\1.2.0.Final\slf4j-jboss-logmanager-1.2.0.Final.jar;C:\Users\lenna\.m2\repository\org\glassfish\jakarta.el\3.0.4\jakarta.el-3.0.4.jar;C:\Users\lenna\.m2\repository\io\quarkus\quarkus-smallrye-reactive-messaging-kafka\2.16.6.Final\quarkus-smallrye-reactive-messaging-kafka-2.16.6.Final.jar;C:\Users\lenna\.m2\repository\io\quarkus\quarkus-kafka-client\2.16.6.Final\quarkus-kafka-client-2.16.6.Final.jar;C:\Users\lenna\.m2\repository\io\quarkus\quarkus-caffeine\2.16.6.Final\quarkus-caffeine-2.16.6.Final.jar;C:\Users\lenna\.m2\repository\com\github\ben-manes\caffeine\caffeine\3.1.1\caffeine-3.1.1.jar;C:\Users\lenna\.m2\repository\com\google\errorprone\error_prone_annotations\2.17.0\error_prone_annotations-2.17.0.jar;C:\Users\lenna\.m2\repository\io\smallrye\reactive\smallrye-reactive-messaging-kafka\3.22.1\smallrye-reactive-messaging-kafka-3.22.1.jar;C:\Users\lenna\.m2\repository\io\smallrye\reactive\smallrye-reactive-messaging-kafka-api\3.22.1\smallrye-reactive-messaging-kafka-api-3.22.1.jar;C:\Users\lenna\.m2\repository\io\opentelemetry\opentelemetry-api\1.21.0\opentelemetry-api-1.21.0.jar;C:\Users\lenna\.m2\repository\io\opentelemetry\opentelemetry-context\1.21.0\opentelemetry-context-1.21.0.jar;C:\Users\lenna\.m2\repository\io\opentelemetry\opentelemetry-semconv\1.21.0-alpha\opentelemetry-semconv-1.21.0-alpha.jar;C:\Users\lenna\.m2\repository\io\smallrye\reactive\smallrye-reactive-converter-api\2.7.0\smallrye-reactive-converter-api-2.7.0.jar;C:\Users\lenna\.m2\repository\io\quarkus\quarkus-jackson\2.16.6.Final\quarkus-jackson-2.16.6.Final.jar;C:\Users\lenna\.m2\repository\com\fasterxml\jackson\core\jackson-databind\2.14.2\jackson-databind-2.14.2.jar;C:\Users\lenna\.m2\repository\com\fasterxml\jackson\core\jackson-annotations\2.14.2\jackson-annotations-2.14.2.jar;C:\Users\lenna\.m2\repository\com\fasterxml\jackson\core\jackson-core\2.14.2\jackson-core-2.14.2.jar;C:\Users\lenna\.m2\repository\com\fasterxml\jackson\datatype\jackson-datatype-jsr310\2.14.2\jackson-datatype-jsr310-2.14.2.jar;C:\Users\lenna\.m2\repository\com\fasterxml\jackson\datatype\jackson-datatype-jdk8\2.14.2\jackson-datatype-jdk8-2.14.2.jar;C:\Users\lenna\.m2\repository\com\fasterxml\jackson\module\jackson-module-parameter-names\2.14.2\jackson-module-parameter-names-2.14.2.jar;C:\Users\lenna\.m2\repository\org\apache\kafka\kafka-clients\3.3.2\kafka-clients-3.3.2.jar;C:\Users\lenna\.m2\repository\com\github\luben\zstd-jni\1.5.2-1\zstd-jni-1.5.2-1.jar;C:\Users\lenna\.m2\repository\org\lz4\lz4-java\1.8.0\lz4-java-1.8.0.jar;C:\Users\lenna\.m2\repository\org\xerial\snappy\snappy-java\1.1.8.4\snappy-java-1.1.8.4.jar;C:\Users\lenna\.m2\repository\io\vertx\vertx-kafka-client\4.3.7\vertx-kafka-client-4.3.7.jar;C:\Users\lenna\.m2\repository\io\vertx\vertx-core\4.3.7\vertx-core-4.3.7.jar;C:\Users\lenna\.m2\repository\io\netty\netty-common\4.1.86.Final\netty-common-4.1.86.Final.jar;C:\Users\lenna\.m2\repository\io\netty\netty-handler-proxy\4.1.86.Final\netty-handler-proxy-4.1.86.Final.jar;C:\Users\lenna\.m2\repository\io\netty\netty-codec-socks\4.1.86.Final\netty-codec-socks-4.1.86.Final.jar;C:\Users\lenna\.m2\repository\io\netty\netty-resolver\4.1.86.Final\netty-resolver-4.1.86.Final.jar;C:\Users\lenna\.m2\repository\io\netty\netty-resolver-dns\4.1.86.Final\netty-resolver-dns-4.1.86.Final.jar;C:\Users\lenna\.m2\repository\io\netty\netty-codec-dns\4.1.86.Final\netty-codec-dns-4.1.86.Final.jar;C:\Users\lenna\.m2\repository\io\quarkus\quarkus-smallrye-reactive-messaging\2.16.6.Final\quarkus-smallrye-reactive-messaging-2.16.6.Final.jar;C:\Users\lenna\.m2\repository\io\quarkus\quarkus-mutiny-reactive-streams-operators\2.16.6.Final\quarkus-mutiny-reactive-streams-operators-2.16.6.Final.jar;C:\Users\lenna\.m2\repository\org\eclipse\microprofile\reactive-streams-operators\microprofile-reactive-streams-operators-api\1.0.1\microprofile-reactive-streams-operators-api-1.0.1.jar;C:\Users\lenna\.m2\repository\org\eclipse\microprofile\reactive-streams-operators\microprofile-reactive-streams-operators-core\1.0.1\microprofile-reactive-streams-operators-core-1.0.1.jar;C:\Users\lenna\.m2\repository\io\smallrye\reactive\mutiny-reactive-streams-operators\1.9.0\mutiny-reactive-streams-operators-1.9.0.jar;C:\Users\lenna\.m2\repository\io\quarkus\quarkus-smallrye-reactive-messaging-kotlin\2.16.6.Final\quarkus-smallrye-reactive-messaging-kotlin-2.16.6.Final.jar;C:\Users\lenna\.m2\repository\io\smallrye\reactive\smallrye-reactive-messaging-health\3.22.1\smallrye-reactive-messaging-health-3.22.1.jar;C:\Users\lenna\.m2\repository\org\eclipse\microprofile\health\microprofile-health-api\3.1\microprofile-health-api-3.1.jar;C:\Users\lenna\.m2\repository\io\smallrye\reactive\smallrye-reactive-messaging-provider\3.22.1\smallrye-reactive-messaging-provider-3.22.1.jar;C:\Users\lenna\.m2\repository\io\smallrye\reactive\smallrye-reactive-messaging-api\3.22.1\smallrye-reactive-messaging-api-3.22.1.jar;C:\Users\lenna\.m2\repository\jakarta\annotation\jakarta.annotation-api\1.3.5\jakarta.annotation-api-1.3.5.jar;C:\Users\lenna\.m2\repository\io\quarkus\quarkus-junit5\2.16.6.Final\quarkus-junit5-2.16.6.Final.jar;C:\Users\lenna\.m2\repository\io\quarkus\quarkus-bootstrap-core\2.16.6.Final\quarkus-bootstrap-core-2.16.6.Final.jar;C:\Users\lenna\.m2\repository\io\quarkus\quarkus-bootstrap-app-model\2.16.6.Final\quarkus-bootstrap-app-model-2.16.6.Final.jar;C:\Users\lenna\.m2\repository\io\smallrye\common\smallrye-common-io\1.13.2\smallrye-common-io-1.13.2.jar;C:\Users\lenna\.m2\repository\org\eclipse\sisu\org.eclipse.sisu.inject\0.3.5\org.eclipse.sisu.inject-0.3.5.jar;C:\Users\lenna\.m2\repository\io\quarkus\quarkus-test-common\2.16.6.Final\quarkus-test-common-2.16.6.Final.jar;C:\Users\lenna\.m2\repository\io\quarkus\quarkus-core-deployment\2.16.6.Final\quarkus-core-deployment-2.16.6.Final.jar;C:\Users\lenna\.m2\repository\org\aesh\readline\2.2\readline-2.2.jar;C:\Users\lenna\.m2\repository\org\fusesource\jansi\jansi\1.18\jansi-1.18.jar;C:\Users\lenna\.m2\repository\org\aesh\aesh\2.7\aesh-2.7.jar;C:\Users\lenna\.m2\repository\io\quarkus\gizmo\gizmo\1.6.0.Final\gizmo-1.6.0.Final.jar;C:\Users\lenna\.m2\repository\org\ow2\asm\asm-util\9.4\asm-util-9.4.jar;C:\Users\lenna\.m2\repository\org\ow2\asm\asm-analysis\9.4\asm-analysis-9.4.jar;C:\Users\lenna\.m2\repository\org\ow2\asm\asm\9.4\asm-9.4.jar;C:\Users\lenna\.m2\repository\org\ow2\asm\asm-commons\9.4\asm-commons-9.4.jar;C:\Users\lenna\.m2\repository\org\ow2\asm\asm-tree\9.4\asm-tree-9.4.jar;C:\Users\lenna\.m2\repository\io\quarkus\quarkus-class-change-agent\2.16.6.Final\quarkus-class-change-agent-2.16.6.Final.jar;C:\Users\lenna\.m2\repository\io\quarkus\quarkus-devtools-utilities\2.16.6.Final\quarkus-devtools-utilities-2.16.6.Final.jar;C:\Users\lenna\.m2\repository\io\quarkus\quarkus-builder\2.16.6.Final\quarkus-builder-2.16.6.Final.jar;C:\Users\lenna\.m2\repository\org\junit\platform\junit-platform-launcher\1.9.2\junit-platform-launcher-1.9.2.jar;C:\Users\lenna\.m2\repository\io\quarkus\quarkus-bootstrap-maven-resolver\2.16.6.Final\quarkus-bootstrap-maven-resolver-2.16.6.Final.jar;C:\Users\lenna\.m2\repository\org\apache\maven\maven-embedder\3.8.6\maven-embedder-3.8.6.jar;C:\Users\lenna\.m2\repository\org\apache\maven\maven-settings\3.8.6\maven-settings-3.8.6.jar;C:\Users\lenna\.m2\repository\org\apache\maven\maven-core\3.8.6\maven-core-3.8.6.jar;C:\Users\lenna\.m2\repository\org\apache\maven\maven-artifact\3.8.6\maven-artifact-3.8.6.jar;C:\Users\lenna\.m2\repository\org\codehaus\plexus\plexus-component-annotations\2.1.0\plexus-component-annotations-2.1.0.jar;C:\Users\lenna\.m2\repository\org\apache\maven\maven-plugin-api\3.8.6\maven-plugin-api-3.8.6.jar;C:\Users\lenna\.m2\repository\org\apache\maven\maven-model\3.8.6\maven-model-3.8.6.jar;C:\Users\lenna\.m2\repository\org\apache\maven\maven-model-builder\3.8.6\maven-model-builder-3.8.6.jar;C:\Users\lenna\.m2\repository\org\apache\maven\maven-builder-support\3.8.6\maven-builder-support-3.8.6.jar;C:\Users\lenna\.m2\repository\org\apache\maven\resolver\maven-resolver-api\1.6.3\maven-resolver-api-1.6.3.jar;C:\Users\lenna\.m2\repository\org\apache\maven\resolver\maven-resolver-util\1.6.3\maven-resolver-util-1.6.3.jar;C:\Users\lenna\.m2\repository\org\apache\maven\shared\maven-shared-utils\3.3.4\maven-shared-utils-3.3.4.jar;C:\Users\lenna\.m2\repository\com\google\inject\guice\4.2.2\guice-4.2.2-no_aop.jar;C:\Users\lenna\.m2\repository\com\google\guava\guava\31.1-jre\guava-31.1-jre.jar;C:\Users\lenna\.m2\repository\com\google\guava\failureaccess\1.0.1\failureaccess-1.0.1.jar;C:\Users\lenna\.m2\repository\org\codehaus\plexus\plexus-classworlds\2.6.0\plexus-classworlds-2.6.0.jar;C:\Users\lenna\.m2\repository\org\codehaus\plexus\plexus-sec-dispatcher\2.0\plexus-sec-dispatcher-2.0.jar;C:\Users\lenna\.m2\repository\org\codehaus\plexus\plexus-cipher\2.0\plexus-cipher-2.0.jar;C:\Users\lenna\.m2\repository\commons-cli\commons-cli\1.4\commons-cli-1.4.jar;C:\Users\lenna\.m2\repository\org\eclipse\sisu\org.eclipse.sisu.plexus\0.3.5\org.eclipse.sisu.plexus-0.3.5.jar;C:\Users\lenna\.m2\repository\org\apache\maven\maven-settings-builder\3.8.6\maven-settings-builder-3.8.6.jar;C:\Users\lenna\.m2\repository\org\codehaus\plexus\plexus-interpolation\1.26\plexus-interpolation-1.26.jar;C:\Users\lenna\.m2\repository\org\apache\maven\maven-resolver-provider\3.8.6\maven-resolver-provider-3.8.6.jar;C:\Users\lenna\.m2\repository\org\apache\maven\maven-repository-metadata\3.8.6\maven-repository-metadata-3.8.6.jar;C:\Users\lenna\.m2\repository\org\apache\maven\resolver\maven-resolver-spi\1.6.3\maven-resolver-spi-1.6.3.jar;C:\Users\lenna\.m2\repository\org\apache\maven\resolver\maven-resolver-impl\1.6.3\maven-resolver-impl-1.6.3.jar;C:\Users\lenna\.m2\repository\org\codehaus\plexus\plexus-utils\3.3.0\plexus-utils-3.3.0.jar;C:\Users\lenna\.m2\repository\org\apache\maven\resolver\maven-resolver-connector-basic\1.6.3\maven-resolver-connector-basic-1.6.3.jar;C:\Users\lenna\.m2\repository\org\apache\maven\resolver\maven-resolver-transport-wagon\1.6.3\maven-resolver-transport-wagon-1.6.3.jar;C:\Users\lenna\.m2\repository\org\apache\maven\wagon\wagon-http\3.5.1\wagon-http-3.5.1.jar;C:\Users\lenna\.m2\repository\org\apache\maven\wagon\wagon-http-shared\3.5.1\wagon-http-shared-3.5.1.jar;C:\Users\lenna\.m2\repository\org\apache\maven\wagon\wagon-provider-api\3.5.1\wagon-provider-api-3.5.1.jar;C:\Users\lenna\.m2\repository\org\apache\maven\wagon\wagon-file\3.5.1\wagon-file-3.5.1.jar;C:\Users\lenna\.m2\repository\io\quarkus\quarkus-bootstrap-gradle-resolver\2.16.6.Final\quarkus-bootstrap-gradle-resolver-2.16.6.Final.jar;C:\Users\lenna\.m2\repository\io\smallrye\jandex\3.0.5\jandex-3.0.5.jar;C:\Users\lenna\.m2\repository\org\jboss\logging\commons-logging-jboss-logging\1.0.0.Final\commons-logging-jboss-logging-1.0.0.Final.jar;C:\Users\lenna\.m2\repository\io\quarkus\quarkus-junit5-properties\2.16.6.Final\quarkus-junit5-properties-2.16.6.Final.jar;C:\Users\lenna\.m2\repository\org\junit\jupiter\junit-jupiter\5.9.2\junit-jupiter-5.9.2.jar;C:\Users\lenna\.m2\repository\org\junit\jupiter\junit-jupiter-api\5.9.2\junit-jupiter-api-5.9.2.jar;C:\Users\lenna\.m2\repository\org\opentest4j\opentest4j\1.2.0\opentest4j-1.2.0.jar;C:\Users\lenna\.m2\repository\org\junit\platform\junit-platform-commons\1.9.2\junit-platform-commons-1.9.2.jar;C:\Users\lenna\.m2\repository\org\apiguardian\apiguardian-api\1.1.2\apiguardian-api-1.1.2.jar;C:\Users\lenna\.m2\repository\org\junit\jupiter\junit-jupiter-params\5.9.2\junit-jupiter-params-5.9.2.jar;C:\Users\lenna\.m2\repository\org\junit\jupiter\junit-jupiter-engine\5.9.2\junit-jupiter-engine-5.9.2.jar;C:\Users\lenna\.m2\repository\org\junit\platform\junit-platform-engine\1.9.2\junit-platform-engine-1.9.2.jar;C:\Users\lenna\.m2\repository\com\thoughtworks\xstream\xstream\1.4.20\xstream-1.4.20.jar;C:\Users\lenna\.m2\repository\io\github\x-stream\mxparser\1.2.2\mxparser-1.2.2.jar;C:\Users\lenna\.m2\repository\xmlpull\xmlpull\1.1.3.1\xmlpull-1.1.3.1.jar;C:\Users\lenna\.m2\repository\io\rest-assured\rest-assured\4.5.1\rest-assured-4.5.1.jar;C:\Users\lenna\.m2\repository\org\codehaus\groovy\groovy\3.0.9\groovy-3.0.9.jar;C:\Users\lenna\.m2\repository\org\codehaus\groovy\groovy-xml\3.0.9\groovy-xml-3.0.9.jar;C:\Users\lenna\.m2\repository\org\apache\httpcomponents\httpclient\4.5.14\httpclient-4.5.14.jar;C:\Users\lenna\.m2\repository\org\apache\httpcomponents\httpcore\4.4.16\httpcore-4.4.16.jar;C:\Users\lenna\.m2\repository\commons-codec\commons-codec\1.15\commons-codec-1.15.jar;C:\Users\lenna\.m2\repository\org\apache\httpcomponents\httpmime\4.5.14\httpmime-4.5.14.jar;C:\Users\lenna\.m2\repository\org\hamcrest\hamcrest\2.1\hamcrest-2.1.jar;C:\Users\lenna\.m2\repository\org\ccil\cowan\tagsoup\tagsoup\1.2.1\tagsoup-1.2.1.jar;C:\Users\lenna\.m2\repository\io\rest-assured\json-path\4.5.1\json-path-4.5.1.jar;C:\Users\lenna\.m2\repository\org\codehaus\groovy\groovy-json\3.0.9\groovy-json-3.0.9.jar;C:\Users\lenna\.m2\repository\io\rest-assured\rest-assured-common\4.5.1\rest-assured-common-4.5.1.jar;C:\Users\lenna\.m2\repository\io\rest-assured\xml-path\4.5.1\xml-path-4.5.1.jar;C:\Users\lenna\.m2\repository\org\apache\commons\commons-lang3\3.12.0\commons-lang3-3.12.0.jar;"/>
    <property name="java.vm.vendor" value="Oracle Corporation"/>
    <property name="sun.arch.data.model" value="64"/>
    <property name="user.variant" value=""/>
    <property name="java.vendor.url" value="https://java.oracle.com/"/>
    <property name="user.timezone" value="Europe/Berlin"/>
    <property name="user.country.format" value="DE"/>
    <property name="logging.initial-configurator.min-level" value="500"/>
    <property name="os.name" value="Windows 11"/>
    <property name="java.vm.specification.version" value="20"/>
    <property name="sun.java.launcher" value="SUN_STANDARD"/>
    <property name="user.country" value="US"/>
    <property name="sun.boot.library.path" value="C:\Users\lenna\.jdks\openjdk-20.0.1\bin"/>
    <property name="sun.java.command" value="C:\Users\lenna\AppData\Local\Temp\surefire5617649072958746596\surefirebooter-20230711120631738_3.jar C:\Users\lenna\AppData\Local\Temp\surefire5617649072958746596 2023-07-11T12-06-31_344-jvmRun1 surefire-20230711120631738_1tmp surefire_0-20230711120631738_2tmp"/>
    <property name="jdk.debug" value="release"/>
    <property name="maven.home" value="C:\Users\lenna\AppData\Local\JetBrains\Toolbox\apps\IDEA-U\ch-0\231.8770.65\plugins\maven\lib\maven3"/>
    <property name="surefire.test.class.path" value="C:\Users\lenna\Programming\verteilte-anwendungen-lab4\target\test-classes;C:\Users\lenna\Programming\verteilte-anwendungen-lab4\target\classes;C:\Users\lenna\.m2\repository\io\quarkus\quarkus-resteasy\2.16.6.Final\quarkus-resteasy-2.16.6.Final.jar;C:\Users\lenna\.m2\repository\io\quarkus\quarkus-vertx-http\2.16.6.Final\quarkus-vertx-http-2.16.6.Final.jar;C:\Users\lenna\.m2\repository\io\quarkus\quarkus-security-runtime-spi\2.16.6.Final\quarkus-security-runtime-spi-2.16.6.Final.jar;C:\Users\lenna\.m2\repository\io\quarkus\quarkus-credentials\2.16.6.Final\quarkus-credentials-2.16.6.Final.jar;C:\Users\lenna\.m2\repository\io\quarkus\quarkus-mutiny\2.16.6.Final\quarkus-mutiny-2.16.6.Final.jar;C:\Users\lenna\.m2\repository\io\quarkus\quarkus-smallrye-context-propagation\2.16.6.Final\quarkus-smallrye-context-propagation-2.16.6.Final.jar;C:\Users\lenna\.m2\repository\io\smallrye\smallrye-context-propagation\1.2.2\smallrye-context-propagation-1.2.2.jar;C:\Users\lenna\.m2\repository\io\smallrye\smallrye-context-propagation-api\1.2.2\smallrye-context-propagation-api-1.2.2.jar;C:\Users\lenna\.m2\repository\io\smallrye\smallrye-context-propagation-storage\1.2.2\smallrye-context-propagation-storage-1.2.2.jar;C:\Users\lenna\.m2\repository\io\smallrye\reactive\mutiny-smallrye-context-propagation\1.9.0\mutiny-smallrye-context-propagation-1.9.0.jar;C:\Users\lenna\.m2\repository\io\smallrye\common\smallrye-common-vertx-context\1.13.2\smallrye-common-vertx-context-1.13.2.jar;C:\Users\lenna\.m2\repository\io\smallrye\common\smallrye-common-constraint\1.13.2\smallrye-common-constraint-1.13.2.jar;C:\Users\lenna\.m2\repository\io\quarkus\quarkus-vertx-http-dev-console-runtime-spi\2.16.6.Final\quarkus-vertx-http-dev-console-runtime-spi-2.16.6.Final.jar;C:\Users\lenna\.m2\repository\io\quarkus\security\quarkus-security\1.1.4.Final\quarkus-security-1.1.4.Final.jar;C:\Users\lenna\.m2\repository\io\smallrye\reactive\smallrye-mutiny-vertx-web\2.30.1\smallrye-mutiny-vertx-web-2.30.1.jar;C:\Users\lenna\.m2\repository\io\smallrye\reactive\smallrye-mutiny-vertx-web-common\2.30.1\smallrye-mutiny-vertx-web-common-2.30.1.jar;C:\Users\lenna\.m2\repository\io\smallrye\reactive\smallrye-mutiny-vertx-auth-common\2.30.1\smallrye-mutiny-vertx-auth-common-2.30.1.jar;C:\Users\lenna\.m2\repository\io\smallrye\reactive\smallrye-mutiny-vertx-bridge-common\2.30.1\smallrye-mutiny-vertx-bridge-common-2.30.1.jar;C:\Users\lenna\.m2\repository\io\smallrye\reactive\smallrye-mutiny-vertx-uri-template\2.30.1\smallrye-mutiny-vertx-uri-template-2.30.1.jar;C:\Users\lenna\.m2\repository\io\vertx\vertx-uri-template\4.3.7\vertx-uri-template-4.3.7.jar;C:\Users\lenna\.m2\repository\io\vertx\vertx-web\4.3.7\vertx-web-4.3.7.jar;C:\Users\lenna\.m2\repository\io\vertx\vertx-web-common\4.3.7\vertx-web-common-4.3.7.jar;C:\Users\lenna\.m2\repository\io\vertx\vertx-auth-common\4.3.7\vertx-auth-common-4.3.7.jar;C:\Users\lenna\.m2\repository\io\vertx\vertx-bridge-common\4.3.7\vertx-bridge-common-4.3.7.jar;C:\Users\lenna\.m2\repository\io\github\crac\org-crac\0.1.3\org-crac-0.1.3.jar;C:\Users\lenna\.m2\repository\io\quarkus\quarkus-resteasy-server-common\2.16.6.Final\quarkus-resteasy-server-common-2.16.6.Final.jar;C:\Users\lenna\.m2\repository\io\quarkus\quarkus-resteasy-common\2.16.6.Final\quarkus-resteasy-common-2.16.6.Final.jar;C:\Users\lenna\.m2\repository\org\jboss\resteasy\resteasy-core\4.7.7.Final\resteasy-core-4.7.7.Final.jar;C:\Users\lenna\.m2\repository\org\jboss\spec\javax\ws\rs\jboss-jaxrs-api_2.1_spec\2.0.1.Final\jboss-jaxrs-api_2.1_spec-2.0.1.Final.jar;C:\Users\lenna\.m2\repository\org\jboss\spec\javax\xml\bind\jboss-jaxb-api_2.3_spec\2.0.0.Final\jboss-jaxb-api_2.3_spec-2.0.0.Final.jar;C:\Users\lenna\.m2\repository\org\jboss\resteasy\resteasy-core-spi\4.7.7.Final\resteasy-core-spi-4.7.7.Final.jar;C:\Users\lenna\.m2\repository\com\ibm\async\asyncutil\0.1.0\asyncutil-0.1.0.jar;C:\Users\lenna\.m2\repository\com\sun\activation\jakarta.activation\1.2.1\jakarta.activation-1.2.1.jar;C:\Users\lenna\.m2\repository\jakarta\validation\jakarta.validation-api\2.0.2\jakarta.validation-api-2.0.2.jar;C:\Users\lenna\.m2\repository\io\quarkus\quarkus-resteasy-jsonb\2.16.6.Final\quarkus-resteasy-jsonb-2.16.6.Final.jar;C:\Users\lenna\.m2\repository\io\quarkus\quarkus-jsonb\2.16.6.Final\quarkus-jsonb-2.16.6.Final.jar;C:\Users\lenna\.m2\repository\org\eclipse\yasson\1.0.11\yasson-1.0.11.jar;C:\Users\lenna\.m2\repository\io\quarkus\quarkus-jsonp\2.16.6.Final\quarkus-jsonp-2.16.6.Final.jar;C:\Users\lenna\.m2\repository\org\glassfish\jakarta.json\1.1.6\jakarta.json-1.1.6.jar;C:\Users\lenna\.m2\repository\org\jboss\resteasy\resteasy-json-binding-provider\4.7.7.Final\resteasy-json-binding-provider-4.7.7.Final.jar;C:\Users\lenna\.m2\repository\jakarta\json\bind\jakarta.json.bind-api\1.0.2\jakarta.json.bind-api-1.0.2.jar;C:\Users\lenna\.m2\repository\org\jboss\logging\jboss-logging\3.5.0.Final\jboss-logging-3.5.0.Final.jar;C:\Users\lenna\.m2\repository\org\jboss\resteasy\resteasy-json-p-provider\4.7.7.Final\resteasy-json-p-provider-4.7.7.Final.jar;C:\Users\lenna\.m2\repository\commons-io\commons-io\2.11.0\commons-io-2.11.0.jar;C:\Users\lenna\.m2\repository\io\quarkus\quarkus-arc\2.16.6.Final\quarkus-arc-2.16.6.Final.jar;C:\Users\lenna\.m2\repository\io\quarkus\arc\arc\2.16.6.Final\arc-2.16.6.Final.jar;C:\Users\lenna\.m2\repository\jakarta\enterprise\jakarta.enterprise.cdi-api\2.0.2\jakarta.enterprise.cdi-api-2.0.2.jar;C:\Users\lenna\.m2\repository\jakarta\el\jakarta.el-api\3.0.3\jakarta.el-api-3.0.3.jar;C:\Users\lenna\.m2\repository\jakarta\interceptor\jakarta.interceptor-api\1.2.5\jakarta.interceptor-api-1.2.5.jar;C:\Users\lenna\.m2\repository\jakarta\transaction\jakarta.transaction-api\1.3.3\jakarta.transaction-api-1.3.3.jar;C:\Users\lenna\.m2\repository\io\smallrye\reactive\mutiny\1.9.0\mutiny-1.9.0.jar;C:\Users\lenna\.m2\repository\org\reactivestreams\reactive-streams\1.0.3\reactive-streams-1.0.3.jar;C:\Users\lenna\.m2\repository\io\quarkus\quarkus-core\2.16.6.Final\quarkus-core-2.16.6.Final.jar;C:\Users\lenna\.m2\repository\jakarta\inject\jakarta.inject-api\1.0\jakarta.inject-api-1.0.jar;C:\Users\lenna\.m2\repository\io\quarkus\quarkus-ide-launcher\2.16.6.Final\quarkus-ide-launcher-2.16.6.Final.jar;C:\Users\lenna\.m2\repository\io\quarkus\quarkus-development-mode-spi\2.16.6.Final\quarkus-development-mode-spi-2.16.6.Final.jar;C:\Users\lenna\.m2\repository\io\smallrye\config\smallrye-config\2.13.3\smallrye-config-2.13.3.jar;C:\Users\lenna\.m2\repository\io\smallrye\config\smallrye-config-core\2.13.3\smallrye-config-core-2.13.3.jar;C:\Users\lenna\.m2\repository\org\eclipse\microprofile\config\microprofile-config-api\2.0.1\microprofile-config-api-2.0.1.jar;C:\Users\lenna\.m2\repository\io\smallrye\common\smallrye-common-expression\1.13.2\smallrye-common-expression-1.13.2.jar;C:\Users\lenna\.m2\repository\io\smallrye\common\smallrye-common-function\1.13.2\smallrye-common-function-1.13.2.jar;C:\Users\lenna\.m2\repository\io\smallrye\common\smallrye-common-classloader\1.13.2\smallrye-common-classloader-1.13.2.jar;C:\Users\lenna\.m2\repository\io\smallrye\config\smallrye-config-common\2.13.3\smallrye-config-common-2.13.3.jar;C:\Users\lenna\.m2\repository\org\jboss\logmanager\jboss-logmanager-embedded\1.0.11\jboss-logmanager-embedded-1.0.11.jar;C:\Users\lenna\.m2\repository\org\jboss\logging\jboss-logging-annotations\2.2.1.Final\jboss-logging-annotations-2.2.1.Final.jar;C:\Users\lenna\.m2\repository\org\jboss\threads\jboss-threads\3.4.3.Final\jboss-threads-3.4.3.Final.jar;C:\Users\lenna\.m2\repository\org\slf4j\slf4j-api\1.7.36\slf4j-api-1.7.36.jar;C:\Users\lenna\.m2\repository\org\graalvm\sdk\graal-sdk\22.3.0\graal-sdk-22.3.0.jar;C:\Users\lenna\.m2\repository\org\wildfly\common\wildfly-common\1.5.4.Final-format-001\wildfly-common-1.5.4.Final-format-001.jar;C:\Users\lenna\.m2\repository\io\quarkus\quarkus-bootstrap-runner\2.16.6.Final\quarkus-bootstrap-runner-2.16.6.Final.jar;C:\Users\lenna\.m2\repository\io\quarkus\quarkus-fs-util\0.0.9\quarkus-fs-util-0.0.9.jar;C:\Users\lenna\.m2\repository\org\eclipse\microprofile\context-propagation\microprofile-context-propagation-api\1.2\microprofile-context-propagation-api-1.2.jar;C:\Users\lenna\.m2\repository\io\quarkus\quarkus-scheduler\2.16.6.Final\quarkus-scheduler-2.16.6.Final.jar;C:\Users\lenna\.m2\repository\io\quarkus\quarkus-scheduler-kotlin\2.16.6.Final\quarkus-scheduler-kotlin-2.16.6.Final.jar;C:\Users\lenna\.m2\repository\io\quarkus\quarkus-scheduler-common\2.16.6.Final\quarkus-scheduler-common-2.16.6.Final.jar;C:\Users\lenna\.m2\repository\io\quarkus\quarkus-scheduler-api\2.16.6.Final\quarkus-scheduler-api-2.16.6.Final.jar;C:\Users\lenna\.m2\repository\com\cronutils\cron-utils\9.2.0\cron-utils-9.2.0.jar;C:\Users\lenna\.m2\repository\io\quarkus\quarkus-vertx\2.16.6.Final\quarkus-vertx-2.16.6.Final.jar;C:\Users\lenna\.m2\repository\io\quarkus\quarkus-netty\2.16.6.Final\quarkus-netty-2.16.6.Final.jar;C:\Users\lenna\.m2\repository\io\netty\netty-codec\4.1.86.Final\netty-codec-4.1.86.Final.jar;C:\Users\lenna\.m2\repository\io\netty\netty-codec-http\4.1.86.Final\netty-codec-http-4.1.86.Final.jar;C:\Users\lenna\.m2\repository\io\netty\netty-codec-http2\4.1.86.Final\netty-codec-http2-4.1.86.Final.jar;C:\Users\lenna\.m2\repository\io\netty\netty-handler\4.1.86.Final\netty-handler-4.1.86.Final.jar;C:\Users\lenna\.m2\repository\io\netty\netty-transport-native-unix-common\4.1.86.Final\netty-transport-native-unix-common-4.1.86.Final.jar;C:\Users\lenna\.m2\repository\com\aayushatharva\brotli4j\brotli4j\1.8.0\brotli4j-1.8.0.jar;C:\Users\lenna\.m2\repository\com\aayushatharva\brotli4j\native-windows-x86_64\1.8.0\native-windows-x86_64-1.8.0.jar;C:\Users\lenna\.m2\repository\io\netty\netty-codec-haproxy\4.1.86.Final\netty-codec-haproxy-4.1.86.Final.jar;C:\Users\lenna\.m2\repository\io\netty\netty-buffer\4.1.86.Final\netty-buffer-4.1.86.Final.jar;C:\Users\lenna\.m2\repository\io\netty\netty-transport\4.1.86.Final\netty-transport-4.1.86.Final.jar;C:\Users\lenna\.m2\repository\io\smallrye\common\smallrye-common-annotation\1.13.2\smallrye-common-annotation-1.13.2.jar;C:\Users\lenna\.m2\repository\io\quarkus\quarkus-vertx-latebound-mdc-provider\2.16.6.Final\quarkus-vertx-latebound-mdc-provider-2.16.6.Final.jar;C:\Users\lenna\.m2\repository\io\smallrye\reactive\smallrye-mutiny-vertx-core\2.30.1\smallrye-mutiny-vertx-core-2.30.1.jar;C:\Users\lenna\.m2\repository\io\smallrye\reactive\smallrye-mutiny-vertx-runtime\2.30.1\smallrye-mutiny-vertx-runtime-2.30.1.jar;C:\Users\lenna\.m2\repository\io\smallrye\reactive\vertx-mutiny-generator\2.30.1\vertx-mutiny-generator-2.30.1.jar;C:\Users\lenna\.m2\repository\io\vertx\vertx-codegen\4.3.7\vertx-codegen-4.3.7.jar;C:\Users\lenna\.m2\repository\io\smallrye\smallrye-fault-tolerance-vertx\5.6.0\smallrye-fault-tolerance-vertx-5.6.0.jar;C:\Users\lenna\.m2\repository\org\jboss\slf4j\slf4j-jboss-logmanager\1.2.0.Final\slf4j-jboss-logmanager-1.2.0.Final.jar;C:\Users\lenna\.m2\repository\org\glassfish\jakarta.el\3.0.4\jakarta.el-3.0.4.jar;C:\Users\lenna\.m2\repository\io\quarkus\quarkus-smallrye-reactive-messaging-kafka\2.16.6.Final\quarkus-smallrye-reactive-messaging-kafka-2.16.6.Final.jar;C:\Users\lenna\.m2\repository\io\quarkus\quarkus-kafka-client\2.16.6.Final\quarkus-kafka-client-2.16.6.Final.jar;C:\Users\lenna\.m2\repository\io\quarkus\quarkus-caffeine\2.16.6.Final\quarkus-caffeine-2.16.6.Final.jar;C:\Users\lenna\.m2\repository\com\github\ben-manes\caffeine\caffeine\3.1.1\caffeine-3.1.1.jar;C:\Users\lenna\.m2\repository\com\google\errorprone\error_prone_annotations\2.17.0\error_prone_annotations-2.17.0.jar;C:\Users\lenna\.m2\repository\io\smallrye\reactive\smallrye-reactive-messaging-kafka\3.22.1\smallrye-reactive-messaging-kafka-3.22.1.jar;C:\Users\lenna\.m2\repository\io\smallrye\reactive\smallrye-reactive-messaging-kafka-api\3.22.1\smallrye-reactive-messaging-kafka-api-3.22.1.jar;C:\Users\lenna\.m2\repository\io\opentelemetry\opentelemetry-api\1.21.0\opentelemetry-api-1.21.0.jar;C:\Users\lenna\.m2\repository\io\opentelemetry\opentelemetry-context\1.21.0\opentelemetry-context-1.21.0.jar;C:\Users\lenna\.m2\repository\io\opentelemetry\opentelemetry-semconv\1.21.0-alpha\opentelemetry-semconv-1.21.0-alpha.jar;C:\Users\lenna\.m2\repository\io\smallrye\reactive\smallrye-reactive-converter-api\2.7.0\smallrye-reactive-converter-api-2.7.0.jar;C:\Users\lenna\.m2\repository\io\quarkus\quarkus-jackson\2.16.6.Final\quarkus-jackson-2.16.6.Final.jar;C:\Users\lenna\.m2\repository\com\fasterxml\jackson\core\jackson-databind\2.14.2\jackson-databind-2.14.2.jar;C:\Users\lenna\.m2\repository\com\fasterxml\jackson\core\jackson-annotations\2.14.2\jackson-annotations-2.14.2.jar;C:\Users\lenna\.m2\repository\com\fasterxml\jackson\core\jackson-core\2.14.2\jackson-core-2.14.2.jar;C:\Users\lenna\.m2\repository\com\fasterxml\jackson\datatype\jackson-datatype-jsr310\2.14.2\jackson-datatype-jsr310-2.14.2.jar;C:\Users\lenna\.m2\repository\com\fasterxml\jackson\datatype\jackson-datatype-jdk8\2.14.2\jackson-datatype-jdk8-2.14.2.jar;C:\Users\lenna\.m2\repository\com\fasterxml\jackson\module\jackson-module-parameter-names\2.14.2\jackson-module-parameter-names-2.14.2.jar;C:\Users\lenna\.m2\repository\org\apache\kafka\kafka-clients\3.3.2\kafka-clients-3.3.2.jar;C:\Users\lenna\.m2\repository\com\github\luben\zstd-jni\1.5.2-1\zstd-jni-1.5.2-1.jar;C:\Users\lenna\.m2\repository\org\lz4\lz4-java\1.8.0\lz4-java-1.8.0.jar;C:\Users\lenna\.m2\repository\org\xerial\snappy\snappy-java\1.1.8.4\snappy-java-1.1.8.4.jar;C:\Users\lenna\.m2\repository\io\vertx\vertx-kafka-client\4.3.7\vertx-kafka-client-4.3.7.jar;C:\Users\lenna\.m2\repository\io\vertx\vertx-core\4.3.7\vertx-core-4.3.7.jar;C:\Users\lenna\.m2\repository\io\netty\netty-common\4.1.86.Final\netty-common-4.1.86.Final.jar;C:\Users\lenna\.m2\repository\io\netty\netty-handler-proxy\4.1.86.Final\netty-handler-proxy-4.1.86.Final.jar;C:\Users\lenna\.m2\repository\io\netty\netty-codec-socks\4.1.86.Final\netty-codec-socks-4.1.86.Final.jar;C:\Users\lenna\.m2\repository\io\netty\netty-resolver\4.1.86.Final\netty-resolver-4.1.86.Final.jar;C:\Users\lenna\.m2\repository\io\netty\netty-resolver-dns\4.1.86.Final\netty-resolver-dns-4.1.86.Final.jar;C:\Users\lenna\.m2\repository\io\netty\netty-codec-dns\4.1.86.Final\netty-codec-dns-4.1.86.Final.jar;C:\Users\lenna\.m2\repository\io\quarkus\quarkus-smallrye-reactive-messaging\2.16.6.Final\quarkus-smallrye-reactive-messaging-2.16.6.Final.jar;C:\Users\lenna\.m2\repository\io\quarkus\quarkus-mutiny-reactive-streams-operators\2.16.6.Final\quarkus-mutiny-reactive-streams-operators-2.16.6.Final.jar;C:\Users\lenna\.m2\repository\org\eclipse\microprofile\reactive-streams-operators\microprofile-reactive-streams-operators-api\1.0.1\microprofile-reactive-streams-operators-api-1.0.1.jar;C:\Users\lenna\.m2\repository\org\eclipse\microprofile\reactive-streams-operators\microprofile-reactive-streams-operators-core\1.0.1\microprofile-reactive-streams-operators-core-1.0.1.jar;C:\Users\lenna\.m2\repository\io\smallrye\reactive\mutiny-reactive-streams-operators\1.9.0\mutiny-reactive-streams-operators-1.9.0.jar;C:\Users\lenna\.m2\repository\io\quarkus\quarkus-smallrye-reactive-messaging-kotlin\2.16.6.Final\quarkus-smallrye-reactive-messaging-kotlin-2.16.6.Final.jar;C:\Users\lenna\.m2\repository\io\smallrye\reactive\smallrye-reactive-messaging-health\3.22.1\smallrye-reactive-messaging-health-3.22.1.jar;C:\Users\lenna\.m2\repository\org\eclipse\microprofile\health\microprofile-health-api\3.1\microprofile-health-api-3.1.jar;C:\Users\lenna\.m2\repository\io\smallrye\reactive\smallrye-reactive-messaging-provider\3.22.1\smallrye-reactive-messaging-provider-3.22.1.jar;C:\Users\lenna\.m2\repository\io\smallrye\reactive\smallrye-reactive-messaging-api\3.22.1\smallrye-reactive-messaging-api-3.22.1.jar;C:\Users\lenna\.m2\repository\jakarta\annotation\jakarta.annotation-api\1.3.5\jakarta.annotation-api-1.3.5.jar;C:\Users\lenna\.m2\repository\io\quarkus\quarkus-junit5\2.16.6.Final\quarkus-junit5-2.16.6.Final.jar;C:\Users\lenna\.m2\repository\io\quarkus\quarkus-bootstrap-core\2.16.6.Final\quarkus-bootstrap-core-2.16.6.Final.jar;C:\Users\lenna\.m2\repository\io\quarkus\quarkus-bootstrap-app-model\2.16.6.Final\quarkus-bootstrap-app-model-2.16.6.Final.jar;C:\Users\lenna\.m2\repository\io\smallrye\common\smallrye-common-io\1.13.2\smallrye-common-io-1.13.2.jar;C:\Users\lenna\.m2\repository\org\eclipse\sisu\org.eclipse.sisu.inject\0.3.5\org.eclipse.sisu.inject-0.3.5.jar;C:\Users\lenna\.m2\repository\io\quarkus\quarkus-test-common\2.16.6.Final\quarkus-test-common-2.16.6.Final.jar;C:\Users\lenna\.m2\repository\io\quarkus\quarkus-core-deployment\2.16.6.Final\quarkus-core-deployment-2.16.6.Final.jar;C:\Users\lenna\.m2\repository\org\aesh\readline\2.2\readline-2.2.jar;C:\Users\lenna\.m2\repository\org\fusesource\jansi\jansi\1.18\jansi-1.18.jar;C:\Users\lenna\.m2\repository\org\aesh\aesh\2.7\aesh-2.7.jar;C:\Users\lenna\.m2\repository\io\quarkus\gizmo\gizmo\1.6.0.Final\gizmo-1.6.0.Final.jar;C:\Users\lenna\.m2\repository\org\ow2\asm\asm-util\9.4\asm-util-9.4.jar;C:\Users\lenna\.m2\repository\org\ow2\asm\asm-analysis\9.4\asm-analysis-9.4.jar;C:\Users\lenna\.m2\repository\org\ow2\asm\asm\9.4\asm-9.4.jar;C:\Users\lenna\.m2\repository\org\ow2\asm\asm-commons\9.4\asm-commons-9.4.jar;C:\Users\lenna\.m2\repository\org\ow2\asm\asm-tree\9.4\asm-tree-9.4.jar;C:\Users\lenna\.m2\repository\io\quarkus\quarkus-class-change-agent\2.16.6.Final\quarkus-class-change-agent-2.16.6.Final.jar;C:\Users\lenna\.m2\repository\io\quarkus\quarkus-devtools-utilities\2.16.6.Final\quarkus-devtools-utilities-2.16.6.Final.jar;C:\Users\lenna\.m2\repository\io\quarkus\quarkus-builder\2.16.6.Final\quarkus-builder-2.16.6.Final.jar;C:\Users\lenna\.m2\repository\org\junit\platform\junit-platform-launcher\1.9.2\junit-platform-launcher-1.9.2.jar;C:\Users\lenna\.m2\repository\io\quarkus\quarkus-bootstrap-maven-resolver\2.16.6.Final\quarkus-bootstrap-maven-resolver-2.16.6.Final.jar;C:\Users\lenna\.m2\repository\org\apache\maven\maven-embedder\3.8.6\maven-embedder-3.8.6.jar;C:\Users\lenna\.m2\repository\org\apache\maven\maven-settings\3.8.6\maven-settings-3.8.6.jar;C:\Users\lenna\.m2\repository\org\apache\maven\maven-core\3.8.6\maven-core-3.8.6.jar;C:\Users\lenna\.m2\repository\org\apache\maven\maven-artifact\3.8.6\maven-artifact-3.8.6.jar;C:\Users\lenna\.m2\repository\org\codehaus\plexus\plexus-component-annotations\2.1.0\plexus-component-annotations-2.1.0.jar;C:\Users\lenna\.m2\repository\org\apache\maven\maven-plugin-api\3.8.6\maven-plugin-api-3.8.6.jar;C:\Users\lenna\.m2\repository\org\apache\maven\maven-model\3.8.6\maven-model-3.8.6.jar;C:\Users\lenna\.m2\repository\org\apache\maven\maven-model-builder\3.8.6\maven-model-builder-3.8.6.jar;C:\Users\lenna\.m2\repository\org\apache\maven\maven-builder-support\3.8.6\maven-builder-support-3.8.6.jar;C:\Users\lenna\.m2\repository\org\apache\maven\resolver\maven-resolver-api\1.6.3\maven-resolver-api-1.6.3.jar;C:\Users\lenna\.m2\repository\org\apache\maven\resolver\maven-resolver-util\1.6.3\maven-resolver-util-1.6.3.jar;C:\Users\lenna\.m2\repository\org\apache\maven\shared\maven-shared-utils\3.3.4\maven-shared-utils-3.3.4.jar;C:\Users\lenna\.m2\repository\com\google\inject\guice\4.2.2\guice-4.2.2-no_aop.jar;C:\Users\lenna\.m2\repository\com\google\guava\guava\31.1-jre\guava-31.1-jre.jar;C:\Users\lenna\.m2\repository\com\google\guava\failureaccess\1.0.1\failureaccess-1.0.1.jar;C:\Users\lenna\.m2\repository\org\codehaus\plexus\plexus-classworlds\2.6.0\plexus-classworlds-2.6.0.jar;C:\Users\lenna\.m2\repository\org\codehaus\plexus\plexus-sec-dispatcher\2.0\plexus-sec-dispatcher-2.0.jar;C:\Users\lenna\.m2\repository\org\codehaus\plexus\plexus-cipher\2.0\plexus-cipher-2.0.jar;C:\Users\lenna\.m2\repository\commons-cli\commons-cli\1.4\commons-cli-1.4.jar;C:\Users\lenna\.m2\repository\org\eclipse\sisu\org.eclipse.sisu.plexus\0.3.5\org.eclipse.sisu.plexus-0.3.5.jar;C:\Users\lenna\.m2\repository\org\apache\maven\maven-settings-builder\3.8.6\maven-settings-builder-3.8.6.jar;C:\Users\lenna\.m2\repository\org\codehaus\plexus\plexus-interpolation\1.26\plexus-interpolation-1.26.jar;C:\Users\lenna\.m2\repository\org\apache\maven\maven-resolver-provider\3.8.6\maven-resolver-provider-3.8.6.jar;C:\Users\lenna\.m2\repository\org\apache\maven\maven-repository-metadata\3.8.6\maven-repository-metadata-3.8.6.jar;C:\Users\lenna\.m2\repository\org\apache\maven\resolver\maven-resolver-spi\1.6.3\maven-resolver-spi-1.6.3.jar;C:\Users\lenna\.m2\repository\org\apache\maven\resolver\maven-resolver-impl\1.6.3\maven-resolver-impl-1.6.3.jar;C:\Users\lenna\.m2\repository\org\codehaus\plexus\plexus-utils\3.3.0\plexus-utils-3.3.0.jar;C:\Users\lenna\.m2\repository\org\apache\maven\resolver\maven-resolver-connector-basic\1.6.3\maven-resolver-connector-basic-1.6.3.jar;C:\Users\lenna\.m2\repository\org\apache\maven\resolver\maven-resolver-transport-wagon\1.6.3\maven-resolver-transport-wagon-1.6.3.jar;C:\Users\lenna\.m2\repository\org\apache\maven\wagon\wagon-http\3.5.1\wagon-http-3.5.1.jar;C:\Users\lenna\.m2\repository\org\apache\maven\wagon\wagon-http-shared\3.5.1\wagon-http-shared-3.5.1.jar;C:\Users\lenna\.m2\repository\org\apache\maven\wagon\wagon-provider-api\3.5.1\wagon-provider-api-3.5.1.jar;C:\Users\lenna\.m2\repository\org\apache\maven\wagon\wagon-file\3.5.1\wagon-file-3.5.1.jar;C:\Users\lenna\.m2\repository\io\quarkus\quarkus-bootstrap-gradle-resolver\2.16.6.Final\quarkus-bootstrap-gradle-resolver-2.16.6.Final.jar;C:\Users\lenna\.m2\repository\io\smallrye\jandex\3.0.5\jandex-3.0.5.jar;C:\Users\lenna\.m2\repository\org\jboss\logging\commons-logging-jboss-logging\1.0.0.Final\commons-logging-jboss-logging-1.0.0.Final.jar;C:\Users\lenna\.m2\repository\io\quarkus\quarkus-junit5-properties\2.16.6.Final\quarkus-junit5-properties-2.16.6.Final.jar;C:\Users\lenna\.m2\repository\org\junit\jupiter\junit-jupiter\5.9.2\junit-jupiter-5.9.2.jar;C:\Users\lenna\.m2\repository\org\junit\jupiter\junit-jupiter-api\5.9.2\junit-jupiter-api-5.9.2.jar;C:\Users\lenna\.m2\repository\org\opentest4j\opentest4j\1.2.0\opentest4j-1.2.0.jar;C:\Users\lenna\.m2\repository\org\junit\platform\junit-platform-commons\1.9.2\junit-platform-commons-1.9.2.jar;C:\Users\lenna\.m2\repository\org\apiguardian\apiguardian-api\1.1.2\apiguardian-api-1.1.2.jar;C:\Users\lenna\.m2\repository\org\junit\jupiter\junit-jupiter-params\5.9.2\junit-jupiter-params-5.9.2.jar;C:\Users\lenna\.m2\repository\org\junit\jupiter\junit-jupiter-engine\5.9.2\junit-jupiter-engine-5.9.2.jar;C:\Users\lenna\.m2\repository\org\junit\platform\junit-platform-engine\1.9.2\junit-platform-engine-1.9.2.jar;C:\Users\lenna\.m2\repository\com\thoughtworks\xstream\xstream\1.4.20\xstream-1.4.20.jar;C:\Users\lenna\.m2\repository\io\github\x-stream\mxparser\1.2.2\mxparser-1.2.2.jar;C:\Users\lenna\.m2\repository\xmlpull\xmlpull\1.1.3.1\xmlpull-1.1.3.1.jar;C:\Users\lenna\.m2\repository\io\rest-assured\rest-assured\4.5.1\rest-assured-4.5.1.jar;C:\Users\lenna\.m2\repository\org\codehaus\groovy\groovy\3.0.9\groovy-3.0.9.jar;C:\Users\lenna\.m2\repository\org\codehaus\groovy\groovy-xml\3.0.9\groovy-xml-3.0.9.jar;C:\Users\lenna\.m2\repository\org\apache\httpcomponents\httpclient\4.5.14\httpclient-4.5.14.jar;C:\Users\lenna\.m2\repository\org\apache\httpcomponents\httpcore\4.4.16\httpcore-4.4.16.jar;C:\Users\lenna\.m2\repository\commons-codec\commons-codec\1.15\commons-codec-1.15.jar;C:\Users\lenna\.m2\repository\org\apache\httpcomponents\httpmime\4.5.14\httpmime-4.5.14.jar;C:\Users\lenna\.m2\repository\org\hamcrest\hamcrest\2.1\hamcrest-2.1.jar;C:\Users\lenna\.m2\repository\org\ccil\cowan\tagsoup\tagsoup\1.2.1\tagsoup-1.2.1.jar;C:\Users\lenna\.m2\repository\io\rest-assured\json-path\4.5.1\json-path-4.5.1.jar;C:\Users\lenna\.m2\repository\org\codehaus\groovy\groovy-json\3.0.9\groovy-json-3.0.9.jar;C:\Users\lenna\.m2\repository\io\rest-assured\rest-assured-common\4.5.1\rest-assured-common-4.5.1.jar;C:\Users\lenna\.m2\repository\io\rest-assured\xml-path\4.5.1\xml-path-4.5.1.jar;C:\Users\lenna\.m2\repository\org\apache\commons\commons-lang3\3.12.0\commons-lang3-3.12.0.jar;"/>
    <property name="sun.cpu.endian" value="little"/>
    <property name="user.home" value="C:\Users\lenna"/>
    <property name="user.language" value="en"/>
    <property name="jboss.log-version" value="false"/>
    <property name="java.specification.vendor" value="Oracle Corporation"/>
    <property name="io.netty.allocator.maxOrder" value="3"/>
    <property name="java.version.date" value="2023-04-18"/>
    <property name="java.home" value="C:\Users\lenna\.jdks\openjdk-20.0.1"/>
    <property name="file.separator" value="\"/>
    <property name="basedir" value="C:\Users\lenna\Programming\verteilte-anwendungen-lab4"/>
    <property name="java.vm.compressedOopsMode" value="Zero based"/>
    <property name="line.separator" value="&#10;"/>
    <property name="java.vm.specification.vendor" value="Oracle Corporation"/>
    <property name="java.specification.name" value="Java Platform API Specification"/>
    <property name="surefire.real.class.path" value="C:\Users\lenna\AppData\Local\Temp\surefire5617649072958746596\surefirebooter-20230711120631738_3.jar"/>
    <property name="user.script" value=""/>
    <property name="sun.management.compiler" value="HotSpot 64-Bit Tiered Compilers"/>
    <property name="java.runtime.version" value="20.0.1+9-29"/>
    <property name="user.name" value="lenna"/>
    <property name="stdout.encoding" value="Cp1252"/>
    <property name="dev.resteasy.exception.mapper" value="false"/>
    <property name="path.separator" value=";"/>
    <property name="os.version" value="10.0"/>
    <property name="java.runtime.name" value="OpenJDK Runtime Environment"/>
    <property name="file.encoding" value="UTF-8"/>
    <property name="java.vm.name" value="OpenJDK 64-Bit Server VM"/>
    <property name="localRepository" value="C:\Users\lenna\.m2\repository"/>
    <property name="java.vendor.url.bug" value="https://bugreport.java.com/bugreport/"/>
    <property name="java.io.tmpdir" value="C:\Users\lenna\AppData\Local\Temp\"/>
    <property name="quarkus.log.file.path" value="target\quarkus.log"/>
    <property name="idea.version" value="2023.1.1"/>
    <property name="java.version" value="20.0.1"/>
    <property name="java.util.concurrent.ForkJoinPool.common.threadFactory" value="io.quarkus.bootstrap.forkjoin.QuarkusForkJoinWorkerThreadFactory"/>
    <property name="user.dir" value="C:\Users\lenna\Programming\verteilte-anwendungen-lab4"/>
    <property name="os.arch" value="amd64"/>
    <property name="java.vm.specification.name" value="Java Virtual Machine Specification"/>
    <property name="vertx.disableDnsResolver" value="true"/>
    <property name="user.language.format" value="de"/>
    <property name="sun.os.patch.level" value=""/>
    <property name="native.encoding" value="Cp1252"/>
    <property name="java.util.logging.manager" value="org.jboss.logmanager.LogManager"/>
    <property name="java.library.path" value="C:\Users\lenna\.jdks\openjdk-20.0.1\bin;C:\WINDOWS\Sun\Java\bin;C:\WINDOWS\system32;C:\WINDOWS;C:\Python311\Scripts\;C:\Python311\;C:\Program Files\Eclipse Adoptium\jdk-17.0.7.7-hotspot\bin;C:\WINDOWS\system32;C:\WINDOWS;C:\WINDOWS\System32\Wbem;C:\WINDOWS\System32\WindowsPowerShell\v1.0\;C:\WINDOWS\System32\OpenSSH\;C:\Program Files (x86)\Intel\Intel(R) Management Engine Components\DAL;C:\Program Files\Intel\Intel(R) Management Engine Components\DAL;C:\Program Files (x86)\Intel\Intel(R) Management Engine Components\IPT;C:\Program Files\Intel\Intel(R) Management Engine Components\IPT;C:\Program Files\Intel\WiFi\bin\;C:\Program Files\Common Files\Intel\WirelessCommon\;C:\ProgramData\chocolatey\bin;C:\Program Files\GitHub CLI\;C:\Program Files\Amazon\AWSCLIV2\;C:\Program Files\Amazon\AWSSAMCLI\bin\;C:\Program Files (x86)\Google\Cloud SDK\google-cloud-sdk\bin;C:\Program Files (x86)\Microsoft VS Code Insiders\bin;C:\Program Files\Git\cmd;C:\Program Files\nodejs\;C:\Program Files\Docker\Docker\resources\bin;C:\Program Files\PowerShell\7\;C:\Users\lenna\AppData\Local\Microsoft\WindowsApps;C:\Users\lenna\AppData\Local\JetBrains\Toolbox\scripts;C:\Program Files\1Password CLI;C:\Python311;C:\Users\lenna\AppData\Roaming\npm;."/>
    <property name="java.vm.info" value="mixed mode, sharing"/>
    <property name="stderr.encoding" value="Cp1252"/>
    <property name="java.vendor" value="Oracle Corporation"/>
    <property name="vertx.disableTCCL" value="true"/>
    <property name="java.vm.version" value="20.0.1+9-29"/>
    <property name="sun.io.unicode.encoding" value="UnicodeLittle"/>
    <property name="io.netty.machineId" value="15:d2:dd:de:4c:34:4f:e9"/>
    <property name="java.class.version" value="64.0"/>
  </properties>
  <testcase name="testFibonacciSequence" classname="de.berlin.htw.FibonacciResourceTest" time="20.033">
    <system-out><![CDATA[2023-07-11 12:06:39,459 INFO  [io.qua.sma.dep.processor] (build-6) Generating Jackson deserializer for type de.berlin.htw.boundary.dto.FibonacciTuple
2023-07-11 12:06:39,475 INFO  [io.qua.sma.dep.processor] (build-6) Generating Jackson deserializer for type de.berlin.htw.boundary.dto.Tweet
2023-07-11 12:06:39,483 INFO  [io.qua.sma.dep.processor] (build-6) Generating Jackson serializer for type de.berlin.htw.boundary.dto.FibonacciTuple
2023-07-11 12:06:39,485 INFO  [io.qua.sma.dep.processor] (build-6) Generating Jackson serializer for type de.berlin.htw.boundary.dto.Tweet
2023-07-11 12:06:42,380 INFO  [io.sma.rea.mes.kafka] (main) SRMSG18229: Configured topics for channel 'fibonacci-consumer': [fibonacci]
2023-07-11 12:06:43,072 ERROR [io.qua.sch.com.run.StatusEmitterInvoker] (executor-thread-0) Error occurred while executing task for trigger IntervalTrigger [id=1_de.berlin.htw.control.TweetController_ScheduledInvoker_produceTweet_a8fc2d958b3beb8fcdda68ccaeb4330f1fede201, interval=10000]: java.util.concurrent.CompletionException: java.lang.RuntimeException: Error injecting org.eclipse.microprofile.reactive.messaging.Emitter<de.berlin.htw.boundary.dto.Tweet> de.berlin.htw.boundary.TwitterProducer.producer
	at java.base/java.util.concurrent.CompletableFuture.encodeThrowable(CompletableFuture.java:332)
	at java.base/java.util.concurrent.CompletableFuture.completeThrowable(CompletableFuture.java:347)
	at java.base/java.util.concurrent.CompletableFuture.uniWhenComplete(CompletableFuture.java:874)
	at java.base/java.util.concurrent.CompletableFuture.uniWhenCompleteStage(CompletableFuture.java:887)
	at java.base/java.util.concurrent.CompletableFuture.whenComplete(CompletableFuture.java:2357)
	at java.base/java.util.concurrent.CompletableFuture$MinimalStage.whenComplete(CompletableFuture.java:2948)
	at io.quarkus.scheduler.common.runtime.DefaultInvoker.invoke(DefaultInvoker.java:24)
	at io.quarkus.scheduler.common.runtime.StatusEmitterInvoker.invoke(StatusEmitterInvoker.java:35)
	at io.quarkus.scheduler.runtime.SimpleScheduler$ScheduledTask.doInvoke(SimpleScheduler.java:333)
	at io.quarkus.scheduler.runtime.SimpleScheduler$ScheduledTask$1.handle(SimpleScheduler.java:314)
	at io.quarkus.scheduler.runtime.SimpleScheduler$ScheduledTask$1.handle(SimpleScheduler.java:310)
	at io.vertx.core.impl.ContextBase.lambda$null$0(ContextBase.java:137)
	at io.vertx.core.impl.ContextInternal.dispatch(ContextInternal.java:264)
	at io.vertx.core.impl.ContextBase.lambda$executeBlocking$1(ContextBase.java:135)
	at io.quarkus.vertx.core.runtime.VertxCoreRecorder$14.runWith(VertxCoreRecorder.java:581)
	at org.jboss.threads.EnhancedQueueExecutor$Task.run(EnhancedQueueExecutor.java:2449)
	at org.jboss.threads.EnhancedQueueExecutor$ThreadBody.run(EnhancedQueueExecutor.java:1478)
	at org.jboss.threads.DelegatingRunnable.run(DelegatingRunnable.java:29)
	at org.jboss.threads.ThreadLocalResettingRunnable.run(ThreadLocalResettingRunnable.java:29)
	at io.netty.util.concurrent.FastThreadLocalRunnable.run(FastThreadLocalRunnable.java:30)
	at java.base/java.lang.Thread.run(Thread.java:1623)
Caused by: java.lang.RuntimeException: Error injecting org.eclipse.microprofile.reactive.messaging.Emitter<de.berlin.htw.boundary.dto.Tweet> de.berlin.htw.boundary.TwitterProducer.producer
	at de.berlin.htw.boundary.TwitterProducer_Bean.create(Unknown Source)
	at de.berlin.htw.boundary.TwitterProducer_Bean.create(Unknown Source)
	at io.quarkus.arc.impl.AbstractSharedContext.createInstanceHandle(AbstractSharedContext.java:113)
	at io.quarkus.arc.impl.AbstractSharedContext$1.get(AbstractSharedContext.java:37)
	at io.quarkus.arc.impl.AbstractSharedContext$1.get(AbstractSharedContext.java:34)
	at io.quarkus.arc.impl.LazyValue.get(LazyValue.java:26)
	at io.quarkus.arc.impl.ComputingCache.computeIfAbsent(ComputingCache.java:69)
	at io.quarkus.arc.impl.AbstractSharedContext.get(AbstractSharedContext.java:34)
	at io.quarkus.arc.impl.ClientProxies.getApplicationScopedDelegate(ClientProxies.java:21)
	at de.berlin.htw.boundary.TwitterProducer_ClientProxy.arc$delegate(Unknown Source)
	at de.berlin.htw.boundary.TwitterProducer_ClientProxy.produce(Unknown Source)
	at de.berlin.htw.control.TweetController.produceTweet(TweetController.java:31)
	at de.berlin.htw.control.TweetController_ScheduledInvoker_produceTweet_a8fc2d958b3beb8fcdda68ccaeb4330f1fede201.invokeBean(Unknown Source)
	... 15 more
Caused by: javax.enterprise.inject.spi.DefinitionException: SRMSG00019: Unable to connect an emitter with the channel `twitter-producer`
	at io.smallrye.reactive.messaging.providers.extension.ChannelProducer.getEmitter(ChannelProducer.java:188)
	at io.smallrye.reactive.messaging.providers.extension.ChannelProducer.produceEmitter(ChannelProducer.java:137)
	at io.smallrye.reactive.messaging.providers.extension.ChannelProducer_ProducerMethod_produceEmitter_86c8bb1e4975aaf33dff96bec0d2fc8fa44920ab_Bean.create(Unknown Source)
	at io.smallrye.reactive.messaging.providers.extension.ChannelProducer_ProducerMethod_produceEmitter_86c8bb1e4975aaf33dff96bec0d2fc8fa44920ab_Bean.get(Unknown Source)
	at io.smallrye.reactive.messaging.providers.extension.ChannelProducer_ProducerMethod_produceEmitter_86c8bb1e4975aaf33dff96bec0d2fc8fa44920ab_Bean.get(Unknown Source)
	at io.quarkus.arc.impl.CurrentInjectionPointProvider.get(CurrentInjectionPointProvider.java:62)
	... 28 more

2023-07-11 12:06:43,212 INFO  [io.sma.rea.mes.kafka] (main) SRMSG18229: Configured topics for channel 'twitter-consumer': [twitter]
2023-07-11 12:06:43,319 INFO  [io.sma.rea.mes.kafka] (smallrye-kafka-producer-thread-0) SRMSG18258: Kafka producer kafka-producer-twitter-producer, connected to Kafka brokers 'localhost:9092', is configured to write records to 'twitter'
2023-07-11 12:06:43,361 INFO  [io.sma.rea.mes.kafka] (smallrye-kafka-producer-thread-1) SRMSG18258: Kafka producer kafka-producer-fibonacci-producer, connected to Kafka brokers 'localhost:9092', is configured to write records to 'fibonacci'
2023-07-11 12:06:43,533 INFO  [io.sma.rea.mes.kafka] (smallrye-kafka-consumer-thread-0) SRMSG18257: Kafka consumer kafka-consumer-fibonacci-consumer, connected to Kafka brokers 'localhost:9092', belongs to the 'verteilte-anwendungen-kafka' consumer group and is configured to poll records from [fibonacci]
2023-07-11 12:06:43,534 INFO  [io.sma.rea.mes.kafka] (smallrye-kafka-consumer-thread-1) SRMSG18257: Kafka consumer kafka-consumer-twitter-consumer, connected to Kafka brokers 'localhost:9092', belongs to the 'verteilte-anwendungen-kafka' consumer group and is configured to poll records from [twitter]
2023-07-11 12:06:43,937 INFO  [io.quarkus] (main) verteilte-anwendungen-kafka 1.0.0-SNAPSHOT on JVM (powered by Quarkus 2.16.6.Final) started in 8.436s. Listening on: http://localhost:8081
2023-07-11 12:06:43,938 INFO  [io.quarkus] (main) Profile test activated. 
2023-07-11 12:06:43,938 INFO  [io.quarkus] (main) Installed features: [cdi, kafka-client, resteasy, resteasy-jsonb, scheduler, smallrye-context-propagation, smallrye-reactive-messaging, smallrye-reactive-messaging-kafka, vertx]
Request method:	GET
Request URI:	http://localhost:8081/fibonacci
Proxy:			<none>
Request params:	<none>
Query params:	<none>
Form params:	<none>
Path params:	<none>
Headers:		Accept=*/*
				Content-Type=application/json
Cookies:		<none>
Multiparts:		<none>
Body:
{
    "current": 2,
    "last": 1
}
2023-07-11 12:06:47,529 INFO  [de.ber.htw.con.FibonacciController] (executor-thread-0) when fn-1=1, fn=2 then fn+1=3
2023-07-11 12:06:49,543 INFO  [de.ber.htw.con.FibonacciController] (executor-thread-0) when fn-1=2, fn=3 then fn+1=5
2023-07-11 12:06:51,544 INFO  [de.ber.htw.con.FibonacciController] (executor-thread-0) when fn-1=3, fn=5 then fn+1=8
2023-07-11 12:06:53,049 INFO  [de.ber.htw.bou.TwitterProducer] (executor-thread-1) Tweet sent: "Marcel Trung Hieu arbeitet in Caribbean Netherlands"; from test
2023-07-11 12:06:53,550 INFO  [de.ber.htw.con.FibonacciController] (executor-thread-0) when fn-1=5, fn=8 then fn+1=13
2023-07-11 12:06:54,230 INFO  [io.sma.rea.mes.kafka] (vert.x-eventloop-thread-3) SRMSG18256: Initialize record store for topic-partition 'twitter-0' at position -1.
2023-07-11 12:06:54,241 INFO  [de.ber.htw.bou.TwitterConsumer] (vert.x-eventloop-thread-3) Tweet put into queue: "Marcel Trung Hieu arbeitet in Caribbean Netherlands"; from test
2023-07-11 12:06:55,555 INFO  [de.ber.htw.con.FibonacciController] (executor-thread-0) when fn-1=8, fn=13 then fn+1=21
2023-07-11 12:06:57,568 INFO  [de.ber.htw.con.FibonacciController] (executor-thread-0) when fn-1=13, fn=21 then fn+1=34
2023-07-11 12:06:59,584 INFO  [de.ber.htw.con.FibonacciController] (executor-thread-0) when fn-1=21, fn=34 then fn+1=55
2023-07-11 12:07:01,594 INFO  [de.ber.htw.con.FibonacciController] (executor-thread-0) when fn-1=34, fn=55 then fn+1=89
2023-07-11 12:07:03,002 INFO  [de.ber.htw.bou.TwitterProducer] (executor-thread-1) Tweet sent: "Sinem wandert nach Honduras"; from test
2023-07-11 12:07:03,030 INFO  [de.ber.htw.bou.TwitterConsumer] (vert.x-eventloop-thread-3) Tweet put into queue: "Sinem wandert nach Honduras"; from test
HTTP/1.1 200 OK
Content-Type: application/json
content-length: 26

[
    1,
    2,
    3,
    5,
    8,
    13,
    21,
    34,
    55,
    89
]
]]></system-out>
  </testcase>
</testsuite>