<?xml version="1.0" encoding="UTF-8"?>
<testsuite xmlns:xsi="http://www.w3.org/2001/XMLSchema-instance" xsi:noNamespaceSchemaLocation="https://maven.apache.org/surefire/maven-surefire-plugin/xsd/surefire-test-report-3.0.xsd" version="3.0" name="de.berlin.htw.boundary.TwitterProducerTest" time="1.129" tests="1" errors="0" skipped="0" failures="1">
  <properties>
    <property name="java.specification.version" value="20"/>
    <property name="sun.jnu.encoding" value="UTF-8"/>
    <property name="test.url" value="http://0.0.0.0:8081"/>
    <property name="java.class.path" value="/mnt/c/Users/lenna/Programming/verteilte-anwendungen-lab4/target/test-classes:/mnt/c/Users/lenna/Programming/verteilte-anwendungen-lab4/target/classes:/home/lennard/.m2/repository/io/quarkus/quarkus-resteasy/2.16.6.Final/quarkus-resteasy-2.16.6.Final.jar:/home/lennard/.m2/repository/io/quarkus/quarkus-vertx-http/2.16.6.Final/quarkus-vertx-http-2.16.6.Final.jar:/home/lennard/.m2/repository/io/quarkus/quarkus-security-runtime-spi/2.16.6.Final/quarkus-security-runtime-spi-2.16.6.Final.jar:/home/lennard/.m2/repository/io/quarkus/quarkus-credentials/2.16.6.Final/quarkus-credentials-2.16.6.Final.jar:/home/lennard/.m2/repository/io/quarkus/quarkus-mutiny/2.16.6.Final/quarkus-mutiny-2.16.6.Final.jar:/home/lennard/.m2/repository/io/quarkus/quarkus-smallrye-context-propagation/2.16.6.Final/quarkus-smallrye-context-propagation-2.16.6.Final.jar:/home/lennard/.m2/repository/io/smallrye/smallrye-context-propagation/1.2.2/smallrye-context-propagation-1.2.2.jar:/home/lennard/.m2/repository/io/smallrye/smallrye-context-propagation-api/1.2.2/smallrye-context-propagation-api-1.2.2.jar:/home/lennard/.m2/repository/io/smallrye/smallrye-context-propagation-storage/1.2.2/smallrye-context-propagation-storage-1.2.2.jar:/home/lennard/.m2/repository/io/smallrye/reactive/mutiny-smallrye-context-propagation/1.9.0/mutiny-smallrye-context-propagation-1.9.0.jar:/home/lennard/.m2/repository/io/smallrye/common/smallrye-common-vertx-context/1.13.2/smallrye-common-vertx-context-1.13.2.jar:/home/lennard/.m2/repository/io/smallrye/common/smallrye-common-constraint/1.13.2/smallrye-common-constraint-1.13.2.jar:/home/lennard/.m2/repository/io/quarkus/quarkus-vertx-http-dev-console-runtime-spi/2.16.6.Final/quarkus-vertx-http-dev-console-runtime-spi-2.16.6.Final.jar:/home/lennard/.m2/repository/io/quarkus/security/quarkus-security/1.1.4.Final/quarkus-security-1.1.4.Final.jar:/home/lennard/.m2/repository/io/smallrye/reactive/smallrye-mutiny-vertx-web/2.30.1/smallrye-mutiny-vertx-web-2.30.1.jar:/home/lennard/.m2/repository/io/smallrye/reactive/smallrye-mutiny-vertx-web-common/2.30.1/smallrye-mutiny-vertx-web-common-2.30.1.jar:/home/lennard/.m2/repository/io/smallrye/reactive/smallrye-mutiny-vertx-auth-common/2.30.1/smallrye-mutiny-vertx-auth-common-2.30.1.jar:/home/lennard/.m2/repository/io/smallrye/reactive/smallrye-mutiny-vertx-bridge-common/2.30.1/smallrye-mutiny-vertx-bridge-common-2.30.1.jar:/home/lennard/.m2/repository/io/smallrye/reactive/smallrye-mutiny-vertx-uri-template/2.30.1/smallrye-mutiny-vertx-uri-template-2.30.1.jar:/home/lennard/.m2/repository/io/vertx/vertx-uri-template/4.3.7/vertx-uri-template-4.3.7.jar:/home/lennard/.m2/repository/io/vertx/vertx-web/4.3.7/vertx-web-4.3.7.jar:/home/lennard/.m2/repository/io/vertx/vertx-web-common/4.3.7/vertx-web-common-4.3.7.jar:/home/lennard/.m2/repository/io/vertx/vertx-auth-common/4.3.7/vertx-auth-common-4.3.7.jar:/home/lennard/.m2/repository/io/vertx/vertx-bridge-common/4.3.7/vertx-bridge-common-4.3.7.jar:/home/lennard/.m2/repository/io/github/crac/org-crac/0.1.3/org-crac-0.1.3.jar:/home/lennard/.m2/repository/io/quarkus/quarkus-resteasy-server-common/2.16.6.Final/quarkus-resteasy-server-common-2.16.6.Final.jar:/home/lennard/.m2/repository/io/quarkus/quarkus-resteasy-common/2.16.6.Final/quarkus-resteasy-common-2.16.6.Final.jar:/home/lennard/.m2/repository/org/jboss/resteasy/resteasy-core/4.7.7.Final/resteasy-core-4.7.7.Final.jar:/home/lennard/.m2/repository/org/jboss/spec/javax/ws/rs/jboss-jaxrs-api_2.1_spec/2.0.1.Final/jboss-jaxrs-api_2.1_spec-2.0.1.Final.jar:/home/lennard/.m2/repository/org/jboss/spec/javax/xml/bind/jboss-jaxb-api_2.3_spec/2.0.0.Final/jboss-jaxb-api_2.3_spec-2.0.0.Final.jar:/home/lennard/.m2/repository/org/jboss/resteasy/resteasy-core-spi/4.7.7.Final/resteasy-core-spi-4.7.7.Final.jar:/home/lennard/.m2/repository/com/ibm/async/asyncutil/0.1.0/asyncutil-0.1.0.jar:/home/lennard/.m2/repository/com/sun/activation/jakarta.activation/1.2.1/jakarta.activation-1.2.1.jar:/home/lennard/.m2/repository/jakarta/validation/jakarta.validation-api/2.0.2/jakarta.validation-api-2.0.2.jar:/home/lennard/.m2/repository/io/quarkus/quarkus-resteasy-jsonb/2.16.6.Final/quarkus-resteasy-jsonb-2.16.6.Final.jar:/home/lennard/.m2/repository/io/quarkus/quarkus-jsonb/2.16.6.Final/quarkus-jsonb-2.16.6.Final.jar:/home/lennard/.m2/repository/org/eclipse/yasson/1.0.11/yasson-1.0.11.jar:/home/lennard/.m2/repository/io/quarkus/quarkus-jsonp/2.16.6.Final/quarkus-jsonp-2.16.6.Final.jar:/home/lennard/.m2/repository/org/glassfish/jakarta.json/1.1.6/jakarta.json-1.1.6.jar:/home/lennard/.m2/repository/org/jboss/resteasy/resteasy-json-binding-provider/4.7.7.Final/resteasy-json-binding-provider-4.7.7.Final.jar:/home/lennard/.m2/repository/jakarta/json/bind/jakarta.json.bind-api/1.0.2/jakarta.json.bind-api-1.0.2.jar:/home/lennard/.m2/repository/org/jboss/logging/jboss-logging/3.5.0.Final/jboss-logging-3.5.0.Final.jar:/home/lennard/.m2/repository/org/jboss/resteasy/resteasy-json-p-provider/4.7.7.Final/resteasy-json-p-provider-4.7.7.Final.jar:/home/lennard/.m2/repository/commons-io/commons-io/2.11.0/commons-io-2.11.0.jar:/home/lennard/.m2/repository/io/quarkus/quarkus-arc/2.16.6.Final/quarkus-arc-2.16.6.Final.jar:/home/lennard/.m2/repository/io/quarkus/arc/arc/2.16.6.Final/arc-2.16.6.Final.jar:/home/lennard/.m2/repository/jakarta/enterprise/jakarta.enterprise.cdi-api/2.0.2/jakarta.enterprise.cdi-api-2.0.2.jar:/home/lennard/.m2/repository/jakarta/el/jakarta.el-api/3.0.3/jakarta.el-api-3.0.3.jar:/home/lennard/.m2/repository/jakarta/interceptor/jakarta.interceptor-api/1.2.5/jakarta.interceptor-api-1.2.5.jar:/home/lennard/.m2/repository/jakarta/transaction/jakarta.transaction-api/1.3.3/jakarta.transaction-api-1.3.3.jar:/home/lennard/.m2/repository/io/smallrye/reactive/mutiny/1.9.0/mutiny-1.9.0.jar:/home/lennard/.m2/repository/org/reactivestreams/reactive-streams/1.0.3/reactive-streams-1.0.3.jar:/home/lennard/.m2/repository/io/quarkus/quarkus-core/2.16.6.Final/quarkus-core-2.16.6.Final.jar:/home/lennard/.m2/repository/jakarta/inject/jakarta.inject-api/1.0/jakarta.inject-api-1.0.jar:/home/lennard/.m2/repository/io/quarkus/quarkus-ide-launcher/2.16.6.Final/quarkus-ide-launcher-2.16.6.Final.jar:/home/lennard/.m2/repository/io/quarkus/quarkus-development-mode-spi/2.16.6.Final/quarkus-development-mode-spi-2.16.6.Final.jar:/home/lennard/.m2/repository/io/smallrye/config/smallrye-config/2.13.3/smallrye-config-2.13.3.jar:/home/lennard/.m2/repository/io/smallrye/config/smallrye-config-core/2.13.3/smallrye-config-core-2.13.3.jar:/home/lennard/.m2/repository/org/eclipse/microprofile/config/microprofile-config-api/2.0.1/microprofile-config-api-2.0.1.jar:/home/lennard/.m2/repository/io/smallrye/common/smallrye-common-expression/1.13.2/smallrye-common-expression-1.13.2.jar:/home/lennard/.m2/repository/io/smallrye/common/smallrye-common-function/1.13.2/smallrye-common-function-1.13.2.jar:/home/lennard/.m2/repository/io/smallrye/common/smallrye-common-classloader/1.13.2/smallrye-common-classloader-1.13.2.jar:/home/lennard/.m2/repository/io/smallrye/config/smallrye-config-common/2.13.3/smallrye-config-common-2.13.3.jar:/home/lennard/.m2/repository/org/jboss/logmanager/jboss-logmanager-embedded/1.0.11/jboss-logmanager-embedded-1.0.11.jar:/home/lennard/.m2/repository/org/jboss/logging/jboss-logging-annotations/2.2.1.Final/jboss-logging-annotations-2.2.1.Final.jar:/home/lennard/.m2/repository/org/jboss/threads/jboss-threads/3.4.3.Final/jboss-threads-3.4.3.Final.jar:/home/lennard/.m2/repository/org/slf4j/slf4j-api/1.7.36/slf4j-api-1.7.36.jar:/home/lennard/.m2/repository/org/graalvm/sdk/graal-sdk/22.3.0/graal-sdk-22.3.0.jar:/home/lennard/.m2/repository/org/wildfly/common/wildfly-common/1.5.4.Final-format-001/wildfly-common-1.5.4.Final-format-001.jar:/home/lennard/.m2/repository/io/quarkus/quarkus-bootstrap-runner/2.16.6.Final/quarkus-bootstrap-runner-2.16.6.Final.jar:/home/lennard/.m2/repository/io/quarkus/quarkus-fs-util/0.0.9/quarkus-fs-util-0.0.9.jar:/home/lennard/.m2/repository/org/eclipse/microprofile/context-propagation/microprofile-context-propagation-api/1.2/microprofile-context-propagation-api-1.2.jar:/home/lennard/.m2/repository/io/quarkus/quarkus-scheduler/2.16.6.Final/quarkus-scheduler-2.16.6.Final.jar:/home/lennard/.m2/repository/io/quarkus/quarkus-scheduler-kotlin/2.16.6.Final/quarkus-scheduler-kotlin-2.16.6.Final.jar:/home/lennard/.m2/repository/io/quarkus/quarkus-scheduler-common/2.16.6.Final/quarkus-scheduler-common-2.16.6.Final.jar:/home/lennard/.m2/repository/io/quarkus/quarkus-scheduler-api/2.16.6.Final/quarkus-scheduler-api-2.16.6.Final.jar:/home/lennard/.m2/repository/com/cronutils/cron-utils/9.2.0/cron-utils-9.2.0.jar:/home/lennard/.m2/repository/io/quarkus/quarkus-vertx/2.16.6.Final/quarkus-vertx-2.16.6.Final.jar:/home/lennard/.m2/repository/io/quarkus/quarkus-netty/2.16.6.Final/quarkus-netty-2.16.6.Final.jar:/home/lennard/.m2/repository/io/netty/netty-codec/4.1.86.Final/netty-codec-4.1.86.Final.jar:/home/lennard/.m2/repository/io/netty/netty-codec-http/4.1.86.Final/netty-codec-http-4.1.86.Final.jar:/home/lennard/.m2/repository/io/netty/netty-codec-http2/4.1.86.Final/netty-codec-http2-4.1.86.Final.jar:/home/lennard/.m2/repository/io/netty/netty-handler/4.1.86.Final/netty-handler-4.1.86.Final.jar:/home/lennard/.m2/repository/io/netty/netty-transport-native-unix-common/4.1.86.Final/netty-transport-native-unix-common-4.1.86.Final.jar:/home/lennard/.m2/repository/com/aayushatharva/brotli4j/brotli4j/1.8.0/brotli4j-1.8.0.jar:/home/lennard/.m2/repository/com/aayushatharva/brotli4j/native-linux-x86_64/1.8.0/native-linux-x86_64-1.8.0.jar:/home/lennard/.m2/repository/io/netty/netty-codec-haproxy/4.1.86.Final/netty-codec-haproxy-4.1.86.Final.jar:/home/lennard/.m2/repository/io/netty/netty-buffer/4.1.86.Final/netty-buffer-4.1.86.Final.jar:/home/lennard/.m2/repository/io/netty/netty-transport/4.1.86.Final/netty-transport-4.1.86.Final.jar:/home/lennard/.m2/repository/io/smallrye/common/smallrye-common-annotation/1.13.2/smallrye-common-annotation-1.13.2.jar:/home/lennard/.m2/repository/io/quarkus/quarkus-vertx-latebound-mdc-provider/2.16.6.Final/quarkus-vertx-latebound-mdc-provider-2.16.6.Final.jar:/home/lennard/.m2/repository/io/smallrye/reactive/smallrye-mutiny-vertx-core/2.30.1/smallrye-mutiny-vertx-core-2.30.1.jar:/home/lennard/.m2/repository/io/smallrye/reactive/smallrye-mutiny-vertx-runtime/2.30.1/smallrye-mutiny-vertx-runtime-2.30.1.jar:/home/lennard/.m2/repository/io/smallrye/reactive/vertx-mutiny-generator/2.30.1/vertx-mutiny-generator-2.30.1.jar:/home/lennard/.m2/repository/io/vertx/vertx-codegen/4.3.7/vertx-codegen-4.3.7.jar:/home/lennard/.m2/repository/io/smallrye/smallrye-fault-tolerance-vertx/5.6.0/smallrye-fault-tolerance-vertx-5.6.0.jar:/home/lennard/.m2/repository/org/jboss/slf4j/slf4j-jboss-logmanager/1.2.0.Final/slf4j-jboss-logmanager-1.2.0.Final.jar:/home/lennard/.m2/repository/org/glassfish/jakarta.el/3.0.4/jakarta.el-3.0.4.jar:/home/lennard/.m2/repository/io/quarkus/quarkus-smallrye-reactive-messaging-kafka/2.16.6.Final/quarkus-smallrye-reactive-messaging-kafka-2.16.6.Final.jar:/home/lennard/.m2/repository/io/quarkus/quarkus-kafka-client/2.16.6.Final/quarkus-kafka-client-2.16.6.Final.jar:/home/lennard/.m2/repository/io/quarkus/quarkus-caffeine/2.16.6.Final/quarkus-caffeine-2.16.6.Final.jar:/home/lennard/.m2/repository/com/github/ben-manes/caffeine/caffeine/3.1.1/caffeine-3.1.1.jar:/home/lennard/.m2/repository/com/google/errorprone/error_prone_annotations/2.17.0/error_prone_annotations-2.17.0.jar:/home/lennard/.m2/repository/io/smallrye/reactive/smallrye-reactive-messaging-kafka/3.22.1/smallrye-reactive-messaging-kafka-3.22.1.jar:/home/lennard/.m2/repository/io/smallrye/reactive/smallrye-reactive-messaging-kafka-api/3.22.1/smallrye-reactive-messaging-kafka-api-3.22.1.jar:/home/lennard/.m2/repository/io/opentelemetry/opentelemetry-api/1.21.0/opentelemetry-api-1.21.0.jar:/home/lennard/.m2/repository/io/opentelemetry/opentelemetry-context/1.21.0/opentelemetry-context-1.21.0.jar:/home/lennard/.m2/repository/io/opentelemetry/opentelemetry-semconv/1.21.0-alpha/opentelemetry-semconv-1.21.0-alpha.jar:/home/lennard/.m2/repository/io/smallrye/reactive/smallrye-reactive-converter-api/2.7.0/smallrye-reactive-converter-api-2.7.0.jar:/home/lennard/.m2/repository/io/quarkus/quarkus-jackson/2.16.6.Final/quarkus-jackson-2.16.6.Final.jar:/home/lennard/.m2/repository/com/fasterxml/jackson/core/jackson-databind/2.14.2/jackson-databind-2.14.2.jar:/home/lennard/.m2/repository/com/fasterxml/jackson/core/jackson-annotations/2.14.2/jackson-annotations-2.14.2.jar:/home/lennard/.m2/repository/com/fasterxml/jackson/core/jackson-core/2.14.2/jackson-core-2.14.2.jar:/home/lennard/.m2/repository/com/fasterxml/jackson/datatype/jackson-datatype-jsr310/2.14.2/jackson-datatype-jsr310-2.14.2.jar:/home/lennard/.m2/repository/com/fasterxml/jackson/datatype/jackson-datatype-jdk8/2.14.2/jackson-datatype-jdk8-2.14.2.jar:/home/lennard/.m2/repository/com/fasterxml/jackson/module/jackson-module-parameter-names/2.14.2/jackson-module-parameter-names-2.14.2.jar:/home/lennard/.m2/repository/org/apache/kafka/kafka-clients/3.3.2/kafka-clients-3.3.2.jar:/home/lennard/.m2/repository/com/github/luben/zstd-jni/1.5.2-1/zstd-jni-1.5.2-1.jar:/home/lennard/.m2/repository/org/lz4/lz4-java/1.8.0/lz4-java-1.8.0.jar:/home/lennard/.m2/repository/org/xerial/snappy/snappy-java/1.1.8.4/snappy-java-1.1.8.4.jar:/home/lennard/.m2/repository/io/vertx/vertx-kafka-client/4.3.7/vertx-kafka-client-4.3.7.jar:/home/lennard/.m2/repository/io/vertx/vertx-core/4.3.7/vertx-core-4.3.7.jar:/home/lennard/.m2/repository/io/netty/netty-common/4.1.86.Final/netty-common-4.1.86.Final.jar:/home/lennard/.m2/repository/io/netty/netty-handler-proxy/4.1.86.Final/netty-handler-proxy-4.1.86.Final.jar:/home/lennard/.m2/repository/io/netty/netty-codec-socks/4.1.86.Final/netty-codec-socks-4.1.86.Final.jar:/home/lennard/.m2/repository/io/netty/netty-resolver/4.1.86.Final/netty-resolver-4.1.86.Final.jar:/home/lennard/.m2/repository/io/netty/netty-resolver-dns/4.1.86.Final/netty-resolver-dns-4.1.86.Final.jar:/home/lennard/.m2/repository/io/netty/netty-codec-dns/4.1.86.Final/netty-codec-dns-4.1.86.Final.jar:/home/lennard/.m2/repository/io/quarkus/quarkus-smallrye-reactive-messaging/2.16.6.Final/quarkus-smallrye-reactive-messaging-2.16.6.Final.jar:/home/lennard/.m2/repository/io/quarkus/quarkus-mutiny-reactive-streams-operators/2.16.6.Final/quarkus-mutiny-reactive-streams-operators-2.16.6.Final.jar:/home/lennard/.m2/repository/org/eclipse/microprofile/reactive-streams-operators/microprofile-reactive-streams-operators-api/1.0.1/microprofile-reactive-streams-operators-api-1.0.1.jar:/home/lennard/.m2/repository/org/eclipse/microprofile/reactive-streams-operators/microprofile-reactive-streams-operators-core/1.0.1/microprofile-reactive-streams-operators-core-1.0.1.jar:/home/lennard/.m2/repository/io/smallrye/reactive/mutiny-reactive-streams-operators/1.9.0/mutiny-reactive-streams-operators-1.9.0.jar:/home/lennard/.m2/repository/io/quarkus/quarkus-smallrye-reactive-messaging-kotlin/2.16.6.Final/quarkus-smallrye-reactive-messaging-kotlin-2.16.6.Final.jar:/home/lennard/.m2/repository/io/smallrye/reactive/smallrye-reactive-messaging-health/3.22.1/smallrye-reactive-messaging-health-3.22.1.jar:/home/lennard/.m2/repository/org/eclipse/microprofile/health/microprofile-health-api/3.1/microprofile-health-api-3.1.jar:/home/lennard/.m2/repository/io/smallrye/reactive/smallrye-reactive-messaging-provider/3.22.1/smallrye-reactive-messaging-provider-3.22.1.jar:/home/lennard/.m2/repository/io/smallrye/reactive/smallrye-reactive-messaging-api/3.22.1/smallrye-reactive-messaging-api-3.22.1.jar:/home/lennard/.m2/repository/jakarta/annotation/jakarta.annotation-api/1.3.5/jakarta.annotation-api-1.3.5.jar:/home/lennard/.m2/repository/io/quarkus/quarkus-junit5/2.16.6.Final/quarkus-junit5-2.16.6.Final.jar:/home/lennard/.m2/repository/io/quarkus/quarkus-bootstrap-core/2.16.6.Final/quarkus-bootstrap-core-2.16.6.Final.jar:/home/lennard/.m2/repository/io/quarkus/quarkus-bootstrap-app-model/2.16.6.Final/quarkus-bootstrap-app-model-2.16.6.Final.jar:/home/lennard/.m2/repository/io/smallrye/common/smallrye-common-io/1.13.2/smallrye-common-io-1.13.2.jar:/home/lennard/.m2/repository/org/eclipse/sisu/org.eclipse.sisu.inject/0.3.5/org.eclipse.sisu.inject-0.3.5.jar:/home/lennard/.m2/repository/io/quarkus/quarkus-test-common/2.16.6.Final/quarkus-test-common-2.16.6.Final.jar:/home/lennard/.m2/repository/io/quarkus/quarkus-core-deployment/2.16.6.Final/quarkus-core-deployment-2.16.6.Final.jar:/home/lennard/.m2/repository/org/aesh/readline/2.2/readline-2.2.jar:/home/lennard/.m2/repository/org/fusesource/jansi/jansi/1.18/jansi-1.18.jar:/home/lennard/.m2/repository/org/aesh/aesh/2.7/aesh-2.7.jar:/home/lennard/.m2/repository/io/quarkus/gizmo/gizmo/1.6.0.Final/gizmo-1.6.0.Final.jar:/home/lennard/.m2/repository/org/ow2/asm/asm-util/9.4/asm-util-9.4.jar:/home/lennard/.m2/repository/org/ow2/asm/asm-analysis/9.4/asm-analysis-9.4.jar:/home/lennard/.m2/repository/org/ow2/asm/asm/9.4/asm-9.4.jar:/home/lennard/.m2/repository/org/ow2/asm/asm-commons/9.4/asm-commons-9.4.jar:/home/lennard/.m2/repository/org/ow2/asm/asm-tree/9.4/asm-tree-9.4.jar:/home/lennard/.m2/repository/io/quarkus/quarkus-class-change-agent/2.16.6.Final/quarkus-class-change-agent-2.16.6.Final.jar:/home/lennard/.m2/repository/io/quarkus/quarkus-devtools-utilities/2.16.6.Final/quarkus-devtools-utilities-2.16.6.Final.jar:/home/lennard/.m2/repository/io/quarkus/quarkus-builder/2.16.6.Final/quarkus-builder-2.16.6.Final.jar:/home/lennard/.m2/repository/org/junit/platform/junit-platform-launcher/1.9.2/junit-platform-launcher-1.9.2.jar:/home/lennard/.m2/repository/io/quarkus/quarkus-bootstrap-maven-resolver/2.16.6.Final/quarkus-bootstrap-maven-resolver-2.16.6.Final.jar:/home/lennard/.m2/repository/org/apache/maven/maven-embedder/3.8.6/maven-embedder-3.8.6.jar:/home/lennard/.m2/repository/org/apache/maven/maven-settings/3.8.6/maven-settings-3.8.6.jar:/home/lennard/.m2/repository/org/apache/maven/maven-core/3.8.6/maven-core-3.8.6.jar:/home/lennard/.m2/repository/org/apache/maven/maven-artifact/3.8.6/maven-artifact-3.8.6.jar:/home/lennard/.m2/repository/org/codehaus/plexus/plexus-component-annotations/2.1.0/plexus-component-annotations-2.1.0.jar:/home/lennard/.m2/repository/org/apache/maven/maven-plugin-api/3.8.6/maven-plugin-api-3.8.6.jar:/home/lennard/.m2/repository/org/apache/maven/maven-model/3.8.6/maven-model-3.8.6.jar:/home/lennard/.m2/repository/org/apache/maven/maven-model-builder/3.8.6/maven-model-builder-3.8.6.jar:/home/lennard/.m2/repository/org/apache/maven/maven-builder-support/3.8.6/maven-builder-support-3.8.6.jar:/home/lennard/.m2/repository/org/apache/maven/resolver/maven-resolver-api/1.6.3/maven-resolver-api-1.6.3.jar:/home/lennard/.m2/repository/org/apache/maven/resolver/maven-resolver-util/1.6.3/maven-resolver-util-1.6.3.jar:/home/lennard/.m2/repository/org/apache/maven/shared/maven-shared-utils/3.3.4/maven-shared-utils-3.3.4.jar:/home/lennard/.m2/repository/com/google/inject/guice/4.2.2/guice-4.2.2-no_aop.jar:/home/lennard/.m2/repository/com/google/guava/guava/31.1-jre/guava-31.1-jre.jar:/home/lennard/.m2/repository/com/google/guava/failureaccess/1.0.1/failureaccess-1.0.1.jar:/home/lennard/.m2/repository/org/codehaus/plexus/plexus-classworlds/2.6.0/plexus-classworlds-2.6.0.jar:/home/lennard/.m2/repository/org/codehaus/plexus/plexus-sec-dispatcher/2.0/plexus-sec-dispatcher-2.0.jar:/home/lennard/.m2/repository/org/codehaus/plexus/plexus-cipher/2.0/plexus-cipher-2.0.jar:/home/lennard/.m2/repository/commons-cli/commons-cli/1.4/commons-cli-1.4.jar:/home/lennard/.m2/repository/org/eclipse/sisu/org.eclipse.sisu.plexus/0.3.5/org.eclipse.sisu.plexus-0.3.5.jar:/home/lennard/.m2/repository/org/apache/maven/maven-settings-builder/3.8.6/maven-settings-builder-3.8.6.jar:/home/lennard/.m2/repository/org/codehaus/plexus/plexus-interpolation/1.26/plexus-interpolation-1.26.jar:/home/lennard/.m2/repository/org/apache/maven/maven-resolver-provider/3.8.6/maven-resolver-provider-3.8.6.jar:/home/lennard/.m2/repository/org/apache/maven/maven-repository-metadata/3.8.6/maven-repository-metadata-3.8.6.jar:/home/lennard/.m2/repository/org/apache/maven/resolver/maven-resolver-spi/1.6.3/maven-resolver-spi-1.6.3.jar:/home/lennard/.m2/repository/org/apache/maven/resolver/maven-resolver-impl/1.6.3/maven-resolver-impl-1.6.3.jar:/home/lennard/.m2/repository/org/codehaus/plexus/plexus-utils/3.3.0/plexus-utils-3.3.0.jar:/home/lennard/.m2/repository/org/apache/maven/resolver/maven-resolver-connector-basic/1.6.3/maven-resolver-connector-basic-1.6.3.jar:/home/lennard/.m2/repository/org/apache/maven/resolver/maven-resolver-transport-wagon/1.6.3/maven-resolver-transport-wagon-1.6.3.jar:/home/lennard/.m2/repository/org/apache/maven/wagon/wagon-http/3.5.1/wagon-http-3.5.1.jar:/home/lennard/.m2/repository/org/apache/maven/wagon/wagon-http-shared/3.5.1/wagon-http-shared-3.5.1.jar:/home/lennard/.m2/repository/org/apache/maven/wagon/wagon-provider-api/3.5.1/wagon-provider-api-3.5.1.jar:/home/lennard/.m2/repository/org/apache/maven/wagon/wagon-file/3.5.1/wagon-file-3.5.1.jar:/home/lennard/.m2/repository/io/quarkus/quarkus-bootstrap-gradle-resolver/2.16.6.Final/quarkus-bootstrap-gradle-resolver-2.16.6.Final.jar:/home/lennard/.m2/repository/io/smallrye/jandex/3.0.5/jandex-3.0.5.jar:/home/lennard/.m2/repository/org/jboss/logging/commons-logging-jboss-logging/1.0.0.Final/commons-logging-jboss-logging-1.0.0.Final.jar:/home/lennard/.m2/repository/io/quarkus/quarkus-junit5-properties/2.16.6.Final/quarkus-junit5-properties-2.16.6.Final.jar:/home/lennard/.m2/repository/org/junit/jupiter/junit-jupiter/5.9.2/junit-jupiter-5.9.2.jar:/home/lennard/.m2/repository/org/junit/jupiter/junit-jupiter-api/5.9.2/junit-jupiter-api-5.9.2.jar:/home/lennard/.m2/repository/org/opentest4j/opentest4j/1.2.0/opentest4j-1.2.0.jar:/home/lennard/.m2/repository/org/junit/platform/junit-platform-commons/1.9.2/junit-platform-commons-1.9.2.jar:/home/lennard/.m2/repository/org/apiguardian/apiguardian-api/1.1.2/apiguardian-api-1.1.2.jar:/home/lennard/.m2/repository/org/junit/jupiter/junit-jupiter-params/5.9.2/junit-jupiter-params-5.9.2.jar:/home/lennard/.m2/repository/org/junit/jupiter/junit-jupiter-engine/5.9.2/junit-jupiter-engine-5.9.2.jar:/home/lennard/.m2/repository/org/junit/platform/junit-platform-engine/1.9.2/junit-platform-engine-1.9.2.jar:/home/lennard/.m2/repository/com/thoughtworks/xstream/xstream/1.4.20/xstream-1.4.20.jar:/home/lennard/.m2/repository/io/github/x-stream/mxparser/1.2.2/mxparser-1.2.2.jar:/home/lennard/.m2/repository/xmlpull/xmlpull/1.1.3.1/xmlpull-1.1.3.1.jar:/home/lennard/.m2/repository/io/rest-assured/rest-assured/4.5.1/rest-assured-4.5.1.jar:/home/lennard/.m2/repository/org/codehaus/groovy/groovy/3.0.9/groovy-3.0.9.jar:/home/lennard/.m2/repository/org/codehaus/groovy/groovy-xml/3.0.9/groovy-xml-3.0.9.jar:/home/lennard/.m2/repository/org/apache/httpcomponents/httpclient/4.5.14/httpclient-4.5.14.jar:/home/lennard/.m2/repository/org/apache/httpcomponents/httpcore/4.4.16/httpcore-4.4.16.jar:/home/lennard/.m2/repository/commons-codec/commons-codec/1.15/commons-codec-1.15.jar:/home/lennard/.m2/repository/org/apache/httpcomponents/httpmime/4.5.14/httpmime-4.5.14.jar:/home/lennard/.m2/repository/org/hamcrest/hamcrest/2.1/hamcrest-2.1.jar:/home/lennard/.m2/repository/org/ccil/cowan/tagsoup/tagsoup/1.2.1/tagsoup-1.2.1.jar:/home/lennard/.m2/repository/io/rest-assured/json-path/4.5.1/json-path-4.5.1.jar:/home/lennard/.m2/repository/org/codehaus/groovy/groovy-json/3.0.9/groovy-json-3.0.9.jar:/home/lennard/.m2/repository/io/rest-assured/rest-assured-common/4.5.1/rest-assured-common-4.5.1.jar:/home/lennard/.m2/repository/io/rest-assured/xml-path/4.5.1/xml-path-4.5.1.jar:/home/lennard/.m2/repository/org/apache/commons/commons-lang3/3.12.0/commons-lang3-3.12.0.jar:"/>
    <property name="java.vm.vendor" value="Homebrew"/>
    <property name="sun.arch.data.model" value="64"/>
    <property name="java.vendor.url" value="https://github.com/Homebrew/homebrew-core/issues"/>
    <property name="user.timezone" value="Europe/Berlin"/>
    <property name="logging.initial-configurator.min-level" value="500"/>
    <property name="os.name" value="Linux"/>
    <property name="java.vm.specification.version" value="20"/>
    <property name="sun.java.launcher" value="SUN_STANDARD"/>
    <property name="sun.boot.library.path" value="/home/linuxbrew/.linuxbrew/Cellar/openjdk/20.0.1/libexec/lib"/>
    <property name="sun.java.command" value="/mnt/c/Users/lenna/Programming/verteilte-anwendungen-lab4/target/surefire/surefirebooter-20230709191221166_3.jar /mnt/c/Users/lenna/Programming/verteilte-anwendungen-lab4/target/surefire 2023-07-09T19-12-20_322-jvmRun1 surefire-20230709191221166_1tmp surefire_0-20230709191221166_2tmp"/>
    <property name="maven.home" value="/home/linuxbrew/.linuxbrew/Cellar/maven/3.9.2/libexec"/>
    <property name="jdk.debug" value="release"/>
    <property name="surefire.test.class.path" value="/mnt/c/Users/lenna/Programming/verteilte-anwendungen-lab4/target/test-classes:/mnt/c/Users/lenna/Programming/verteilte-anwendungen-lab4/target/classes:/home/lennard/.m2/repository/io/quarkus/quarkus-resteasy/2.16.6.Final/quarkus-resteasy-2.16.6.Final.jar:/home/lennard/.m2/repository/io/quarkus/quarkus-vertx-http/2.16.6.Final/quarkus-vertx-http-2.16.6.Final.jar:/home/lennard/.m2/repository/io/quarkus/quarkus-security-runtime-spi/2.16.6.Final/quarkus-security-runtime-spi-2.16.6.Final.jar:/home/lennard/.m2/repository/io/quarkus/quarkus-credentials/2.16.6.Final/quarkus-credentials-2.16.6.Final.jar:/home/lennard/.m2/repository/io/quarkus/quarkus-mutiny/2.16.6.Final/quarkus-mutiny-2.16.6.Final.jar:/home/lennard/.m2/repository/io/quarkus/quarkus-smallrye-context-propagation/2.16.6.Final/quarkus-smallrye-context-propagation-2.16.6.Final.jar:/home/lennard/.m2/repository/io/smallrye/smallrye-context-propagation/1.2.2/smallrye-context-propagation-1.2.2.jar:/home/lennard/.m2/repository/io/smallrye/smallrye-context-propagation-api/1.2.2/smallrye-context-propagation-api-1.2.2.jar:/home/lennard/.m2/repository/io/smallrye/smallrye-context-propagation-storage/1.2.2/smallrye-context-propagation-storage-1.2.2.jar:/home/lennard/.m2/repository/io/smallrye/reactive/mutiny-smallrye-context-propagation/1.9.0/mutiny-smallrye-context-propagation-1.9.0.jar:/home/lennard/.m2/repository/io/smallrye/common/smallrye-common-vertx-context/1.13.2/smallrye-common-vertx-context-1.13.2.jar:/home/lennard/.m2/repository/io/smallrye/common/smallrye-common-constraint/1.13.2/smallrye-common-constraint-1.13.2.jar:/home/lennard/.m2/repository/io/quarkus/quarkus-vertx-http-dev-console-runtime-spi/2.16.6.Final/quarkus-vertx-http-dev-console-runtime-spi-2.16.6.Final.jar:/home/lennard/.m2/repository/io/quarkus/security/quarkus-security/1.1.4.Final/quarkus-security-1.1.4.Final.jar:/home/lennard/.m2/repository/io/smallrye/reactive/smallrye-mutiny-vertx-web/2.30.1/smallrye-mutiny-vertx-web-2.30.1.jar:/home/lennard/.m2/repository/io/smallrye/reactive/smallrye-mutiny-vertx-web-common/2.30.1/smallrye-mutiny-vertx-web-common-2.30.1.jar:/home/lennard/.m2/repository/io/smallrye/reactive/smallrye-mutiny-vertx-auth-common/2.30.1/smallrye-mutiny-vertx-auth-common-2.30.1.jar:/home/lennard/.m2/repository/io/smallrye/reactive/smallrye-mutiny-vertx-bridge-common/2.30.1/smallrye-mutiny-vertx-bridge-common-2.30.1.jar:/home/lennard/.m2/repository/io/smallrye/reactive/smallrye-mutiny-vertx-uri-template/2.30.1/smallrye-mutiny-vertx-uri-template-2.30.1.jar:/home/lennard/.m2/repository/io/vertx/vertx-uri-template/4.3.7/vertx-uri-template-4.3.7.jar:/home/lennard/.m2/repository/io/vertx/vertx-web/4.3.7/vertx-web-4.3.7.jar:/home/lennard/.m2/repository/io/vertx/vertx-web-common/4.3.7/vertx-web-common-4.3.7.jar:/home/lennard/.m2/repository/io/vertx/vertx-auth-common/4.3.7/vertx-auth-common-4.3.7.jar:/home/lennard/.m2/repository/io/vertx/vertx-bridge-common/4.3.7/vertx-bridge-common-4.3.7.jar:/home/lennard/.m2/repository/io/github/crac/org-crac/0.1.3/org-crac-0.1.3.jar:/home/lennard/.m2/repository/io/quarkus/quarkus-resteasy-server-common/2.16.6.Final/quarkus-resteasy-server-common-2.16.6.Final.jar:/home/lennard/.m2/repository/io/quarkus/quarkus-resteasy-common/2.16.6.Final/quarkus-resteasy-common-2.16.6.Final.jar:/home/lennard/.m2/repository/org/jboss/resteasy/resteasy-core/4.7.7.Final/resteasy-core-4.7.7.Final.jar:/home/lennard/.m2/repository/org/jboss/spec/javax/ws/rs/jboss-jaxrs-api_2.1_spec/2.0.1.Final/jboss-jaxrs-api_2.1_spec-2.0.1.Final.jar:/home/lennard/.m2/repository/org/jboss/spec/javax/xml/bind/jboss-jaxb-api_2.3_spec/2.0.0.Final/jboss-jaxb-api_2.3_spec-2.0.0.Final.jar:/home/lennard/.m2/repository/org/jboss/resteasy/resteasy-core-spi/4.7.7.Final/resteasy-core-spi-4.7.7.Final.jar:/home/lennard/.m2/repository/com/ibm/async/asyncutil/0.1.0/asyncutil-0.1.0.jar:/home/lennard/.m2/repository/com/sun/activation/jakarta.activation/1.2.1/jakarta.activation-1.2.1.jar:/home/lennard/.m2/repository/jakarta/validation/jakarta.validation-api/2.0.2/jakarta.validation-api-2.0.2.jar:/home/lennard/.m2/repository/io/quarkus/quarkus-resteasy-jsonb/2.16.6.Final/quarkus-resteasy-jsonb-2.16.6.Final.jar:/home/lennard/.m2/repository/io/quarkus/quarkus-jsonb/2.16.6.Final/quarkus-jsonb-2.16.6.Final.jar:/home/lennard/.m2/repository/org/eclipse/yasson/1.0.11/yasson-1.0.11.jar:/home/lennard/.m2/repository/io/quarkus/quarkus-jsonp/2.16.6.Final/quarkus-jsonp-2.16.6.Final.jar:/home/lennard/.m2/repository/org/glassfish/jakarta.json/1.1.6/jakarta.json-1.1.6.jar:/home/lennard/.m2/repository/org/jboss/resteasy/resteasy-json-binding-provider/4.7.7.Final/resteasy-json-binding-provider-4.7.7.Final.jar:/home/lennard/.m2/repository/jakarta/json/bind/jakarta.json.bind-api/1.0.2/jakarta.json.bind-api-1.0.2.jar:/home/lennard/.m2/repository/org/jboss/logging/jboss-logging/3.5.0.Final/jboss-logging-3.5.0.Final.jar:/home/lennard/.m2/repository/org/jboss/resteasy/resteasy-json-p-provider/4.7.7.Final/resteasy-json-p-provider-4.7.7.Final.jar:/home/lennard/.m2/repository/commons-io/commons-io/2.11.0/commons-io-2.11.0.jar:/home/lennard/.m2/repository/io/quarkus/quarkus-arc/2.16.6.Final/quarkus-arc-2.16.6.Final.jar:/home/lennard/.m2/repository/io/quarkus/arc/arc/2.16.6.Final/arc-2.16.6.Final.jar:/home/lennard/.m2/repository/jakarta/enterprise/jakarta.enterprise.cdi-api/2.0.2/jakarta.enterprise.cdi-api-2.0.2.jar:/home/lennard/.m2/repository/jakarta/el/jakarta.el-api/3.0.3/jakarta.el-api-3.0.3.jar:/home/lennard/.m2/repository/jakarta/interceptor/jakarta.interceptor-api/1.2.5/jakarta.interceptor-api-1.2.5.jar:/home/lennard/.m2/repository/jakarta/transaction/jakarta.transaction-api/1.3.3/jakarta.transaction-api-1.3.3.jar:/home/lennard/.m2/repository/io/smallrye/reactive/mutiny/1.9.0/mutiny-1.9.0.jar:/home/lennard/.m2/repository/org/reactivestreams/reactive-streams/1.0.3/reactive-streams-1.0.3.jar:/home/lennard/.m2/repository/io/quarkus/quarkus-core/2.16.6.Final/quarkus-core-2.16.6.Final.jar:/home/lennard/.m2/repository/jakarta/inject/jakarta.inject-api/1.0/jakarta.inject-api-1.0.jar:/home/lennard/.m2/repository/io/quarkus/quarkus-ide-launcher/2.16.6.Final/quarkus-ide-launcher-2.16.6.Final.jar:/home/lennard/.m2/repository/io/quarkus/quarkus-development-mode-spi/2.16.6.Final/quarkus-development-mode-spi-2.16.6.Final.jar:/home/lennard/.m2/repository/io/smallrye/config/smallrye-config/2.13.3/smallrye-config-2.13.3.jar:/home/lennard/.m2/repository/io/smallrye/config/smallrye-config-core/2.13.3/smallrye-config-core-2.13.3.jar:/home/lennard/.m2/repository/org/eclipse/microprofile/config/microprofile-config-api/2.0.1/microprofile-config-api-2.0.1.jar:/home/lennard/.m2/repository/io/smallrye/common/smallrye-common-expression/1.13.2/smallrye-common-expression-1.13.2.jar:/home/lennard/.m2/repository/io/smallrye/common/smallrye-common-function/1.13.2/smallrye-common-function-1.13.2.jar:/home/lennard/.m2/repository/io/smallrye/common/smallrye-common-classloader/1.13.2/smallrye-common-classloader-1.13.2.jar:/home/lennard/.m2/repository/io/smallrye/config/smallrye-config-common/2.13.3/smallrye-config-common-2.13.3.jar:/home/lennard/.m2/repository/org/jboss/logmanager/jboss-logmanager-embedded/1.0.11/jboss-logmanager-embedded-1.0.11.jar:/home/lennard/.m2/repository/org/jboss/logging/jboss-logging-annotations/2.2.1.Final/jboss-logging-annotations-2.2.1.Final.jar:/home/lennard/.m2/repository/org/jboss/threads/jboss-threads/3.4.3.Final/jboss-threads-3.4.3.Final.jar:/home/lennard/.m2/repository/org/slf4j/slf4j-api/1.7.36/slf4j-api-1.7.36.jar:/home/lennard/.m2/repository/org/graalvm/sdk/graal-sdk/22.3.0/graal-sdk-22.3.0.jar:/home/lennard/.m2/repository/org/wildfly/common/wildfly-common/1.5.4.Final-format-001/wildfly-common-1.5.4.Final-format-001.jar:/home/lennard/.m2/repository/io/quarkus/quarkus-bootstrap-runner/2.16.6.Final/quarkus-bootstrap-runner-2.16.6.Final.jar:/home/lennard/.m2/repository/io/quarkus/quarkus-fs-util/0.0.9/quarkus-fs-util-0.0.9.jar:/home/lennard/.m2/repository/org/eclipse/microprofile/context-propagation/microprofile-context-propagation-api/1.2/microprofile-context-propagation-api-1.2.jar:/home/lennard/.m2/repository/io/quarkus/quarkus-scheduler/2.16.6.Final/quarkus-scheduler-2.16.6.Final.jar:/home/lennard/.m2/repository/io/quarkus/quarkus-scheduler-kotlin/2.16.6.Final/quarkus-scheduler-kotlin-2.16.6.Final.jar:/home/lennard/.m2/repository/io/quarkus/quarkus-scheduler-common/2.16.6.Final/quarkus-scheduler-common-2.16.6.Final.jar:/home/lennard/.m2/repository/io/quarkus/quarkus-scheduler-api/2.16.6.Final/quarkus-scheduler-api-2.16.6.Final.jar:/home/lennard/.m2/repository/com/cronutils/cron-utils/9.2.0/cron-utils-9.2.0.jar:/home/lennard/.m2/repository/io/quarkus/quarkus-vertx/2.16.6.Final/quarkus-vertx-2.16.6.Final.jar:/home/lennard/.m2/repository/io/quarkus/quarkus-netty/2.16.6.Final/quarkus-netty-2.16.6.Final.jar:/home/lennard/.m2/repository/io/netty/netty-codec/4.1.86.Final/netty-codec-4.1.86.Final.jar:/home/lennard/.m2/repository/io/netty/netty-codec-http/4.1.86.Final/netty-codec-http-4.1.86.Final.jar:/home/lennard/.m2/repository/io/netty/netty-codec-http2/4.1.86.Final/netty-codec-http2-4.1.86.Final.jar:/home/lennard/.m2/repository/io/netty/netty-handler/4.1.86.Final/netty-handler-4.1.86.Final.jar:/home/lennard/.m2/repository/io/netty/netty-transport-native-unix-common/4.1.86.Final/netty-transport-native-unix-common-4.1.86.Final.jar:/home/lennard/.m2/repository/com/aayushatharva/brotli4j/brotli4j/1.8.0/brotli4j-1.8.0.jar:/home/lennard/.m2/repository/com/aayushatharva/brotli4j/native-linux-x86_64/1.8.0/native-linux-x86_64-1.8.0.jar:/home/lennard/.m2/repository/io/netty/netty-codec-haproxy/4.1.86.Final/netty-codec-haproxy-4.1.86.Final.jar:/home/lennard/.m2/repository/io/netty/netty-buffer/4.1.86.Final/netty-buffer-4.1.86.Final.jar:/home/lennard/.m2/repository/io/netty/netty-transport/4.1.86.Final/netty-transport-4.1.86.Final.jar:/home/lennard/.m2/repository/io/smallrye/common/smallrye-common-annotation/1.13.2/smallrye-common-annotation-1.13.2.jar:/home/lennard/.m2/repository/io/quarkus/quarkus-vertx-latebound-mdc-provider/2.16.6.Final/quarkus-vertx-latebound-mdc-provider-2.16.6.Final.jar:/home/lennard/.m2/repository/io/smallrye/reactive/smallrye-mutiny-vertx-core/2.30.1/smallrye-mutiny-vertx-core-2.30.1.jar:/home/lennard/.m2/repository/io/smallrye/reactive/smallrye-mutiny-vertx-runtime/2.30.1/smallrye-mutiny-vertx-runtime-2.30.1.jar:/home/lennard/.m2/repository/io/smallrye/reactive/vertx-mutiny-generator/2.30.1/vertx-mutiny-generator-2.30.1.jar:/home/lennard/.m2/repository/io/vertx/vertx-codegen/4.3.7/vertx-codegen-4.3.7.jar:/home/lennard/.m2/repository/io/smallrye/smallrye-fault-tolerance-vertx/5.6.0/smallrye-fault-tolerance-vertx-5.6.0.jar:/home/lennard/.m2/repository/org/jboss/slf4j/slf4j-jboss-logmanager/1.2.0.Final/slf4j-jboss-logmanager-1.2.0.Final.jar:/home/lennard/.m2/repository/org/glassfish/jakarta.el/3.0.4/jakarta.el-3.0.4.jar:/home/lennard/.m2/repository/io/quarkus/quarkus-smallrye-reactive-messaging-kafka/2.16.6.Final/quarkus-smallrye-reactive-messaging-kafka-2.16.6.Final.jar:/home/lennard/.m2/repository/io/quarkus/quarkus-kafka-client/2.16.6.Final/quarkus-kafka-client-2.16.6.Final.jar:/home/lennard/.m2/repository/io/quarkus/quarkus-caffeine/2.16.6.Final/quarkus-caffeine-2.16.6.Final.jar:/home/lennard/.m2/repository/com/github/ben-manes/caffeine/caffeine/3.1.1/caffeine-3.1.1.jar:/home/lennard/.m2/repository/com/google/errorprone/error_prone_annotations/2.17.0/error_prone_annotations-2.17.0.jar:/home/lennard/.m2/repository/io/smallrye/reactive/smallrye-reactive-messaging-kafka/3.22.1/smallrye-reactive-messaging-kafka-3.22.1.jar:/home/lennard/.m2/repository/io/smallrye/reactive/smallrye-reactive-messaging-kafka-api/3.22.1/smallrye-reactive-messaging-kafka-api-3.22.1.jar:/home/lennard/.m2/repository/io/opentelemetry/opentelemetry-api/1.21.0/opentelemetry-api-1.21.0.jar:/home/lennard/.m2/repository/io/opentelemetry/opentelemetry-context/1.21.0/opentelemetry-context-1.21.0.jar:/home/lennard/.m2/repository/io/opentelemetry/opentelemetry-semconv/1.21.0-alpha/opentelemetry-semconv-1.21.0-alpha.jar:/home/lennard/.m2/repository/io/smallrye/reactive/smallrye-reactive-converter-api/2.7.0/smallrye-reactive-converter-api-2.7.0.jar:/home/lennard/.m2/repository/io/quarkus/quarkus-jackson/2.16.6.Final/quarkus-jackson-2.16.6.Final.jar:/home/lennard/.m2/repository/com/fasterxml/jackson/core/jackson-databind/2.14.2/jackson-databind-2.14.2.jar:/home/lennard/.m2/repository/com/fasterxml/jackson/core/jackson-annotations/2.14.2/jackson-annotations-2.14.2.jar:/home/lennard/.m2/repository/com/fasterxml/jackson/core/jackson-core/2.14.2/jackson-core-2.14.2.jar:/home/lennard/.m2/repository/com/fasterxml/jackson/datatype/jackson-datatype-jsr310/2.14.2/jackson-datatype-jsr310-2.14.2.jar:/home/lennard/.m2/repository/com/fasterxml/jackson/datatype/jackson-datatype-jdk8/2.14.2/jackson-datatype-jdk8-2.14.2.jar:/home/lennard/.m2/repository/com/fasterxml/jackson/module/jackson-module-parameter-names/2.14.2/jackson-module-parameter-names-2.14.2.jar:/home/lennard/.m2/repository/org/apache/kafka/kafka-clients/3.3.2/kafka-clients-3.3.2.jar:/home/lennard/.m2/repository/com/github/luben/zstd-jni/1.5.2-1/zstd-jni-1.5.2-1.jar:/home/lennard/.m2/repository/org/lz4/lz4-java/1.8.0/lz4-java-1.8.0.jar:/home/lennard/.m2/repository/org/xerial/snappy/snappy-java/1.1.8.4/snappy-java-1.1.8.4.jar:/home/lennard/.m2/repository/io/vertx/vertx-kafka-client/4.3.7/vertx-kafka-client-4.3.7.jar:/home/lennard/.m2/repository/io/vertx/vertx-core/4.3.7/vertx-core-4.3.7.jar:/home/lennard/.m2/repository/io/netty/netty-common/4.1.86.Final/netty-common-4.1.86.Final.jar:/home/lennard/.m2/repository/io/netty/netty-handler-proxy/4.1.86.Final/netty-handler-proxy-4.1.86.Final.jar:/home/lennard/.m2/repository/io/netty/netty-codec-socks/4.1.86.Final/netty-codec-socks-4.1.86.Final.jar:/home/lennard/.m2/repository/io/netty/netty-resolver/4.1.86.Final/netty-resolver-4.1.86.Final.jar:/home/lennard/.m2/repository/io/netty/netty-resolver-dns/4.1.86.Final/netty-resolver-dns-4.1.86.Final.jar:/home/lennard/.m2/repository/io/netty/netty-codec-dns/4.1.86.Final/netty-codec-dns-4.1.86.Final.jar:/home/lennard/.m2/repository/io/quarkus/quarkus-smallrye-reactive-messaging/2.16.6.Final/quarkus-smallrye-reactive-messaging-2.16.6.Final.jar:/home/lennard/.m2/repository/io/quarkus/quarkus-mutiny-reactive-streams-operators/2.16.6.Final/quarkus-mutiny-reactive-streams-operators-2.16.6.Final.jar:/home/lennard/.m2/repository/org/eclipse/microprofile/reactive-streams-operators/microprofile-reactive-streams-operators-api/1.0.1/microprofile-reactive-streams-operators-api-1.0.1.jar:/home/lennard/.m2/repository/org/eclipse/microprofile/reactive-streams-operators/microprofile-reactive-streams-operators-core/1.0.1/microprofile-reactive-streams-operators-core-1.0.1.jar:/home/lennard/.m2/repository/io/smallrye/reactive/mutiny-reactive-streams-operators/1.9.0/mutiny-reactive-streams-operators-1.9.0.jar:/home/lennard/.m2/repository/io/quarkus/quarkus-smallrye-reactive-messaging-kotlin/2.16.6.Final/quarkus-smallrye-reactive-messaging-kotlin-2.16.6.Final.jar:/home/lennard/.m2/repository/io/smallrye/reactive/smallrye-reactive-messaging-health/3.22.1/smallrye-reactive-messaging-health-3.22.1.jar:/home/lennard/.m2/repository/org/eclipse/microprofile/health/microprofile-health-api/3.1/microprofile-health-api-3.1.jar:/home/lennard/.m2/repository/io/smallrye/reactive/smallrye-reactive-messaging-provider/3.22.1/smallrye-reactive-messaging-provider-3.22.1.jar:/home/lennard/.m2/repository/io/smallrye/reactive/smallrye-reactive-messaging-api/3.22.1/smallrye-reactive-messaging-api-3.22.1.jar:/home/lennard/.m2/repository/jakarta/annotation/jakarta.annotation-api/1.3.5/jakarta.annotation-api-1.3.5.jar:/home/lennard/.m2/repository/io/quarkus/quarkus-junit5/2.16.6.Final/quarkus-junit5-2.16.6.Final.jar:/home/lennard/.m2/repository/io/quarkus/quarkus-bootstrap-core/2.16.6.Final/quarkus-bootstrap-core-2.16.6.Final.jar:/home/lennard/.m2/repository/io/quarkus/quarkus-bootstrap-app-model/2.16.6.Final/quarkus-bootstrap-app-model-2.16.6.Final.jar:/home/lennard/.m2/repository/io/smallrye/common/smallrye-common-io/1.13.2/smallrye-common-io-1.13.2.jar:/home/lennard/.m2/repository/org/eclipse/sisu/org.eclipse.sisu.inject/0.3.5/org.eclipse.sisu.inject-0.3.5.jar:/home/lennard/.m2/repository/io/quarkus/quarkus-test-common/2.16.6.Final/quarkus-test-common-2.16.6.Final.jar:/home/lennard/.m2/repository/io/quarkus/quarkus-core-deployment/2.16.6.Final/quarkus-core-deployment-2.16.6.Final.jar:/home/lennard/.m2/repository/org/aesh/readline/2.2/readline-2.2.jar:/home/lennard/.m2/repository/org/fusesource/jansi/jansi/1.18/jansi-1.18.jar:/home/lennard/.m2/repository/org/aesh/aesh/2.7/aesh-2.7.jar:/home/lennard/.m2/repository/io/quarkus/gizmo/gizmo/1.6.0.Final/gizmo-1.6.0.Final.jar:/home/lennard/.m2/repository/org/ow2/asm/asm-util/9.4/asm-util-9.4.jar:/home/lennard/.m2/repository/org/ow2/asm/asm-analysis/9.4/asm-analysis-9.4.jar:/home/lennard/.m2/repository/org/ow2/asm/asm/9.4/asm-9.4.jar:/home/lennard/.m2/repository/org/ow2/asm/asm-commons/9.4/asm-commons-9.4.jar:/home/lennard/.m2/repository/org/ow2/asm/asm-tree/9.4/asm-tree-9.4.jar:/home/lennard/.m2/repository/io/quarkus/quarkus-class-change-agent/2.16.6.Final/quarkus-class-change-agent-2.16.6.Final.jar:/home/lennard/.m2/repository/io/quarkus/quarkus-devtools-utilities/2.16.6.Final/quarkus-devtools-utilities-2.16.6.Final.jar:/home/lennard/.m2/repository/io/quarkus/quarkus-builder/2.16.6.Final/quarkus-builder-2.16.6.Final.jar:/home/lennard/.m2/repository/org/junit/platform/junit-platform-launcher/1.9.2/junit-platform-launcher-1.9.2.jar:/home/lennard/.m2/repository/io/quarkus/quarkus-bootstrap-maven-resolver/2.16.6.Final/quarkus-bootstrap-maven-resolver-2.16.6.Final.jar:/home/lennard/.m2/repository/org/apache/maven/maven-embedder/3.8.6/maven-embedder-3.8.6.jar:/home/lennard/.m2/repository/org/apache/maven/maven-settings/3.8.6/maven-settings-3.8.6.jar:/home/lennard/.m2/repository/org/apache/maven/maven-core/3.8.6/maven-core-3.8.6.jar:/home/lennard/.m2/repository/org/apache/maven/maven-artifact/3.8.6/maven-artifact-3.8.6.jar:/home/lennard/.m2/repository/org/codehaus/plexus/plexus-component-annotations/2.1.0/plexus-component-annotations-2.1.0.jar:/home/lennard/.m2/repository/org/apache/maven/maven-plugin-api/3.8.6/maven-plugin-api-3.8.6.jar:/home/lennard/.m2/repository/org/apache/maven/maven-model/3.8.6/maven-model-3.8.6.jar:/home/lennard/.m2/repository/org/apache/maven/maven-model-builder/3.8.6/maven-model-builder-3.8.6.jar:/home/lennard/.m2/repository/org/apache/maven/maven-builder-support/3.8.6/maven-builder-support-3.8.6.jar:/home/lennard/.m2/repository/org/apache/maven/resolver/maven-resolver-api/1.6.3/maven-resolver-api-1.6.3.jar:/home/lennard/.m2/repository/org/apache/maven/resolver/maven-resolver-util/1.6.3/maven-resolver-util-1.6.3.jar:/home/lennard/.m2/repository/org/apache/maven/shared/maven-shared-utils/3.3.4/maven-shared-utils-3.3.4.jar:/home/lennard/.m2/repository/com/google/inject/guice/4.2.2/guice-4.2.2-no_aop.jar:/home/lennard/.m2/repository/com/google/guava/guava/31.1-jre/guava-31.1-jre.jar:/home/lennard/.m2/repository/com/google/guava/failureaccess/1.0.1/failureaccess-1.0.1.jar:/home/lennard/.m2/repository/org/codehaus/plexus/plexus-classworlds/2.6.0/plexus-classworlds-2.6.0.jar:/home/lennard/.m2/repository/org/codehaus/plexus/plexus-sec-dispatcher/2.0/plexus-sec-dispatcher-2.0.jar:/home/lennard/.m2/repository/org/codehaus/plexus/plexus-cipher/2.0/plexus-cipher-2.0.jar:/home/lennard/.m2/repository/commons-cli/commons-cli/1.4/commons-cli-1.4.jar:/home/lennard/.m2/repository/org/eclipse/sisu/org.eclipse.sisu.plexus/0.3.5/org.eclipse.sisu.plexus-0.3.5.jar:/home/lennard/.m2/repository/org/apache/maven/maven-settings-builder/3.8.6/maven-settings-builder-3.8.6.jar:/home/lennard/.m2/repository/org/codehaus/plexus/plexus-interpolation/1.26/plexus-interpolation-1.26.jar:/home/lennard/.m2/repository/org/apache/maven/maven-resolver-provider/3.8.6/maven-resolver-provider-3.8.6.jar:/home/lennard/.m2/repository/org/apache/maven/maven-repository-metadata/3.8.6/maven-repository-metadata-3.8.6.jar:/home/lennard/.m2/repository/org/apache/maven/resolver/maven-resolver-spi/1.6.3/maven-resolver-spi-1.6.3.jar:/home/lennard/.m2/repository/org/apache/maven/resolver/maven-resolver-impl/1.6.3/maven-resolver-impl-1.6.3.jar:/home/lennard/.m2/repository/org/codehaus/plexus/plexus-utils/3.3.0/plexus-utils-3.3.0.jar:/home/lennard/.m2/repository/org/apache/maven/resolver/maven-resolver-connector-basic/1.6.3/maven-resolver-connector-basic-1.6.3.jar:/home/lennard/.m2/repository/org/apache/maven/resolver/maven-resolver-transport-wagon/1.6.3/maven-resolver-transport-wagon-1.6.3.jar:/home/lennard/.m2/repository/org/apache/maven/wagon/wagon-http/3.5.1/wagon-http-3.5.1.jar:/home/lennard/.m2/repository/org/apache/maven/wagon/wagon-http-shared/3.5.1/wagon-http-shared-3.5.1.jar:/home/lennard/.m2/repository/org/apache/maven/wagon/wagon-provider-api/3.5.1/wagon-provider-api-3.5.1.jar:/home/lennard/.m2/repository/org/apache/maven/wagon/wagon-file/3.5.1/wagon-file-3.5.1.jar:/home/lennard/.m2/repository/io/quarkus/quarkus-bootstrap-gradle-resolver/2.16.6.Final/quarkus-bootstrap-gradle-resolver-2.16.6.Final.jar:/home/lennard/.m2/repository/io/smallrye/jandex/3.0.5/jandex-3.0.5.jar:/home/lennard/.m2/repository/org/jboss/logging/commons-logging-jboss-logging/1.0.0.Final/commons-logging-jboss-logging-1.0.0.Final.jar:/home/lennard/.m2/repository/io/quarkus/quarkus-junit5-properties/2.16.6.Final/quarkus-junit5-properties-2.16.6.Final.jar:/home/lennard/.m2/repository/org/junit/jupiter/junit-jupiter/5.9.2/junit-jupiter-5.9.2.jar:/home/lennard/.m2/repository/org/junit/jupiter/junit-jupiter-api/5.9.2/junit-jupiter-api-5.9.2.jar:/home/lennard/.m2/repository/org/opentest4j/opentest4j/1.2.0/opentest4j-1.2.0.jar:/home/lennard/.m2/repository/org/junit/platform/junit-platform-commons/1.9.2/junit-platform-commons-1.9.2.jar:/home/lennard/.m2/repository/org/apiguardian/apiguardian-api/1.1.2/apiguardian-api-1.1.2.jar:/home/lennard/.m2/repository/org/junit/jupiter/junit-jupiter-params/5.9.2/junit-jupiter-params-5.9.2.jar:/home/lennard/.m2/repository/org/junit/jupiter/junit-jupiter-engine/5.9.2/junit-jupiter-engine-5.9.2.jar:/home/lennard/.m2/repository/org/junit/platform/junit-platform-engine/1.9.2/junit-platform-engine-1.9.2.jar:/home/lennard/.m2/repository/com/thoughtworks/xstream/xstream/1.4.20/xstream-1.4.20.jar:/home/lennard/.m2/repository/io/github/x-stream/mxparser/1.2.2/mxparser-1.2.2.jar:/home/lennard/.m2/repository/xmlpull/xmlpull/1.1.3.1/xmlpull-1.1.3.1.jar:/home/lennard/.m2/repository/io/rest-assured/rest-assured/4.5.1/rest-assured-4.5.1.jar:/home/lennard/.m2/repository/org/codehaus/groovy/groovy/3.0.9/groovy-3.0.9.jar:/home/lennard/.m2/repository/org/codehaus/groovy/groovy-xml/3.0.9/groovy-xml-3.0.9.jar:/home/lennard/.m2/repository/org/apache/httpcomponents/httpclient/4.5.14/httpclient-4.5.14.jar:/home/lennard/.m2/repository/org/apache/httpcomponents/httpcore/4.4.16/httpcore-4.4.16.jar:/home/lennard/.m2/repository/commons-codec/commons-codec/1.15/commons-codec-1.15.jar:/home/lennard/.m2/repository/org/apache/httpcomponents/httpmime/4.5.14/httpmime-4.5.14.jar:/home/lennard/.m2/repository/org/hamcrest/hamcrest/2.1/hamcrest-2.1.jar:/home/lennard/.m2/repository/org/ccil/cowan/tagsoup/tagsoup/1.2.1/tagsoup-1.2.1.jar:/home/lennard/.m2/repository/io/rest-assured/json-path/4.5.1/json-path-4.5.1.jar:/home/lennard/.m2/repository/org/codehaus/groovy/groovy-json/3.0.9/groovy-json-3.0.9.jar:/home/lennard/.m2/repository/io/rest-assured/rest-assured-common/4.5.1/rest-assured-common-4.5.1.jar:/home/lennard/.m2/repository/io/rest-assured/xml-path/4.5.1/xml-path-4.5.1.jar:/home/lennard/.m2/repository/org/apache/commons/commons-lang3/3.12.0/commons-lang3-3.12.0.jar:"/>
    <property name="sun.cpu.endian" value="little"/>
    <property name="user.home" value="/home/lennard"/>
    <property name="user.language" value="en"/>
    <property name="jboss.log-version" value="false"/>
    <property name="java.specification.vendor" value="Oracle Corporation"/>
    <property name="io.netty.allocator.maxOrder" value="3"/>
    <property name="java.version.date" value="2023-04-18"/>
    <property name="java.home" value="/home/linuxbrew/.linuxbrew/Cellar/openjdk/20.0.1/libexec"/>
    <property name="file.separator" value="/"/>
    <property name="basedir" value="/mnt/c/Users/lenna/Programming/verteilte-anwendungen-lab4"/>
    <property name="java.vm.compressedOopsMode" value="32-bit"/>
    <property name="line.separator" value="&#10;"/>
    <property name="java.vm.specification.vendor" value="Oracle Corporation"/>
    <property name="java.specification.name" value="Java Platform API Specification"/>
    <property name="surefire.real.class.path" value="/mnt/c/Users/lenna/Programming/verteilte-anwendungen-lab4/target/surefire/surefirebooter-20230709191221166_3.jar"/>
    <property name="sun.management.compiler" value="HotSpot 64-Bit Tiered Compilers"/>
    <property name="java.runtime.version" value="20.0.1"/>
    <property name="user.name" value="lennard"/>
    <property name="stdout.encoding" value="UTF-8"/>
    <property name="dev.resteasy.exception.mapper" value="false"/>
    <property name="path.separator" value=":"/>
    <property name="os.version" value="5.15.90.1-microsoft-standard-WSL2"/>
    <property name="java.runtime.name" value="OpenJDK Runtime Environment"/>
    <property name="file.encoding" value="UTF-8"/>
    <property name="java.vm.name" value="OpenJDK 64-Bit Server VM"/>
    <property name="java.vendor.version" value="Homebrew"/>
    <property name="localRepository" value="/home/lennard/.m2/repository"/>
    <property name="java.vendor.url.bug" value="https://github.com/Homebrew/homebrew-core/issues"/>
    <property name="java.io.tmpdir" value="/tmp"/>
    <property name="quarkus.log.file.path" value="target/quarkus.log"/>
    <property name="java.version" value="20.0.1"/>
    <property name="java.util.concurrent.ForkJoinPool.common.threadFactory" value="io.quarkus.bootstrap.forkjoin.QuarkusForkJoinWorkerThreadFactory"/>
    <property name="user.dir" value="/mnt/c/Users/lenna/Programming/verteilte-anwendungen-lab4"/>
    <property name="os.arch" value="amd64"/>
    <property name="java.vm.specification.name" value="Java Virtual Machine Specification"/>
    <property name="vertx.disableDnsResolver" value="true"/>
    <property name="native.encoding" value="UTF-8"/>
    <property name="java.util.logging.manager" value="org.jboss.logmanager.LogManager"/>
    <property name="java.library.path" value="/usr/java/packages/lib:/usr/lib64:/lib64:/lib:/usr/lib"/>
    <property name="java.vm.info" value="mixed mode, sharing"/>
    <property name="stderr.encoding" value="UTF-8"/>
    <property name="java.vendor" value="Homebrew"/>
    <property name="vertx.disableTCCL" value="true"/>
    <property name="java.vm.version" value="20.0.1"/>
    <property name="sun.io.unicode.encoding" value="UnicodeLittle"/>
    <property name="io.netty.machineId" value="77:31:a0:f2:32:7e:44:2d"/>
    <property name="java.class.version" value="64.0"/>
  </properties>
  <testcase name="sendAndReceiveTest" classname="de.berlin.htw.boundary.TwitterProducerTest" time="1.086">
    <failure message="expected: &lt;robert testet kafka&gt; but was: &lt;Zeina studiert in Palestinian Territories&gt;" type="org.opentest4j.AssertionFailedError"><![CDATA[org.opentest4j.AssertionFailedError: expected: <robert testet kafka> but was: <Zeina studiert in Palestinian Territories>
	at org.junit.jupiter.api.AssertionFailureBuilder.build(AssertionFailureBuilder.java:151)
	at org.junit.jupiter.api.AssertionFailureBuilder.buildAndThrow(AssertionFailureBuilder.java:132)
	at org.junit.jupiter.api.AssertEquals.failNotEqual(AssertEquals.java:197)
	at org.junit.jupiter.api.AssertEquals.assertEquals(AssertEquals.java:182)
	at org.junit.jupiter.api.AssertEquals.assertEquals(AssertEquals.java:177)
	at org.junit.jupiter.api.Assertions.assertEquals(Assertions.java:1142)
	at de.berlin.htw.boundary.TwitterProducerTest.sendAndReceiveTest(TwitterProducerTest.java:25)
	at java.base/jdk.internal.reflect.DirectMethodHandleAccessor.invoke(DirectMethodHandleAccessor.java:104)
	at java.base/java.lang.reflect.Method.invoke(Method.java:578)
	at io.quarkus.test.junit.QuarkusTestExtension.runExtensionMethod(QuarkusTestExtension.java:1002)
	at io.quarkus.test.junit.QuarkusTestExtension.interceptTestMethod(QuarkusTestExtension.java:816)
	at org.junit.jupiter.engine.execution.InterceptingExecutableInvoker$ReflectiveInterceptorCall.lambda$ofVoidMethod$0(InterceptingExecutableInvoker.java:103)
	at org.junit.jupiter.engine.execution.InterceptingExecutableInvoker.lambda$invoke$0(InterceptingExecutableInvoker.java:93)
	at org.junit.jupiter.engine.execution.InvocationInterceptorChain$InterceptedInvocation.proceed(InvocationInterceptorChain.java:106)
	at org.junit.jupiter.engine.extension.TimeoutExtension.intercept(TimeoutExtension.java:156)
	at org.junit.jupiter.engine.extension.TimeoutExtension.interceptTestableMethod(TimeoutExtension.java:147)
	at org.junit.jupiter.engine.extension.TimeoutExtension.interceptTestMethod(TimeoutExtension.java:86)
	at org.junit.jupiter.engine.execution.InterceptingExecutableInvoker$ReflectiveInterceptorCall.lambda$ofVoidMethod$0(InterceptingExecutableInvoker.java:103)
	at org.junit.jupiter.engine.execution.InterceptingExecutableInvoker.lambda$invoke$0(InterceptingExecutableInvoker.java:93)
	at org.junit.jupiter.engine.execution.InvocationInterceptorChain$InterceptedInvocation.proceed(InvocationInterceptorChain.java:106)
	at org.junit.jupiter.engine.execution.InvocationInterceptorChain.proceed(InvocationInterceptorChain.java:64)
	at org.junit.jupiter.engine.execution.InvocationInterceptorChain.chainAndInvoke(InvocationInterceptorChain.java:45)
	at org.junit.jupiter.engine.execution.InvocationInterceptorChain.invoke(InvocationInterceptorChain.java:37)
	at org.junit.jupiter.engine.execution.InterceptingExecutableInvoker.invoke(InterceptingExecutableInvoker.java:92)
	at org.junit.jupiter.engine.execution.InterceptingExecutableInvoker.invoke(InterceptingExecutableInvoker.java:86)
	at org.junit.jupiter.engine.descriptor.TestMethodTestDescriptor.lambda$invokeTestMethod$7(TestMethodTestDescriptor.java:217)
	at org.junit.platform.engine.support.hierarchical.ThrowableCollector.execute(ThrowableCollector.java:73)
	at org.junit.jupiter.engine.descriptor.TestMethodTestDescriptor.invokeTestMethod(TestMethodTestDescriptor.java:213)
	at org.junit.jupiter.engine.descriptor.TestMethodTestDescriptor.execute(TestMethodTestDescriptor.java:138)
	at org.junit.jupiter.engine.descriptor.TestMethodTestDescriptor.execute(TestMethodTestDescriptor.java:68)
	at org.junit.platform.engine.support.hierarchical.NodeTestTask.lambda$executeRecursively$6(NodeTestTask.java:151)
	at org.junit.platform.engine.support.hierarchical.ThrowableCollector.execute(ThrowableCollector.java:73)
	at org.junit.platform.engine.support.hierarchical.NodeTestTask.lambda$executeRecursively$8(NodeTestTask.java:141)
	at org.junit.platform.engine.support.hierarchical.Node.around(Node.java:137)
	at org.junit.platform.engine.support.hierarchical.NodeTestTask.lambda$executeRecursively$9(NodeTestTask.java:139)
	at org.junit.platform.engine.support.hierarchical.ThrowableCollector.execute(ThrowableCollector.java:73)
	at org.junit.platform.engine.support.hierarchical.NodeTestTask.executeRecursively(NodeTestTask.java:138)
	at org.junit.platform.engine.support.hierarchical.NodeTestTask.execute(NodeTestTask.java:95)
	at java.base/java.util.ArrayList.forEach(ArrayList.java:1511)
	at org.junit.platform.engine.support.hierarchical.SameThreadHierarchicalTestExecutorService.invokeAll(SameThreadHierarchicalTestExecutorService.java:41)
	at org.junit.platform.engine.support.hierarchical.NodeTestTask.lambda$executeRecursively$6(NodeTestTask.java:155)
	at org.junit.platform.engine.support.hierarchical.ThrowableCollector.execute(ThrowableCollector.java:73)
	at org.junit.platform.engine.support.hierarchical.NodeTestTask.lambda$executeRecursively$8(NodeTestTask.java:141)
	at org.junit.platform.engine.support.hierarchical.Node.around(Node.java:137)
	at org.junit.platform.engine.support.hierarchical.NodeTestTask.lambda$executeRecursively$9(NodeTestTask.java:139)
	at org.junit.platform.engine.support.hierarchical.ThrowableCollector.execute(ThrowableCollector.java:73)
	at org.junit.platform.engine.support.hierarchical.NodeTestTask.executeRecursively(NodeTestTask.java:138)
	at org.junit.platform.engine.support.hierarchical.NodeTestTask.execute(NodeTestTask.java:95)
	at java.base/java.util.ArrayList.forEach(ArrayList.java:1511)
	at org.junit.platform.engine.support.hierarchical.SameThreadHierarchicalTestExecutorService.invokeAll(SameThreadHierarchicalTestExecutorService.java:41)
	at org.junit.platform.engine.support.hierarchical.NodeTestTask.lambda$executeRecursively$6(NodeTestTask.java:155)
	at org.junit.platform.engine.support.hierarchical.ThrowableCollector.execute(ThrowableCollector.java:73)
	at org.junit.platform.engine.support.hierarchical.NodeTestTask.lambda$executeRecursively$8(NodeTestTask.java:141)
	at org.junit.platform.engine.support.hierarchical.Node.around(Node.java:137)
	at org.junit.platform.engine.support.hierarchical.NodeTestTask.lambda$executeRecursively$9(NodeTestTask.java:139)
	at org.junit.platform.engine.support.hierarchical.ThrowableCollector.execute(ThrowableCollector.java:73)
	at org.junit.platform.engine.support.hierarchical.NodeTestTask.executeRecursively(NodeTestTask.java:138)
	at org.junit.platform.engine.support.hierarchical.NodeTestTask.execute(NodeTestTask.java:95)
	at org.junit.platform.engine.support.hierarchical.SameThreadHierarchicalTestExecutorService.submit(SameThreadHierarchicalTestExecutorService.java:35)
	at org.junit.platform.engine.support.hierarchical.HierarchicalTestExecutor.execute(HierarchicalTestExecutor.java:57)
	at org.junit.platform.engine.support.hierarchical.HierarchicalTestEngine.execute(HierarchicalTestEngine.java:54)
	at org.junit.platform.launcher.core.EngineExecutionOrchestrator.execute(EngineExecutionOrchestrator.java:147)
	at org.junit.platform.launcher.core.EngineExecutionOrchestrator.execute(EngineExecutionOrchestrator.java:127)
	at org.junit.platform.launcher.core.EngineExecutionOrchestrator.execute(EngineExecutionOrchestrator.java:90)
	at org.junit.platform.launcher.core.EngineExecutionOrchestrator.lambda$execute$0(EngineExecutionOrchestrator.java:55)
	at org.junit.platform.launcher.core.EngineExecutionOrchestrator.withInterceptedStreams(EngineExecutionOrchestrator.java:102)
	at org.junit.platform.launcher.core.EngineExecutionOrchestrator.execute(EngineExecutionOrchestrator.java:54)
	at org.junit.platform.launcher.core.DefaultLauncher.execute(DefaultLauncher.java:114)
	at org.junit.platform.launcher.core.DefaultLauncher.execute(DefaultLauncher.java:86)
	at org.junit.platform.launcher.core.DefaultLauncherSession$DelegatingLauncher.execute(DefaultLauncherSession.java:86)
	at org.apache.maven.surefire.junitplatform.LazyLauncher.execute(LazyLauncher.java:50)
	at org.apache.maven.surefire.junitplatform.JUnitPlatformProvider.execute(JUnitPlatformProvider.java:184)
	at org.apache.maven.surefire.junitplatform.JUnitPlatformProvider.invokeAllTests(JUnitPlatformProvider.java:148)
	at org.apache.maven.surefire.junitplatform.JUnitPlatformProvider.invoke(JUnitPlatformProvider.java:122)
	at org.apache.maven.surefire.booter.ForkedBooter.runSuitesInProcess(ForkedBooter.java:385)
	at org.apache.maven.surefire.booter.ForkedBooter.execute(ForkedBooter.java:162)
	at org.apache.maven.surefire.booter.ForkedBooter.run(ForkedBooter.java:507)
	at org.apache.maven.surefire.booter.ForkedBooter.main(ForkedBooter.java:495)
]]></failure>
    <system-out><![CDATA[2023-07-09 19:13:27,001 INFO  [de.ber.htw.con.TweetController] (executor-thread-0) new tweet: Kamyab verbringt den Urlaub in Czechia
]]></system-out>
  </testcase>
</testsuite>